2020-10-28 00:08:27 -Closing org.springframework.boot.context.embedded.AnnotationConfigEmbeddedWebApplicationContext@6e0dec4a: startup date [Tue Oct 27 22:01:34 CST 2020]; root of context hierarchy
2020-10-28 00:08:27 -Unregistering JMX-exposed beans on shutdown
2020-10-28 00:08:31 -Starting SpringBootUserApplication on lyy-inspiron-5488 with PID 23081 (/home/lyy/IdeaProjects/com.lyy/blog/target/classes started by lyy in /home/lyy/IdeaProjects/com.lyy/blog)
2020-10-28 00:08:31 -No active profile set, falling back to default profiles: default
2020-10-28 00:08:31 -Refreshing org.springframework.boot.context.embedded.AnnotationConfigEmbeddedWebApplicationContext@6e0dec4a: startup date [Wed Oct 28 00:08:31 CST 2020]; root of context hierarchy
2020-10-28 00:08:32 -Multiple Spring Data modules found, entering strict repository configuration mode!
2020-10-28 00:08:32 -Tomcat initialized with port(s): 8080 (http)
2020-10-28 00:08:32 -Root WebApplicationContext: initialization completed in 1222 ms
2020-10-28 00:08:32 -Mapping servlet: 'dispatcherServlet' to [/]
2020-10-28 00:08:32 -Mapping filter: 'characterEncodingFilter' to: [/*]
2020-10-28 00:08:32 -Mapping filter: 'hiddenHttpMethodFilter' to: [/*]
2020-10-28 00:08:32 -Mapping filter: 'httpPutFormContentFilter' to: [/*]
2020-10-28 00:08:32 -Mapping filter: 'requestContextFilter' to: [/*]
2020-10-28 00:08:33 -Looking for @ControllerAdvice: org.springframework.boot.context.embedded.AnnotationConfigEmbeddedWebApplicationContext@6e0dec4a: startup date [Wed Oct 28 00:08:31 CST 2020]; root of context hierarchy
2020-10-28 00:08:33 -Mapped "{[/course/semesterList],methods=[GET]}" onto public cn.org.test.common.ServerResponse cn.org.test.controller.CourseController.getSemesterList(javax.servlet.http.HttpServletResponse)
2020-10-28 00:08:33 -Mapped "{[/course/createApply],methods=[POST]}" onto public cn.org.test.common.ServerResponse cn.org.test.controller.CourseController.createApply(cn.org.test.req.CreateCourseReq,javax.servlet.http.HttpServletResponse)
2020-10-28 00:08:33 -Mapped "{[/tch/applyCreList],methods=[GET]}" onto public cn.org.test.common.ServerResponse cn.org.test.controller.TeacherController.getCreList(java.lang.Integer,javax.servlet.http.HttpServletResponse)
2020-10-28 00:08:33 -Mapped "{[/user/loginPwd],methods=[POST]}" onto public cn.org.test.common.ServerResponse cn.org.test.controller.UserController.loginPwd(java.lang.String,java.lang.String,javax.servlet.http.HttpServletResponse) throws java.io.UnsupportedEncodingException
2020-10-28 00:08:33 -Mapped "{[/user/registerStudent],methods=[POST]}" onto public cn.org.test.common.ServerResponse<cn.org.test.pojo.User> cn.org.test.controller.UserController.registerStudent(cn.org.test.req.RegisterReq,javax.servlet.http.HttpServletRequest)
2020-10-28 00:08:33 -Mapped "{[/user/getMessage],methods=[GET]}" onto public cn.org.test.common.ServerResponse cn.org.test.controller.UserController.getMessage()
2020-10-28 00:08:33 -Mapped "{[/user/verify],methods=[POST]}" onto public cn.org.test.common.ServerResponse<java.lang.String> cn.org.test.controller.UserController.verify(java.lang.String,javax.servlet.http.HttpServletRequest)
2020-10-28 00:08:33 -Mapped "{[/error],produces=[text/html]}" onto public org.springframework.web.servlet.ModelAndView org.springframework.boot.autoconfigure.web.BasicErrorController.errorHtml(javax.servlet.http.HttpServletRequest,javax.servlet.http.HttpServletResponse)
2020-10-28 00:08:33 -Mapped "{[/error]}" onto public org.springframework.http.ResponseEntity<java.util.Map<java.lang.String, java.lang.Object>> org.springframework.boot.autoconfigure.web.BasicErrorController.error(javax.servlet.http.HttpServletRequest)
2020-10-28 00:08:33 -Mapped URL path [/webjars/**] onto handler of type [class org.springframework.web.servlet.resource.ResourceHttpRequestHandler]
2020-10-28 00:08:33 -Mapped URL path [/**] onto handler of type [class org.springframework.web.servlet.resource.ResourceHttpRequestHandler]
2020-10-28 00:08:33 -Mapped URL path [/**/favicon.ico] onto handler of type [class org.springframework.web.servlet.resource.ResourceHttpRequestHandler]
2020-10-28 00:08:33 -Registering beans for JMX exposure on startup
2020-10-28 00:08:33 -Tomcat started on port(s): 8080 (http)
2020-10-28 00:08:33 -Started SpringBootUserApplication in 2.329 seconds (JVM running for 2.828)
2020-10-28 00:08:40 -FrameworkServlet 'dispatcherServlet': initialization started
2020-10-28 00:08:40 -FrameworkServlet 'dispatcherServlet': initialization completed in 8 ms
2020-10-28 00:08:44 -==>  Preparing: SELECT * from USER where address = ? 
2020-10-28 00:08:44 -==> Parameters: 1653611386@qq.com(String)
2020-10-28 00:08:44 -<==      Total: 1
2020-10-28 00:08:44 -==>  Preparing: SELECT * from USER where address = ? 
2020-10-28 00:08:44 -==> Parameters: 1653611386@qq.com(String)
2020-10-28 00:08:44 -<==      Total: 1
2020-10-28 00:08:47 -==>  Preparing: SELECT * from USER where address = ? 
2020-10-28 00:08:47 -==> Parameters: 1653611386@qq.com(String)
2020-10-28 00:08:47 -<==      Total: 1
2020-10-28 00:08:47 -==>  Preparing: SELECT * from USER where address = ? 
2020-10-28 00:08:47 -==> Parameters: 1653611386@qq.com(String)
2020-10-28 00:08:48 -<==      Total: 1
2020-10-28 00:10:06 -==>  Preparing: SELECT * from createApplication WHERE teacherId = ? 
2020-10-28 00:10:06 -==> Parameters: 2(Integer)
2020-10-28 00:10:06 -<==      Total: 5
2020-10-28 00:10:16 -==>  Preparing: SELECT * from createApplication WHERE teacherId = ? 
2020-10-28 00:10:16 -==> Parameters: 2(Integer)
2020-10-28 00:10:16 -<==      Total: 5
2020-10-28 00:10:53 -==>  Preparing: SELECT * from createApplication WHERE teacherId = ? 
2020-10-28 00:10:53 -==> Parameters: 2(Integer)
2020-10-28 00:10:53 -==>  Preparing: INSERT into createApplication(teacherId,name,reason,status,createDate) values(?, ?, ?,?,?) 
2020-10-28 00:10:53 -==> Parameters: 2(Integer), f(String), f(String), 0(Integer), 2020-10-28 00:10:53.379(Timestamp)
2020-10-28 00:10:53 -<==      Total: 5
2020-10-28 00:10:53 -<==    Updates: 1
2020-10-28 00:10:59 -==>  Preparing: SELECT * from createApplication WHERE teacherId = ? 
2020-10-28 00:10:59 -==> Parameters: 2(Integer)
2020-10-28 00:10:59 -<==      Total: 6
2020-10-28 00:11:25 -==>  Preparing: SELECT * from createApplication WHERE teacherId = ? 
2020-10-28 00:11:25 -==> Parameters: 2(Integer)
2020-10-28 00:11:25 -<==      Total: 6
2020-10-28 09:41:34 -==>  Preparing: SELECT * from USER where address = ? 
2020-10-28 09:41:34 -==> Parameters: 1653611386@qq.com(String)
2020-10-28 09:41:34 -<==      Total: 1
2020-10-28 09:41:34 -==>  Preparing: SELECT * from USER where address = ? 
2020-10-28 09:41:34 -==> Parameters: 1653611386@qq.com(String)
2020-10-28 09:41:34 -<==      Total: 1
2020-10-28 09:45:32 -==>  Preparing: SELECT * from createApplication WHERE teacherId = ? 
2020-10-28 09:45:32 -==> Parameters: 2(Integer)
2020-10-28 09:45:32 -<==      Total: 6
2020-10-28 09:45:32 -==>  Preparing: SELECT * from createApplication WHERE teacherId = ? 
2020-10-28 09:45:32 -==> Parameters: 2(Integer)
2020-10-28 09:45:32 -<==      Total: 6
2020-10-28 09:45:43 -==>  Preparing: SELECT * from createApplication WHERE teacherId = ? 
2020-10-28 09:45:43 -==> Parameters: 2(Integer)
2020-10-28 09:45:43 -<==      Total: 6
2020-10-28 09:45:43 -==>  Preparing: SELECT * from createApplication WHERE teacherId = ? 
2020-10-28 09:45:43 -==> Parameters: 2(Integer)
2020-10-28 09:45:43 -<==      Total: 6
2020-10-28 09:47:18 -==>  Preparing: SELECT * from createApplication WHERE teacherId = ? 
2020-10-28 09:47:18 -==> Parameters: 2(Integer)
2020-10-28 09:47:18 -<==      Total: 6
2020-10-28 09:47:18 -==>  Preparing: SELECT * from createApplication WHERE teacherId = ? 
2020-10-28 09:47:18 -==> Parameters: 2(Integer)
2020-10-28 09:47:18 -<==      Total: 6
2020-10-28 09:47:26 -==>  Preparing: SELECT * from createApplication WHERE teacherId = ? 
2020-10-28 09:47:26 -==> Parameters: 2(Integer)
2020-10-28 09:47:26 -<==      Total: 6
2020-10-28 09:47:26 -==>  Preparing: SELECT * from createApplication WHERE teacherId = ? 
2020-10-28 09:47:26 -==> Parameters: 2(Integer)
2020-10-28 09:47:26 -<==      Total: 6
2020-10-28 09:49:51 -==>  Preparing: SELECT * from createApplication WHERE teacherId = ? 
2020-10-28 09:49:51 -==> Parameters: 2(Integer)
2020-10-28 09:49:52 -<==      Total: 6
2020-10-28 09:49:52 -==>  Preparing: SELECT * from createApplication WHERE teacherId = ? 
2020-10-28 09:49:52 -==> Parameters: 2(Integer)
2020-10-28 09:49:52 -<==      Total: 6
2020-10-28 09:49:57 -==>  Preparing: SELECT * from createApplication WHERE teacherId = ? 
2020-10-28 09:49:57 -==> Parameters: 2(Integer)
2020-10-28 09:49:57 -<==      Total: 6
2020-10-28 09:49:57 -==>  Preparing: SELECT * from createApplication WHERE teacherId = ? 
2020-10-28 09:49:57 -==> Parameters: 2(Integer)
2020-10-28 09:49:58 -<==      Total: 6
2020-10-28 09:51:04 -==>  Preparing: SELECT * from createApplication WHERE teacherId = ? 
2020-10-28 09:51:04 -==> Parameters: 2(Integer)
2020-10-28 09:51:04 -<==      Total: 6
2020-10-28 09:51:11 -==>  Preparing: SELECT * from createApplication WHERE teacherId = ? 
2020-10-28 09:51:11 -==> Parameters: 2(Integer)
2020-10-28 09:51:11 -<==      Total: 6
2020-10-28 09:53:06 -==>  Preparing: SELECT * from createApplication WHERE teacherId = ? 
2020-10-28 09:53:06 -==> Parameters: 2(Integer)
2020-10-28 09:53:06 -<==      Total: 6
2020-10-28 10:00:44 -==>  Preparing: SELECT * from createApplication WHERE teacherId = ? 
2020-10-28 10:00:44 -==> Parameters: 2(Integer)
2020-10-28 10:00:44 -<==      Total: 6
2020-10-28 10:00:47 -==>  Preparing: SELECT * from createApplication WHERE teacherId = ? 
2020-10-28 10:00:47 -==> Parameters: 2(Integer)
2020-10-28 10:00:47 -<==      Total: 6
2020-10-28 10:01:34 -==>  Preparing: SELECT * from createApplication WHERE teacherId = ? 
2020-10-28 10:01:34 -==> Parameters: 2(Integer)
2020-10-28 10:01:34 -<==      Total: 3
2020-10-28 10:05:55 -==>  Preparing: SELECT * from createApplication WHERE teacherId = ? 
2020-10-28 10:05:55 -==> Parameters: 2(Integer)
2020-10-28 10:05:56 -<==      Total: 3
2020-10-28 10:06:01 -==>  Preparing: SELECT * from createApplication WHERE teacherId = ? 
2020-10-28 10:06:01 -==> Parameters: 2(Integer)
2020-10-28 10:06:01 -<==      Total: 3
2020-10-28 10:08:37 -==>  Preparing: SELECT * from createApplication WHERE teacherId = ? 
2020-10-28 10:08:37 -==> Parameters: 2(Integer)
2020-10-28 10:08:37 -<==      Total: 3
2020-10-28 10:09:16 -==>  Preparing: SELECT * from createApplication WHERE teacherId = ? 
2020-10-28 10:09:16 -==> Parameters: 2(Integer)
2020-10-28 10:09:16 -<==      Total: 3
2020-10-28 10:10:34 -==>  Preparing: SELECT * from createApplication WHERE teacherId = ? 
2020-10-28 10:10:34 -==> Parameters: 2(Integer)
2020-10-28 10:10:34 -<==      Total: 3
2020-10-28 10:12:44 -==>  Preparing: SELECT * from createApplication WHERE teacherId = ? 
2020-10-28 10:12:44 -==> Parameters: 2(Integer)
2020-10-28 10:12:44 -<==      Total: 3
2020-10-28 10:13:17 -==>  Preparing: SELECT * from createApplication WHERE teacherId = ? 
2020-10-28 10:13:17 -==> Parameters: 2(Integer)
2020-10-28 10:13:17 -<==      Total: 3
2020-10-28 10:13:27 -==>  Preparing: SELECT * from createApplication WHERE teacherId = ? 
2020-10-28 10:13:27 -==> Parameters: 2(Integer)
2020-10-28 10:13:27 -<==      Total: 3
2020-10-28 10:13:52 -==>  Preparing: SELECT * from createApplication WHERE teacherId = ? 
2020-10-28 10:13:52 -==> Parameters: 2(Integer)
2020-10-28 10:13:52 -<==      Total: 3
2020-10-28 10:16:32 -==>  Preparing: SELECT * from createApplication WHERE teacherId = ? 
2020-10-28 10:16:32 -==> Parameters: 2(Integer)
2020-10-28 10:16:32 -<==      Total: 3
2020-10-28 10:17:07 -==>  Preparing: SELECT * from createApplication WHERE teacherId = ? 
2020-10-28 10:17:07 -==> Parameters: 2(Integer)
2020-10-28 10:17:07 -<==      Total: 3
2020-10-28 10:17:37 -==>  Preparing: SELECT * from createApplication WHERE teacherId = ? 
2020-10-28 10:17:37 -==> Parameters: 2(Integer)
2020-10-28 10:17:37 -<==      Total: 3
2020-10-28 10:17:37 -==>  Preparing: INSERT into createApplication(teacherId,name,reason,status,createDate) values(?, ?, ?,?,?) 
2020-10-28 10:17:37 -==> Parameters: 2(Integer), 测试课程3(String), reason here(String), 0(Integer), 2020-10-28 10:17:37.066(Timestamp)
2020-10-28 10:17:37 -<==    Updates: 1
2020-10-28 10:18:03 -==>  Preparing: SELECT * from createApplication WHERE teacherId = ? 
2020-10-28 10:18:03 -==> Parameters: 2(Integer)
2020-10-28 10:18:03 -<==      Total: 4
2020-10-28 10:19:07 -==>  Preparing: SELECT * from createApplication WHERE teacherId = ? 
2020-10-28 10:19:07 -==> Parameters: 2(Integer)
2020-10-28 10:19:07 -<==      Total: 4
2020-10-28 10:19:11 -==>  Preparing: SELECT * from createApplication WHERE teacherId = ? 
2020-10-28 10:19:11 -==> Parameters: 2(Integer)
2020-10-28 10:19:11 -<==      Total: 4
2020-10-28 10:19:24 -==>  Preparing: SELECT * from createApplication WHERE teacherId = ? 
2020-10-28 10:19:24 -==> Parameters: 2(Integer)
2020-10-28 10:19:24 -==>  Preparing: INSERT into createApplication(teacherId,name,reason,status,createDate) values(?, ?, ?,?,?) 
2020-10-28 10:19:24 -==> Parameters: 2(Integer), 测试课程4(String), hd(String), 0(Integer), 2020-10-28 10:19:24.505(Timestamp)
2020-10-28 10:19:24 -<==      Total: 4
2020-10-28 10:19:24 -<==    Updates: 1
2020-10-28 10:20:09 -==>  Preparing: SELECT * from createApplication WHERE teacherId = ? 
2020-10-28 10:20:09 -==> Parameters: 2(Integer)
2020-10-28 10:20:09 -<==      Total: 5
2020-10-28 10:20:14 -==>  Preparing: SELECT * from createApplication WHERE teacherId = ? 
2020-10-28 10:20:14 -==> Parameters: 2(Integer)
2020-10-28 10:20:14 -<==      Total: 5
2020-10-28 10:20:24 -==>  Preparing: SELECT * from createApplication WHERE teacherId = ? 
2020-10-28 10:20:24 -==> Parameters: 2(Integer)
2020-10-28 10:20:24 -==>  Preparing: INSERT into createApplication(teacherId,name,reason,status,createDate) values(?, ?, ?,?,?) 
2020-10-28 10:20:24 -==> Parameters: 2(Integer), 测试课程5(String), ddd(String), 0(Integer), 2020-10-28 10:20:24.073(Timestamp)
2020-10-28 10:20:24 -<==      Total: 5
2020-10-28 10:20:24 -<==    Updates: 1
2020-10-28 10:20:34 -==>  Preparing: SELECT * from createApplication WHERE teacherId = ? 
2020-10-28 10:20:34 -==> Parameters: 2(Integer)
2020-10-28 10:20:34 -<==      Total: 6
2020-10-28 10:23:06 -==>  Preparing: SELECT * from createApplication WHERE teacherId = ? 
2020-10-28 10:23:06 -==> Parameters: 2(Integer)
2020-10-28 10:23:06 -<==      Total: 6
2020-10-28 10:23:12 -==>  Preparing: SELECT * from createApplication WHERE teacherId = ? 
2020-10-28 10:23:12 -==> Parameters: 2(Integer)
2020-10-28 10:23:12 -<==      Total: 6
2020-10-28 10:23:24 -==>  Preparing: INSERT into createApplication(teacherId,name,reason,status,createDate) values(?, ?, ?,?,?) 
2020-10-28 10:23:24 -==> Parameters: 2(Integer), 测试课程6(String), hh(String), 0(Integer), 2020-10-28 10:23:24.596(Timestamp)
2020-10-28 10:23:24 -<==    Updates: 1
2020-10-28 10:23:24 -==>  Preparing: SELECT * from createApplication WHERE teacherId = ? 
2020-10-28 10:23:24 -==> Parameters: 2(Integer)
2020-10-28 10:23:24 -<==      Total: 7
2020-10-28 10:24:17 -==>  Preparing: SELECT * from createApplication WHERE teacherId = ? 
2020-10-28 10:24:17 -==> Parameters: 2(Integer)
2020-10-28 10:24:17 -<==      Total: 4
2020-10-28 10:32:58 -==>  Preparing: SELECT * from createApplication WHERE teacherId = ? 
2020-10-28 10:32:58 -==> Parameters: 2(Integer)
2020-10-28 10:32:58 -<==      Total: 4
2020-10-28 10:41:12 -==>  Preparing: SELECT * from createApplication WHERE teacherId = ? 
2020-10-28 10:41:12 -==> Parameters: 2(Integer)
2020-10-28 10:41:12 -<==      Total: 4
2020-10-28 17:08:13 -Closing org.springframework.boot.context.embedded.AnnotationConfigEmbeddedWebApplicationContext@6e0dec4a: startup date [Wed Oct 28 00:08:31 CST 2020]; root of context hierarchy
2020-10-28 17:08:13 -Unregistering JMX-exposed beans on shutdown
2020-10-28 17:08:19 -Starting SpringBootUserApplication on lyy-inspiron-5488 with PID 2405 (/home/lyy/IdeaProjects/com.lyy/blog/target/classes started by lyy in /home/lyy/IdeaProjects/com.lyy/blog)
2020-10-28 17:08:19 -No active profile set, falling back to default profiles: default
2020-10-28 17:08:19 -Refreshing org.springframework.boot.context.embedded.AnnotationConfigEmbeddedWebApplicationContext@6e0dec4a: startup date [Wed Oct 28 17:08:19 CST 2020]; root of context hierarchy
2020-10-28 17:08:19 -Multiple Spring Data modules found, entering strict repository configuration mode!
2020-10-28 17:08:20 -Tomcat initialized with port(s): 8080 (http)
2020-10-28 17:08:20 -Root WebApplicationContext: initialization completed in 1215 ms
2020-10-28 17:08:20 -Mapping servlet: 'dispatcherServlet' to [/]
2020-10-28 17:08:20 -Mapping filter: 'characterEncodingFilter' to: [/*]
2020-10-28 17:08:20 -Mapping filter: 'hiddenHttpMethodFilter' to: [/*]
2020-10-28 17:08:20 -Mapping filter: 'httpPutFormContentFilter' to: [/*]
2020-10-28 17:08:20 -Mapping filter: 'requestContextFilter' to: [/*]
2020-10-28 17:08:20 -Looking for @ControllerAdvice: org.springframework.boot.context.embedded.AnnotationConfigEmbeddedWebApplicationContext@6e0dec4a: startup date [Wed Oct 28 17:08:19 CST 2020]; root of context hierarchy
2020-10-28 17:08:20 -Mapped "{[/admin/allApplyCreList],methods=[GET]}" onto public cn.org.test.common.ServerResponse cn.org.test.controller.AdminController.getCreList(javax.servlet.http.HttpServletResponse)
2020-10-28 17:08:20 -Mapped "{[/course/createApply],methods=[POST]}" onto public cn.org.test.common.ServerResponse cn.org.test.controller.CourseController.createApply(cn.org.test.req.CreateCourseReq,javax.servlet.http.HttpServletResponse)
2020-10-28 17:08:20 -Mapped "{[/course/semesterList],methods=[GET]}" onto public cn.org.test.common.ServerResponse cn.org.test.controller.CourseController.getSemesterList(javax.servlet.http.HttpServletResponse)
2020-10-28 17:08:20 -Mapped "{[/tch/applyCreList],methods=[GET]}" onto public cn.org.test.common.ServerResponse cn.org.test.controller.TeacherController.getCreList(java.lang.Integer,javax.servlet.http.HttpServletResponse)
2020-10-28 17:08:20 -Mapped "{[/user/loginPwd],methods=[POST]}" onto public cn.org.test.common.ServerResponse cn.org.test.controller.UserController.loginPwd(java.lang.String,java.lang.String,javax.servlet.http.HttpServletResponse) throws java.io.UnsupportedEncodingException
2020-10-28 17:08:20 -Mapped "{[/user/registerStudent],methods=[POST]}" onto public cn.org.test.common.ServerResponse<cn.org.test.pojo.User> cn.org.test.controller.UserController.registerStudent(cn.org.test.req.RegisterReq,javax.servlet.http.HttpServletRequest)
2020-10-28 17:08:20 -Mapped "{[/user/getMessage],methods=[GET]}" onto public cn.org.test.common.ServerResponse cn.org.test.controller.UserController.getMessage()
2020-10-28 17:08:20 -Mapped "{[/user/verify],methods=[POST]}" onto public cn.org.test.common.ServerResponse<java.lang.String> cn.org.test.controller.UserController.verify(java.lang.String,javax.servlet.http.HttpServletRequest)
2020-10-28 17:08:20 -Mapped "{[/error],produces=[text/html]}" onto public org.springframework.web.servlet.ModelAndView org.springframework.boot.autoconfigure.web.BasicErrorController.errorHtml(javax.servlet.http.HttpServletRequest,javax.servlet.http.HttpServletResponse)
2020-10-28 17:08:20 -Mapped "{[/error]}" onto public org.springframework.http.ResponseEntity<java.util.Map<java.lang.String, java.lang.Object>> org.springframework.boot.autoconfigure.web.BasicErrorController.error(javax.servlet.http.HttpServletRequest)
2020-10-28 17:08:20 -Mapped URL path [/webjars/**] onto handler of type [class org.springframework.web.servlet.resource.ResourceHttpRequestHandler]
2020-10-28 17:08:20 -Mapped URL path [/**] onto handler of type [class org.springframework.web.servlet.resource.ResourceHttpRequestHandler]
2020-10-28 17:08:20 -Mapped URL path [/**/favicon.ico] onto handler of type [class org.springframework.web.servlet.resource.ResourceHttpRequestHandler]
2020-10-28 17:08:21 -Registering beans for JMX exposure on startup
2020-10-28 17:08:21 -Tomcat started on port(s): 8080 (http)
2020-10-28 17:08:21 -Started SpringBootUserApplication in 2.373 seconds (JVM running for 2.833)
2020-10-28 17:08:32 -FrameworkServlet 'dispatcherServlet': initialization started
2020-10-28 17:08:32 -FrameworkServlet 'dispatcherServlet': initialization completed in 10 ms
2020-10-28 17:08:35 -==>  Preparing: SELECT user_name,name,reason,createDate,status from SC2.createApplication t1 left join SC2.USER t2 on t2.id = t1.teacherId order by createDate desc; 
2020-10-28 17:08:35 -==> Parameters: 
2020-10-28 17:08:35 -<==      Total: 4
2020-10-28 17:08:35 -Servlet.service() for servlet [dispatcherServlet] in context with path [] threw exception [Request processing failed; nested exception is java.lang.NullPointerException] with root cause
java.lang.NullPointerException: null
	at java.util.Calendar.setTime(Calendar.java:1770)
	at java.text.SimpleDateFormat.format(SimpleDateFormat.java:943)
	at java.text.SimpleDateFormat.format(SimpleDateFormat.java:936)
	at java.text.DateFormat.format(DateFormat.java:345)
	at cn.org.test.controller.AdminController.getCreList(AdminController.java:53)
	at sun.reflect.NativeMethodAccessorImpl.invoke0(Native Method)
	at sun.reflect.NativeMethodAccessorImpl.invoke(NativeMethodAccessorImpl.java:62)
	at sun.reflect.DelegatingMethodAccessorImpl.invoke(DelegatingMethodAccessorImpl.java:43)
	at java.lang.reflect.Method.invoke(Method.java:498)
	at org.springframework.web.method.support.InvocableHandlerMethod.doInvoke(InvocableHandlerMethod.java:205)
	at org.springframework.web.method.support.InvocableHandlerMethod.invokeForRequest(InvocableHandlerMethod.java:133)
	at org.springframework.web.servlet.mvc.method.annotation.ServletInvocableHandlerMethod.invokeAndHandle(ServletInvocableHandlerMethod.java:97)
	at org.springframework.web.servlet.mvc.method.annotation.RequestMappingHandlerAdapter.invokeHandlerMethod(RequestMappingHandlerAdapter.java:827)
	at org.springframework.web.servlet.mvc.method.annotation.RequestMappingHandlerAdapter.handleInternal(RequestMappingHandlerAdapter.java:738)
	at org.springframework.web.servlet.mvc.method.AbstractHandlerMethodAdapter.handle(AbstractHandlerMethodAdapter.java:85)
	at org.springframework.web.servlet.DispatcherServlet.doDispatch(DispatcherServlet.java:963)
	at org.springframework.web.servlet.DispatcherServlet.doService(DispatcherServlet.java:897)
	at org.springframework.web.servlet.FrameworkServlet.processRequest(FrameworkServlet.java:970)
	at org.springframework.web.servlet.FrameworkServlet.doGet(FrameworkServlet.java:861)
	at javax.servlet.http.HttpServlet.service(HttpServlet.java:635)
	at org.springframework.web.servlet.FrameworkServlet.service(FrameworkServlet.java:846)
	at javax.servlet.http.HttpServlet.service(HttpServlet.java:742)
	at org.apache.catalina.core.ApplicationFilterChain.internalDoFilter(ApplicationFilterChain.java:231)
	at org.apache.catalina.core.ApplicationFilterChain.doFilter(ApplicationFilterChain.java:166)
	at org.apache.tomcat.websocket.server.WsFilter.doFilter(WsFilter.java:52)
	at org.apache.catalina.core.ApplicationFilterChain.internalDoFilter(ApplicationFilterChain.java:193)
	at org.apache.catalina.core.ApplicationFilterChain.doFilter(ApplicationFilterChain.java:166)
	at org.springframework.web.filter.RequestContextFilter.doFilterInternal(RequestContextFilter.java:99)
	at org.springframework.web.filter.OncePerRequestFilter.doFilter(OncePerRequestFilter.java:107)
	at org.apache.catalina.core.ApplicationFilterChain.internalDoFilter(ApplicationFilterChain.java:193)
	at org.apache.catalina.core.ApplicationFilterChain.doFilter(ApplicationFilterChain.java:166)
	at org.springframework.web.filter.HttpPutFormContentFilter.doFilterInternal(HttpPutFormContentFilter.java:105)
	at org.springframework.web.filter.OncePerRequestFilter.doFilter(OncePerRequestFilter.java:107)
	at org.apache.catalina.core.ApplicationFilterChain.internalDoFilter(ApplicationFilterChain.java:193)
	at org.apache.catalina.core.ApplicationFilterChain.doFilter(ApplicationFilterChain.java:166)
	at org.springframework.web.filter.HiddenHttpMethodFilter.doFilterInternal(HiddenHttpMethodFilter.java:81)
	at org.springframework.web.filter.OncePerRequestFilter.doFilter(OncePerRequestFilter.java:107)
	at org.apache.catalina.core.ApplicationFilterChain.internalDoFilter(ApplicationFilterChain.java:193)
	at org.apache.catalina.core.ApplicationFilterChain.doFilter(ApplicationFilterChain.java:166)
	at org.springframework.web.filter.CharacterEncodingFilter.doFilterInternal(CharacterEncodingFilter.java:197)
	at org.springframework.web.filter.OncePerRequestFilter.doFilter(OncePerRequestFilter.java:107)
	at org.apache.catalina.core.ApplicationFilterChain.internalDoFilter(ApplicationFilterChain.java:193)
	at org.apache.catalina.core.ApplicationFilterChain.doFilter(ApplicationFilterChain.java:166)
	at org.apache.catalina.core.StandardWrapperValve.invoke(StandardWrapperValve.java:198)
	at org.apache.catalina.core.StandardContextValve.invoke(StandardContextValve.java:96)
	at org.apache.catalina.authenticator.AuthenticatorBase.invoke(AuthenticatorBase.java:478)
	at org.apache.catalina.core.StandardHostValve.invoke(StandardHostValve.java:140)
	at org.apache.catalina.valves.ErrorReportValve.invoke(ErrorReportValve.java:80)
	at org.apache.catalina.core.StandardEngineValve.invoke(StandardEngineValve.java:87)
	at org.apache.catalina.connector.CoyoteAdapter.service(CoyoteAdapter.java:342)
	at org.apache.coyote.http11.Http11Processor.service(Http11Processor.java:799)
	at org.apache.coyote.AbstractProcessorLight.process(AbstractProcessorLight.java:66)
	at org.apache.coyote.AbstractProtocol$ConnectionHandler.process(AbstractProtocol.java:861)
	at org.apache.tomcat.util.net.NioEndpoint$SocketProcessor.doRun(NioEndpoint.java:1455)
	at org.apache.tomcat.util.net.SocketProcessorBase.run(SocketProcessorBase.java:49)
	at java.util.concurrent.ThreadPoolExecutor.runWorker(ThreadPoolExecutor.java:1149)
	at java.util.concurrent.ThreadPoolExecutor$Worker.run(ThreadPoolExecutor.java:624)
	at org.apache.tomcat.util.threads.TaskThread$WrappingRunnable.run(TaskThread.java:61)
	at java.lang.Thread.run(Thread.java:748)
2020-10-28 17:09:37 -Closing org.springframework.boot.context.embedded.AnnotationConfigEmbeddedWebApplicationContext@6e0dec4a: startup date [Wed Oct 28 17:08:19 CST 2020]; root of context hierarchy
2020-10-28 17:09:37 -Unregistering JMX-exposed beans on shutdown
2020-10-28 17:09:40 -Starting SpringBootUserApplication on lyy-inspiron-5488 with PID 2552 (/home/lyy/IdeaProjects/com.lyy/blog/target/classes started by lyy in /home/lyy/IdeaProjects/com.lyy/blog)
2020-10-28 17:09:40 -No active profile set, falling back to default profiles: default
2020-10-28 17:09:40 -Refreshing org.springframework.boot.context.embedded.AnnotationConfigEmbeddedWebApplicationContext@6e0dec4a: startup date [Wed Oct 28 17:09:40 CST 2020]; root of context hierarchy
2020-10-28 17:09:40 -Multiple Spring Data modules found, entering strict repository configuration mode!
2020-10-28 17:09:41 -Tomcat initialized with port(s): 8080 (http)
2020-10-28 17:09:41 -Root WebApplicationContext: initialization completed in 1552 ms
2020-10-28 17:09:41 -Mapping servlet: 'dispatcherServlet' to [/]
2020-10-28 17:09:41 -Mapping filter: 'characterEncodingFilter' to: [/*]
2020-10-28 17:09:41 -Mapping filter: 'hiddenHttpMethodFilter' to: [/*]
2020-10-28 17:09:41 -Mapping filter: 'httpPutFormContentFilter' to: [/*]
2020-10-28 17:09:41 -Mapping filter: 'requestContextFilter' to: [/*]
2020-10-28 17:09:42 -Looking for @ControllerAdvice: org.springframework.boot.context.embedded.AnnotationConfigEmbeddedWebApplicationContext@6e0dec4a: startup date [Wed Oct 28 17:09:40 CST 2020]; root of context hierarchy
2020-10-28 17:09:42 -Mapped "{[/admin/allApplyCreList],methods=[GET]}" onto public cn.org.test.common.ServerResponse cn.org.test.controller.AdminController.getCreList(javax.servlet.http.HttpServletResponse)
2020-10-28 17:09:42 -Mapped "{[/course/semesterList],methods=[GET]}" onto public cn.org.test.common.ServerResponse cn.org.test.controller.CourseController.getSemesterList(javax.servlet.http.HttpServletResponse)
2020-10-28 17:09:42 -Mapped "{[/course/createApply],methods=[POST]}" onto public cn.org.test.common.ServerResponse cn.org.test.controller.CourseController.createApply(cn.org.test.req.CreateCourseReq,javax.servlet.http.HttpServletResponse)
2020-10-28 17:09:42 -Mapped "{[/tch/applyCreList],methods=[GET]}" onto public cn.org.test.common.ServerResponse cn.org.test.controller.TeacherController.getCreList(java.lang.Integer,javax.servlet.http.HttpServletResponse)
2020-10-28 17:09:42 -Mapped "{[/user/loginPwd],methods=[POST]}" onto public cn.org.test.common.ServerResponse cn.org.test.controller.UserController.loginPwd(java.lang.String,java.lang.String,javax.servlet.http.HttpServletResponse) throws java.io.UnsupportedEncodingException
2020-10-28 17:09:42 -Mapped "{[/user/registerStudent],methods=[POST]}" onto public cn.org.test.common.ServerResponse<cn.org.test.pojo.User> cn.org.test.controller.UserController.registerStudent(cn.org.test.req.RegisterReq,javax.servlet.http.HttpServletRequest)
2020-10-28 17:09:42 -Mapped "{[/user/getMessage],methods=[GET]}" onto public cn.org.test.common.ServerResponse cn.org.test.controller.UserController.getMessage()
2020-10-28 17:09:42 -Mapped "{[/user/verify],methods=[POST]}" onto public cn.org.test.common.ServerResponse<java.lang.String> cn.org.test.controller.UserController.verify(java.lang.String,javax.servlet.http.HttpServletRequest)
2020-10-28 17:09:42 -Mapped "{[/error],produces=[text/html]}" onto public org.springframework.web.servlet.ModelAndView org.springframework.boot.autoconfigure.web.BasicErrorController.errorHtml(javax.servlet.http.HttpServletRequest,javax.servlet.http.HttpServletResponse)
2020-10-28 17:09:42 -Mapped "{[/error]}" onto public org.springframework.http.ResponseEntity<java.util.Map<java.lang.String, java.lang.Object>> org.springframework.boot.autoconfigure.web.BasicErrorController.error(javax.servlet.http.HttpServletRequest)
2020-10-28 17:09:42 -Mapped URL path [/webjars/**] onto handler of type [class org.springframework.web.servlet.resource.ResourceHttpRequestHandler]
2020-10-28 17:09:42 -Mapped URL path [/**] onto handler of type [class org.springframework.web.servlet.resource.ResourceHttpRequestHandler]
2020-10-28 17:09:42 -Mapped URL path [/**/favicon.ico] onto handler of type [class org.springframework.web.servlet.resource.ResourceHttpRequestHandler]
2020-10-28 17:09:42 -Registering beans for JMX exposure on startup
2020-10-28 17:09:42 -Tomcat started on port(s): 8080 (http)
2020-10-28 17:09:42 -Started SpringBootUserApplication in 2.635 seconds (JVM running for 3.031)
2020-10-28 17:09:44 -FrameworkServlet 'dispatcherServlet': initialization started
2020-10-28 17:09:44 -FrameworkServlet 'dispatcherServlet': initialization completed in 9 ms
2020-10-28 17:09:47 -==>  Preparing: SELECT user_name,name,reason,createDate,status from SC2.createApplication t1 left join SC2.USER t2 on t2.id = t1.teacherId order by createDate desc; 
2020-10-28 17:09:47 -==> Parameters: 
2020-10-28 17:09:47 -<==      Total: 4
2020-10-28 17:13:19 -==>  Preparing: SELECT user_name,name,reason,createDate,status from SC2.createApplication t1 left join SC2.USER t2 on t2.id = t1.teacherId order by createDate desc; 
2020-10-28 17:13:19 -==> Parameters: 
2020-10-28 17:13:19 -<==      Total: 4
2020-10-28 17:13:42 -==>  Preparing: SELECT user_name,name,reason,createDate,status from SC2.createApplication t1 left join SC2.USER t2 on t2.id = t1.teacherId order by createDate desc; 
2020-10-28 17:13:42 -==> Parameters: 
2020-10-28 17:13:42 -<==      Total: 4
2020-10-28 17:25:02 -==>  Preparing: SELECT user_name,name,reason,createDate,status from SC2.createApplication t1 left join SC2.USER t2 on t2.id = t1.teacherId order by createDate desc; 
2020-10-28 17:25:02 -==> Parameters: 
2020-10-28 17:25:02 -<==      Total: 4
2020-10-28 17:25:07 -==>  Preparing: SELECT user_name,name,reason,createDate,status from SC2.createApplication t1 left join SC2.USER t2 on t2.id = t1.teacherId order by createDate desc; 
2020-10-28 17:25:07 -==> Parameters: 
2020-10-28 17:25:07 -<==      Total: 4
2020-10-28 17:25:22 -==>  Preparing: SELECT user_name,name,reason,createDate,status from SC2.createApplication t1 left join SC2.USER t2 on t2.id = t1.teacherId order by createDate desc; 
2020-10-28 17:25:22 -==> Parameters: 
2020-10-28 17:25:22 -<==      Total: 4
2020-10-28 17:28:20 -==>  Preparing: SELECT user_name,name,reason,createDate,status from SC2.createApplication t1 left join SC2.USER t2 on t2.id = t1.teacherId order by createDate desc; 
2020-10-28 17:28:20 -==> Parameters: 
2020-10-28 17:28:20 -<==      Total: 4
2020-10-28 17:29:35 -==>  Preparing: SELECT user_name,name,reason,createDate,status from SC2.createApplication t1 left join SC2.USER t2 on t2.id = t1.teacherId order by createDate desc; 
2020-10-28 17:29:35 -==> Parameters: 
2020-10-28 17:29:36 -<==      Total: 4
2020-10-28 17:30:20 -==>  Preparing: SELECT user_name,name,reason,createDate,status from SC2.createApplication t1 left join SC2.USER t2 on t2.id = t1.teacherId order by createDate desc; 
2020-10-28 17:30:20 -==> Parameters: 
2020-10-28 17:30:20 -<==      Total: 4
2020-10-28 17:31:07 -==>  Preparing: SELECT user_name,name,reason,createDate,status from SC2.createApplication t1 left join SC2.USER t2 on t2.id = t1.teacherId order by createDate desc; 
2020-10-28 17:31:07 -==> Parameters: 
2020-10-28 17:31:08 -<==      Total: 4
2020-10-28 17:31:17 -==>  Preparing: SELECT user_name,name,reason,createDate,status from SC2.createApplication t1 left join SC2.USER t2 on t2.id = t1.teacherId order by createDate desc; 
2020-10-28 17:31:17 -==> Parameters: 
2020-10-28 17:31:17 -<==      Total: 4
2020-10-28 17:31:58 -==>  Preparing: SELECT user_name,name,reason,createDate,status from SC2.createApplication t1 left join SC2.USER t2 on t2.id = t1.teacherId order by createDate desc; 
2020-10-28 17:31:58 -==> Parameters: 
2020-10-28 17:31:58 -<==      Total: 4
2020-10-28 17:32:49 -==>  Preparing: SELECT user_name,name,reason,createDate,status from SC2.createApplication t1 left join SC2.USER t2 on t2.id = t1.teacherId order by createDate desc; 
2020-10-28 17:32:49 -==> Parameters: 
2020-10-28 17:32:49 -<==      Total: 4
2020-10-28 17:34:11 -==>  Preparing: SELECT user_name,name,reason,createDate,status from SC2.createApplication t1 left join SC2.USER t2 on t2.id = t1.teacherId order by createDate desc; 
2020-10-28 17:34:11 -==> Parameters: 
2020-10-28 17:34:11 -<==      Total: 4
2020-10-28 17:34:42 -==>  Preparing: SELECT user_name,name,reason,createDate,status from SC2.createApplication t1 left join SC2.USER t2 on t2.id = t1.teacherId order by createDate desc; 
2020-10-28 17:34:42 -==> Parameters: 
2020-10-28 17:34:42 -<==      Total: 4
2020-10-28 17:35:06 -==>  Preparing: SELECT user_name,name,reason,createDate,status from SC2.createApplication t1 left join SC2.USER t2 on t2.id = t1.teacherId order by createDate desc; 
2020-10-28 17:35:06 -==> Parameters: 
2020-10-28 17:35:06 -<==      Total: 4
2020-10-28 17:35:14 -==>  Preparing: SELECT user_name,name,reason,createDate,status from SC2.createApplication t1 left join SC2.USER t2 on t2.id = t1.teacherId order by createDate desc; 
2020-10-28 17:35:14 -==> Parameters: 
2020-10-28 17:35:14 -<==      Total: 4
2020-10-28 17:35:23 -==>  Preparing: SELECT user_name,name,reason,createDate,status from SC2.createApplication t1 left join SC2.USER t2 on t2.id = t1.teacherId order by createDate desc; 
2020-10-28 17:35:23 -==> Parameters: 
2020-10-28 17:35:23 -<==      Total: 4
2020-10-28 17:35:50 -==>  Preparing: SELECT user_name,name,reason,createDate,status from SC2.createApplication t1 left join SC2.USER t2 on t2.id = t1.teacherId order by createDate desc; 
2020-10-28 17:35:50 -==> Parameters: 
2020-10-28 17:35:50 -<==      Total: 4
2020-10-28 17:36:00 -==>  Preparing: SELECT user_name,name,reason,createDate,status from SC2.createApplication t1 left join SC2.USER t2 on t2.id = t1.teacherId order by createDate desc; 
2020-10-28 17:36:00 -==> Parameters: 
2020-10-28 17:36:00 -<==      Total: 4
2020-10-28 17:37:29 -==>  Preparing: SELECT user_name,name,reason,createDate,status from SC2.createApplication t1 left join SC2.USER t2 on t2.id = t1.teacherId order by createDate desc; 
2020-10-28 17:37:29 -==> Parameters: 
2020-10-28 17:37:29 -<==      Total: 4
