2020-10-22 00:22:26 -==>  Preparing: SELECT * from USER where address = ? 
2020-10-22 00:22:26 -==> Parameters: 158688080504@163.com(String)
2020-10-22 00:22:26 -<==      Total: 0
2020-10-22 00:24:43 -Closing org.springframework.boot.context.embedded.AnnotationConfigEmbeddedWebApplicationContext@2b6faea6: startup date [Tue Oct 20 00:20:31 CST 2020]; root of context hierarchy
2020-10-22 00:24:43 -Unregistering JMX-exposed beans on shutdown
2020-10-22 00:24:53 -Starting SpringBootUserApplication on lyy-inspiron-5488 with PID 27298 (/home/lyy/IdeaProjects/com.lyy/blog/target/classes started by lyy in /home/lyy/IdeaProjects/com.lyy/blog)
2020-10-22 00:24:53 -No active profile set, falling back to default profiles: default
2020-10-22 00:24:53 -Refreshing org.springframework.boot.context.embedded.AnnotationConfigEmbeddedWebApplicationContext@6d167f58: startup date [Thu Oct 22 00:24:53 CST 2020]; root of context hierarchy
2020-10-22 00:24:54 -Multiple Spring Data modules found, entering strict repository configuration mode!
2020-10-22 00:24:54 -Tomcat initialized with port(s): 8080 (http)
2020-10-22 00:24:55 -Root WebApplicationContext: initialization completed in 1358 ms
2020-10-22 00:24:55 -Mapping servlet: 'dispatcherServlet' to [/]
2020-10-22 00:24:55 -Mapping filter: 'characterEncodingFilter' to: [/*]
2020-10-22 00:24:55 -Mapping filter: 'hiddenHttpMethodFilter' to: [/*]
2020-10-22 00:24:55 -Mapping filter: 'httpPutFormContentFilter' to: [/*]
2020-10-22 00:24:55 -Mapping filter: 'requestContextFilter' to: [/*]
2020-10-22 00:24:56 -Looking for @ControllerAdvice: org.springframework.boot.context.embedded.AnnotationConfigEmbeddedWebApplicationContext@6d167f58: startup date [Thu Oct 22 00:24:53 CST 2020]; root of context hierarchy
2020-10-22 00:24:56 -Mapped "{[/user/registerStudent],methods=[POST]}" onto public cn.org.test.common.ServerResponse<cn.org.test.pojo.User> cn.org.test.controller.UserController.registerStudent(cn.org.test.req.RegisterReq,javax.servlet.http.HttpServletRequest)
2020-10-22 00:24:56 -Mapped "{[/user/loginPwd],methods=[POST]}" onto public cn.org.test.common.ServerResponse<com.alibaba.fastjson.JSONObject> cn.org.test.controller.UserController.loginPwd(java.lang.String,java.lang.String,javax.servlet.http.HttpServletResponse) throws java.io.UnsupportedEncodingException
2020-10-22 00:24:56 -Mapped "{[/user/verify],methods=[POST]}" onto public cn.org.test.common.ServerResponse<java.lang.String> cn.org.test.controller.UserController.verify(java.lang.String,javax.servlet.http.HttpServletRequest)
2020-10-22 00:24:56 -Mapped "{[/error],produces=[text/html]}" onto public org.springframework.web.servlet.ModelAndView org.springframework.boot.autoconfigure.web.BasicErrorController.errorHtml(javax.servlet.http.HttpServletRequest,javax.servlet.http.HttpServletResponse)
2020-10-22 00:24:56 -Mapped "{[/error]}" onto public org.springframework.http.ResponseEntity<java.util.Map<java.lang.String, java.lang.Object>> org.springframework.boot.autoconfigure.web.BasicErrorController.error(javax.servlet.http.HttpServletRequest)
2020-10-22 00:24:56 -Mapped URL path [/webjars/**] onto handler of type [class org.springframework.web.servlet.resource.ResourceHttpRequestHandler]
2020-10-22 00:24:56 -Mapped URL path [/**] onto handler of type [class org.springframework.web.servlet.resource.ResourceHttpRequestHandler]
2020-10-22 00:24:56 -Mapped URL path [/**/favicon.ico] onto handler of type [class org.springframework.web.servlet.resource.ResourceHttpRequestHandler]
2020-10-22 00:24:56 -Registering beans for JMX exposure on startup
2020-10-22 00:24:56 -Tomcat started on port(s): 8080 (http)
2020-10-22 00:24:56 -Started SpringBootUserApplication in 3.348 seconds (JVM running for 4.969)
2020-10-22 00:25:11 -FrameworkServlet 'dispatcherServlet': initialization started
2020-10-22 00:25:11 -FrameworkServlet 'dispatcherServlet': initialization completed in 14 ms
2020-10-22 00:25:40 -==>  Preparing: SELECT * from USER where address = ? 
2020-10-22 00:25:40 -==> Parameters: 158688080504@163.com(String)
2020-10-22 00:25:41 -<==      Total: 0
2020-10-22 00:28:15 -Servlet.service() for servlet [dispatcherServlet] in context with path [] threw exception [Request processing failed; nested exception is java.lang.NullPointerException] with root cause
java.lang.NullPointerException: null
	at cn.org.test.controller.UserController.loginPwd(UserController.java:50)
	at sun.reflect.NativeMethodAccessorImpl.invoke0(Native Method)
	at sun.reflect.NativeMethodAccessorImpl.invoke(NativeMethodAccessorImpl.java:62)
	at sun.reflect.DelegatingMethodAccessorImpl.invoke(DelegatingMethodAccessorImpl.java:43)
	at java.lang.reflect.Method.invoke(Method.java:498)
	at org.springframework.web.method.support.InvocableHandlerMethod.doInvoke(InvocableHandlerMethod.java:205)
	at org.springframework.web.method.support.InvocableHandlerMethod.invokeForRequest(InvocableHandlerMethod.java:133)
	at org.springframework.web.servlet.mvc.method.annotation.ServletInvocableHandlerMethod.invokeAndHandle(ServletInvocableHandlerMethod.java:97)
	at org.springframework.web.servlet.mvc.method.annotation.RequestMappingHandlerAdapter.invokeHandlerMethod(RequestMappingHandlerAdapter.java:827)
	at org.springframework.web.servlet.mvc.method.annotation.RequestMappingHandlerAdapter.handleInternal(RequestMappingHandlerAdapter.java:738)
	at org.springframework.web.servlet.mvc.method.AbstractHandlerMethodAdapter.handle(AbstractHandlerMethodAdapter.java:85)
	at org.springframework.web.servlet.DispatcherServlet.doDispatch(DispatcherServlet.java:963)
	at org.springframework.web.servlet.DispatcherServlet.doService(DispatcherServlet.java:897)
	at org.springframework.web.servlet.FrameworkServlet.processRequest(FrameworkServlet.java:970)
	at org.springframework.web.servlet.FrameworkServlet.doPost(FrameworkServlet.java:872)
	at javax.servlet.http.HttpServlet.service(HttpServlet.java:661)
	at org.springframework.web.servlet.FrameworkServlet.service(FrameworkServlet.java:846)
	at javax.servlet.http.HttpServlet.service(HttpServlet.java:742)
	at org.apache.catalina.core.ApplicationFilterChain.internalDoFilter(ApplicationFilterChain.java:231)
	at org.apache.catalina.core.ApplicationFilterChain.doFilter(ApplicationFilterChain.java:166)
	at org.apache.tomcat.websocket.server.WsFilter.doFilter(WsFilter.java:52)
	at org.apache.catalina.core.ApplicationFilterChain.internalDoFilter(ApplicationFilterChain.java:193)
	at org.apache.catalina.core.ApplicationFilterChain.doFilter(ApplicationFilterChain.java:166)
	at org.springframework.web.filter.RequestContextFilter.doFilterInternal(RequestContextFilter.java:99)
	at org.springframework.web.filter.OncePerRequestFilter.doFilter(OncePerRequestFilter.java:107)
	at org.apache.catalina.core.ApplicationFilterChain.internalDoFilter(ApplicationFilterChain.java:193)
	at org.apache.catalina.core.ApplicationFilterChain.doFilter(ApplicationFilterChain.java:166)
	at org.springframework.web.filter.HttpPutFormContentFilter.doFilterInternal(HttpPutFormContentFilter.java:105)
	at org.springframework.web.filter.OncePerRequestFilter.doFilter(OncePerRequestFilter.java:107)
	at org.apache.catalina.core.ApplicationFilterChain.internalDoFilter(ApplicationFilterChain.java:193)
	at org.apache.catalina.core.ApplicationFilterChain.doFilter(ApplicationFilterChain.java:166)
	at org.springframework.web.filter.HiddenHttpMethodFilter.doFilterInternal(HiddenHttpMethodFilter.java:81)
	at org.springframework.web.filter.OncePerRequestFilter.doFilter(OncePerRequestFilter.java:107)
	at org.apache.catalina.core.ApplicationFilterChain.internalDoFilter(ApplicationFilterChain.java:193)
	at org.apache.catalina.core.ApplicationFilterChain.doFilter(ApplicationFilterChain.java:166)
	at org.springframework.web.filter.CharacterEncodingFilter.doFilterInternal(CharacterEncodingFilter.java:197)
	at org.springframework.web.filter.OncePerRequestFilter.doFilter(OncePerRequestFilter.java:107)
	at org.apache.catalina.core.ApplicationFilterChain.internalDoFilter(ApplicationFilterChain.java:193)
	at org.apache.catalina.core.ApplicationFilterChain.doFilter(ApplicationFilterChain.java:166)
	at org.apache.catalina.core.StandardWrapperValve.invoke(StandardWrapperValve.java:198)
	at org.apache.catalina.core.StandardContextValve.invoke(StandardContextValve.java:96)
	at org.apache.catalina.authenticator.AuthenticatorBase.invoke(AuthenticatorBase.java:478)
	at org.apache.catalina.core.StandardHostValve.invoke(StandardHostValve.java:140)
	at org.apache.catalina.valves.ErrorReportValve.invoke(ErrorReportValve.java:80)
	at org.apache.catalina.core.StandardEngineValve.invoke(StandardEngineValve.java:87)
	at org.apache.catalina.connector.CoyoteAdapter.service(CoyoteAdapter.java:342)
	at org.apache.coyote.http11.Http11Processor.service(Http11Processor.java:799)
	at org.apache.coyote.AbstractProcessorLight.process(AbstractProcessorLight.java:66)
	at org.apache.coyote.AbstractProtocol$ConnectionHandler.process(AbstractProtocol.java:861)
	at org.apache.tomcat.util.net.NioEndpoint$SocketProcessor.doRun(NioEndpoint.java:1455)
	at org.apache.tomcat.util.net.SocketProcessorBase.run(SocketProcessorBase.java:49)
	at java.util.concurrent.ThreadPoolExecutor.runWorker(ThreadPoolExecutor.java:1149)
	at java.util.concurrent.ThreadPoolExecutor$Worker.run(ThreadPoolExecutor.java:624)
	at org.apache.tomcat.util.threads.TaskThread$WrappingRunnable.run(TaskThread.java:61)
	at java.lang.Thread.run(Thread.java:748)
2020-10-22 00:28:15 -Closing org.springframework.boot.context.embedded.AnnotationConfigEmbeddedWebApplicationContext@6d167f58: startup date [Thu Oct 22 00:24:53 CST 2020]; root of context hierarchy
2020-10-22 00:28:15 -Unregistering JMX-exposed beans on shutdown
2020-10-22 00:28:19 -Starting SpringBootUserApplication on lyy-inspiron-5488 with PID 27465 (/home/lyy/IdeaProjects/com.lyy/blog/target/classes started by lyy in /home/lyy/IdeaProjects/com.lyy/blog)
2020-10-22 00:28:20 -No active profile set, falling back to default profiles: default
2020-10-22 00:28:20 -Refreshing org.springframework.boot.context.embedded.AnnotationConfigEmbeddedWebApplicationContext@6d167f58: startup date [Thu Oct 22 00:28:20 CST 2020]; root of context hierarchy
2020-10-22 00:28:20 -Multiple Spring Data modules found, entering strict repository configuration mode!
2020-10-22 00:28:21 -Tomcat initialized with port(s): 8080 (http)
2020-10-22 00:28:21 -Root WebApplicationContext: initialization completed in 1175 ms
2020-10-22 00:28:21 -Mapping servlet: 'dispatcherServlet' to [/]
2020-10-22 00:28:21 -Mapping filter: 'characterEncodingFilter' to: [/*]
2020-10-22 00:28:21 -Mapping filter: 'hiddenHttpMethodFilter' to: [/*]
2020-10-22 00:28:21 -Mapping filter: 'httpPutFormContentFilter' to: [/*]
2020-10-22 00:28:21 -Mapping filter: 'requestContextFilter' to: [/*]
2020-10-22 00:28:21 -Looking for @ControllerAdvice: org.springframework.boot.context.embedded.AnnotationConfigEmbeddedWebApplicationContext@6d167f58: startup date [Thu Oct 22 00:28:20 CST 2020]; root of context hierarchy
2020-10-22 00:28:21 -Mapped "{[/user/registerStudent],methods=[POST]}" onto public cn.org.test.common.ServerResponse<cn.org.test.pojo.User> cn.org.test.controller.UserController.registerStudent(cn.org.test.req.RegisterReq,javax.servlet.http.HttpServletRequest)
2020-10-22 00:28:21 -Mapped "{[/user/loginPwd],methods=[POST]}" onto public cn.org.test.common.ServerResponse<com.alibaba.fastjson.JSONObject> cn.org.test.controller.UserController.loginPwd(java.lang.String,java.lang.String,javax.servlet.http.HttpServletResponse) throws java.io.UnsupportedEncodingException
2020-10-22 00:28:21 -Mapped "{[/user/verify],methods=[POST]}" onto public cn.org.test.common.ServerResponse<java.lang.String> cn.org.test.controller.UserController.verify(java.lang.String,javax.servlet.http.HttpServletRequest)
2020-10-22 00:28:21 -Mapped "{[/error],produces=[text/html]}" onto public org.springframework.web.servlet.ModelAndView org.springframework.boot.autoconfigure.web.BasicErrorController.errorHtml(javax.servlet.http.HttpServletRequest,javax.servlet.http.HttpServletResponse)
2020-10-22 00:28:21 -Mapped "{[/error]}" onto public org.springframework.http.ResponseEntity<java.util.Map<java.lang.String, java.lang.Object>> org.springframework.boot.autoconfigure.web.BasicErrorController.error(javax.servlet.http.HttpServletRequest)
2020-10-22 00:28:22 -Mapped URL path [/webjars/**] onto handler of type [class org.springframework.web.servlet.resource.ResourceHttpRequestHandler]
2020-10-22 00:28:22 -Mapped URL path [/**] onto handler of type [class org.springframework.web.servlet.resource.ResourceHttpRequestHandler]
2020-10-22 00:28:22 -Mapped URL path [/**/favicon.ico] onto handler of type [class org.springframework.web.servlet.resource.ResourceHttpRequestHandler]
2020-10-22 00:28:22 -Registering beans for JMX exposure on startup
2020-10-22 00:28:22 -Tomcat started on port(s): 8080 (http)
2020-10-22 00:28:22 -Started SpringBootUserApplication in 2.92 seconds (JVM running for 3.771)
2020-10-22 00:28:26 -FrameworkServlet 'dispatcherServlet': initialization started
2020-10-22 00:28:26 -FrameworkServlet 'dispatcherServlet': initialization completed in 26 ms
2020-10-22 00:28:35 -==>  Preparing: SELECT * from USER where address = ? 
2020-10-22 00:28:36 -==> Parameters: 158688080504@163.com(String)
2020-10-22 00:28:36 -<==      Total: 0
2020-10-22 00:29:12 -Servlet.service() for servlet [dispatcherServlet] in context with path [] threw exception [Request processing failed; nested exception is java.lang.NullPointerException] with root cause
java.lang.NullPointerException: null
	at cn.org.test.controller.UserController.loginPwd(UserController.java:51)
	at sun.reflect.NativeMethodAccessorImpl.invoke0(Native Method)
	at sun.reflect.NativeMethodAccessorImpl.invoke(NativeMethodAccessorImpl.java:62)
	at sun.reflect.DelegatingMethodAccessorImpl.invoke(DelegatingMethodAccessorImpl.java:43)
	at java.lang.reflect.Method.invoke(Method.java:498)
	at org.springframework.web.method.support.InvocableHandlerMethod.doInvoke(InvocableHandlerMethod.java:205)
	at org.springframework.web.method.support.InvocableHandlerMethod.invokeForRequest(InvocableHandlerMethod.java:133)
	at org.springframework.web.servlet.mvc.method.annotation.ServletInvocableHandlerMethod.invokeAndHandle(ServletInvocableHandlerMethod.java:97)
	at org.springframework.web.servlet.mvc.method.annotation.RequestMappingHandlerAdapter.invokeHandlerMethod(RequestMappingHandlerAdapter.java:827)
	at org.springframework.web.servlet.mvc.method.annotation.RequestMappingHandlerAdapter.handleInternal(RequestMappingHandlerAdapter.java:738)
	at org.springframework.web.servlet.mvc.method.AbstractHandlerMethodAdapter.handle(AbstractHandlerMethodAdapter.java:85)
	at org.springframework.web.servlet.DispatcherServlet.doDispatch(DispatcherServlet.java:963)
	at org.springframework.web.servlet.DispatcherServlet.doService(DispatcherServlet.java:897)
	at org.springframework.web.servlet.FrameworkServlet.processRequest(FrameworkServlet.java:970)
	at org.springframework.web.servlet.FrameworkServlet.doPost(FrameworkServlet.java:872)
	at javax.servlet.http.HttpServlet.service(HttpServlet.java:661)
	at org.springframework.web.servlet.FrameworkServlet.service(FrameworkServlet.java:846)
	at javax.servlet.http.HttpServlet.service(HttpServlet.java:742)
	at org.apache.catalina.core.ApplicationFilterChain.internalDoFilter(ApplicationFilterChain.java:231)
	at org.apache.catalina.core.ApplicationFilterChain.doFilter(ApplicationFilterChain.java:166)
	at org.apache.tomcat.websocket.server.WsFilter.doFilter(WsFilter.java:52)
	at org.apache.catalina.core.ApplicationFilterChain.internalDoFilter(ApplicationFilterChain.java:193)
	at org.apache.catalina.core.ApplicationFilterChain.doFilter(ApplicationFilterChain.java:166)
	at org.springframework.web.filter.RequestContextFilter.doFilterInternal(RequestContextFilter.java:99)
	at org.springframework.web.filter.OncePerRequestFilter.doFilter(OncePerRequestFilter.java:107)
	at org.apache.catalina.core.ApplicationFilterChain.internalDoFilter(ApplicationFilterChain.java:193)
	at org.apache.catalina.core.ApplicationFilterChain.doFilter(ApplicationFilterChain.java:166)
	at org.springframework.web.filter.HttpPutFormContentFilter.doFilterInternal(HttpPutFormContentFilter.java:105)
	at org.springframework.web.filter.OncePerRequestFilter.doFilter(OncePerRequestFilter.java:107)
	at org.apache.catalina.core.ApplicationFilterChain.internalDoFilter(ApplicationFilterChain.java:193)
	at org.apache.catalina.core.ApplicationFilterChain.doFilter(ApplicationFilterChain.java:166)
	at org.springframework.web.filter.HiddenHttpMethodFilter.doFilterInternal(HiddenHttpMethodFilter.java:81)
	at org.springframework.web.filter.OncePerRequestFilter.doFilter(OncePerRequestFilter.java:107)
	at org.apache.catalina.core.ApplicationFilterChain.internalDoFilter(ApplicationFilterChain.java:193)
	at org.apache.catalina.core.ApplicationFilterChain.doFilter(ApplicationFilterChain.java:166)
	at org.springframework.web.filter.CharacterEncodingFilter.doFilterInternal(CharacterEncodingFilter.java:197)
	at org.springframework.web.filter.OncePerRequestFilter.doFilter(OncePerRequestFilter.java:107)
	at org.apache.catalina.core.ApplicationFilterChain.internalDoFilter(ApplicationFilterChain.java:193)
	at org.apache.catalina.core.ApplicationFilterChain.doFilter(ApplicationFilterChain.java:166)
	at org.apache.catalina.core.StandardWrapperValve.invoke(StandardWrapperValve.java:198)
	at org.apache.catalina.core.StandardContextValve.invoke(StandardContextValve.java:96)
	at org.apache.catalina.authenticator.AuthenticatorBase.invoke(AuthenticatorBase.java:478)
	at org.apache.catalina.core.StandardHostValve.invoke(StandardHostValve.java:140)
	at org.apache.catalina.valves.ErrorReportValve.invoke(ErrorReportValve.java:80)
	at org.apache.catalina.core.StandardEngineValve.invoke(StandardEngineValve.java:87)
	at org.apache.catalina.connector.CoyoteAdapter.service(CoyoteAdapter.java:342)
	at org.apache.coyote.http11.Http11Processor.service(Http11Processor.java:799)
	at org.apache.coyote.AbstractProcessorLight.process(AbstractProcessorLight.java:66)
	at org.apache.coyote.AbstractProtocol$ConnectionHandler.process(AbstractProtocol.java:861)
	at org.apache.tomcat.util.net.NioEndpoint$SocketProcessor.doRun(NioEndpoint.java:1455)
	at org.apache.tomcat.util.net.SocketProcessorBase.run(SocketProcessorBase.java:49)
	at java.util.concurrent.ThreadPoolExecutor.runWorker(ThreadPoolExecutor.java:1149)
	at java.util.concurrent.ThreadPoolExecutor$Worker.run(ThreadPoolExecutor.java:624)
	at org.apache.tomcat.util.threads.TaskThread$WrappingRunnable.run(TaskThread.java:61)
	at java.lang.Thread.run(Thread.java:748)
2020-10-22 00:29:12 -Closing org.springframework.boot.context.embedded.AnnotationConfigEmbeddedWebApplicationContext@6d167f58: startup date [Thu Oct 22 00:28:20 CST 2020]; root of context hierarchy
2020-10-22 00:29:12 -Unregistering JMX-exposed beans on shutdown
2020-10-22 00:29:17 -Starting SpringBootUserApplication on lyy-inspiron-5488 with PID 27598 (/home/lyy/IdeaProjects/com.lyy/blog/target/classes started by lyy in /home/lyy/IdeaProjects/com.lyy/blog)
2020-10-22 00:29:17 -No active profile set, falling back to default profiles: default
2020-10-22 00:29:17 -Refreshing org.springframework.boot.context.embedded.AnnotationConfigEmbeddedWebApplicationContext@6d167f58: startup date [Thu Oct 22 00:29:17 CST 2020]; root of context hierarchy
2020-10-22 00:29:18 -Multiple Spring Data modules found, entering strict repository configuration mode!
2020-10-22 00:29:18 -Tomcat initialized with port(s): 8080 (http)
2020-10-22 00:29:18 -Root WebApplicationContext: initialization completed in 1644 ms
2020-10-22 00:29:19 -Mapping servlet: 'dispatcherServlet' to [/]
2020-10-22 00:29:19 -Mapping filter: 'characterEncodingFilter' to: [/*]
2020-10-22 00:29:19 -Mapping filter: 'hiddenHttpMethodFilter' to: [/*]
2020-10-22 00:29:19 -Mapping filter: 'httpPutFormContentFilter' to: [/*]
2020-10-22 00:29:19 -Mapping filter: 'requestContextFilter' to: [/*]
2020-10-22 00:29:19 -Looking for @ControllerAdvice: org.springframework.boot.context.embedded.AnnotationConfigEmbeddedWebApplicationContext@6d167f58: startup date [Thu Oct 22 00:29:17 CST 2020]; root of context hierarchy
2020-10-22 00:29:19 -Mapped "{[/user/registerStudent],methods=[POST]}" onto public cn.org.test.common.ServerResponse<cn.org.test.pojo.User> cn.org.test.controller.UserController.registerStudent(cn.org.test.req.RegisterReq,javax.servlet.http.HttpServletRequest)
2020-10-22 00:29:19 -Mapped "{[/user/loginPwd],methods=[POST]}" onto public cn.org.test.common.ServerResponse<com.alibaba.fastjson.JSONObject> cn.org.test.controller.UserController.loginPwd(java.lang.String,java.lang.String,javax.servlet.http.HttpServletResponse) throws java.io.UnsupportedEncodingException
2020-10-22 00:29:19 -Mapped "{[/user/verify],methods=[POST]}" onto public cn.org.test.common.ServerResponse<java.lang.String> cn.org.test.controller.UserController.verify(java.lang.String,javax.servlet.http.HttpServletRequest)
2020-10-22 00:29:19 -Mapped "{[/error],produces=[text/html]}" onto public org.springframework.web.servlet.ModelAndView org.springframework.boot.autoconfigure.web.BasicErrorController.errorHtml(javax.servlet.http.HttpServletRequest,javax.servlet.http.HttpServletResponse)
2020-10-22 00:29:19 -Mapped "{[/error]}" onto public org.springframework.http.ResponseEntity<java.util.Map<java.lang.String, java.lang.Object>> org.springframework.boot.autoconfigure.web.BasicErrorController.error(javax.servlet.http.HttpServletRequest)
2020-10-22 00:29:19 -Mapped URL path [/webjars/**] onto handler of type [class org.springframework.web.servlet.resource.ResourceHttpRequestHandler]
2020-10-22 00:29:19 -Mapped URL path [/**] onto handler of type [class org.springframework.web.servlet.resource.ResourceHttpRequestHandler]
2020-10-22 00:29:19 -Mapped URL path [/**/favicon.ico] onto handler of type [class org.springframework.web.servlet.resource.ResourceHttpRequestHandler]
2020-10-22 00:29:20 -Registering beans for JMX exposure on startup
2020-10-22 00:29:20 -Tomcat started on port(s): 8080 (http)
2020-10-22 00:29:20 -Started SpringBootUserApplication in 3.423 seconds (JVM running for 4.145)
2020-10-22 00:29:26 -FrameworkServlet 'dispatcherServlet': initialization started
2020-10-22 00:29:27 -FrameworkServlet 'dispatcherServlet': initialization completed in 15 ms
2020-10-22 00:29:39 -==>  Preparing: SELECT * from USER where address = ? 
2020-10-22 00:29:40 -==> Parameters: 158688080504@163.com(String)
2020-10-22 00:29:40 -<==      Total: 0
2020-10-22 00:49:07 -Servlet.service() for servlet [dispatcherServlet] in context with path [] threw exception [Request processing failed; nested exception is java.lang.NullPointerException] with root cause
java.lang.NullPointerException: null
	at cn.org.test.controller.UserController.loginPwd(UserController.java:51)
	at sun.reflect.NativeMethodAccessorImpl.invoke0(Native Method)
	at sun.reflect.NativeMethodAccessorImpl.invoke(NativeMethodAccessorImpl.java:62)
	at sun.reflect.DelegatingMethodAccessorImpl.invoke(DelegatingMethodAccessorImpl.java:43)
	at java.lang.reflect.Method.invoke(Method.java:498)
	at org.springframework.web.method.support.InvocableHandlerMethod.doInvoke(InvocableHandlerMethod.java:205)
	at org.springframework.web.method.support.InvocableHandlerMethod.invokeForRequest(InvocableHandlerMethod.java:133)
	at org.springframework.web.servlet.mvc.method.annotation.ServletInvocableHandlerMethod.invokeAndHandle(ServletInvocableHandlerMethod.java:97)
	at org.springframework.web.servlet.mvc.method.annotation.RequestMappingHandlerAdapter.invokeHandlerMethod(RequestMappingHandlerAdapter.java:827)
	at org.springframework.web.servlet.mvc.method.annotation.RequestMappingHandlerAdapter.handleInternal(RequestMappingHandlerAdapter.java:738)
	at org.springframework.web.servlet.mvc.method.AbstractHandlerMethodAdapter.handle(AbstractHandlerMethodAdapter.java:85)
	at org.springframework.web.servlet.DispatcherServlet.doDispatch(DispatcherServlet.java:963)
	at org.springframework.web.servlet.DispatcherServlet.doService(DispatcherServlet.java:897)
	at org.springframework.web.servlet.FrameworkServlet.processRequest(FrameworkServlet.java:970)
	at org.springframework.web.servlet.FrameworkServlet.doPost(FrameworkServlet.java:872)
	at javax.servlet.http.HttpServlet.service(HttpServlet.java:661)
	at org.springframework.web.servlet.FrameworkServlet.service(FrameworkServlet.java:846)
	at javax.servlet.http.HttpServlet.service(HttpServlet.java:742)
	at org.apache.catalina.core.ApplicationFilterChain.internalDoFilter(ApplicationFilterChain.java:231)
	at org.apache.catalina.core.ApplicationFilterChain.doFilter(ApplicationFilterChain.java:166)
	at org.apache.tomcat.websocket.server.WsFilter.doFilter(WsFilter.java:52)
	at org.apache.catalina.core.ApplicationFilterChain.internalDoFilter(ApplicationFilterChain.java:193)
	at org.apache.catalina.core.ApplicationFilterChain.doFilter(ApplicationFilterChain.java:166)
	at org.springframework.web.filter.RequestContextFilter.doFilterInternal(RequestContextFilter.java:99)
	at org.springframework.web.filter.OncePerRequestFilter.doFilter(OncePerRequestFilter.java:107)
	at org.apache.catalina.core.ApplicationFilterChain.internalDoFilter(ApplicationFilterChain.java:193)
	at org.apache.catalina.core.ApplicationFilterChain.doFilter(ApplicationFilterChain.java:166)
	at org.springframework.web.filter.HttpPutFormContentFilter.doFilterInternal(HttpPutFormContentFilter.java:105)
	at org.springframework.web.filter.OncePerRequestFilter.doFilter(OncePerRequestFilter.java:107)
	at org.apache.catalina.core.ApplicationFilterChain.internalDoFilter(ApplicationFilterChain.java:193)
	at org.apache.catalina.core.ApplicationFilterChain.doFilter(ApplicationFilterChain.java:166)
	at org.springframework.web.filter.HiddenHttpMethodFilter.doFilterInternal(HiddenHttpMethodFilter.java:81)
	at org.springframework.web.filter.OncePerRequestFilter.doFilter(OncePerRequestFilter.java:107)
	at org.apache.catalina.core.ApplicationFilterChain.internalDoFilter(ApplicationFilterChain.java:193)
	at org.apache.catalina.core.ApplicationFilterChain.doFilter(ApplicationFilterChain.java:166)
	at org.springframework.web.filter.CharacterEncodingFilter.doFilterInternal(CharacterEncodingFilter.java:197)
	at org.springframework.web.filter.OncePerRequestFilter.doFilter(OncePerRequestFilter.java:107)
	at org.apache.catalina.core.ApplicationFilterChain.internalDoFilter(ApplicationFilterChain.java:193)
	at org.apache.catalina.core.ApplicationFilterChain.doFilter(ApplicationFilterChain.java:166)
	at org.apache.catalina.core.StandardWrapperValve.invoke(StandardWrapperValve.java:198)
	at org.apache.catalina.core.StandardContextValve.invoke(StandardContextValve.java:96)
	at org.apache.catalina.authenticator.AuthenticatorBase.invoke(AuthenticatorBase.java:478)
	at org.apache.catalina.core.StandardHostValve.invoke(StandardHostValve.java:140)
	at org.apache.catalina.valves.ErrorReportValve.invoke(ErrorReportValve.java:80)
	at org.apache.catalina.core.StandardEngineValve.invoke(StandardEngineValve.java:87)
	at org.apache.catalina.connector.CoyoteAdapter.service(CoyoteAdapter.java:342)
	at org.apache.coyote.http11.Http11Processor.service(Http11Processor.java:799)
	at org.apache.coyote.AbstractProcessorLight.process(AbstractProcessorLight.java:66)
	at org.apache.coyote.AbstractProtocol$ConnectionHandler.process(AbstractProtocol.java:861)
	at org.apache.tomcat.util.net.NioEndpoint$SocketProcessor.doRun(NioEndpoint.java:1455)
	at org.apache.tomcat.util.net.SocketProcessorBase.run(SocketProcessorBase.java:49)
	at java.util.concurrent.ThreadPoolExecutor.runWorker(ThreadPoolExecutor.java:1149)
	at java.util.concurrent.ThreadPoolExecutor$Worker.run(ThreadPoolExecutor.java:624)
	at org.apache.tomcat.util.threads.TaskThread$WrappingRunnable.run(TaskThread.java:61)
	at java.lang.Thread.run(Thread.java:748)
2020-10-22 00:49:07 -Closing org.springframework.boot.context.embedded.AnnotationConfigEmbeddedWebApplicationContext@6d167f58: startup date [Thu Oct 22 00:29:17 CST 2020]; root of context hierarchy
2020-10-22 00:49:07 -Unregistering JMX-exposed beans on shutdown
2020-10-22 00:50:22 -Starting SpringBootUserApplication on lyy-inspiron-5488 with PID 27930 (/home/lyy/IdeaProjects/com.lyy/blog/target/classes started by lyy in /home/lyy/IdeaProjects/com.lyy/blog)
2020-10-22 00:50:22 -No active profile set, falling back to default profiles: default
2020-10-22 00:50:22 -Refreshing org.springframework.boot.context.embedded.AnnotationConfigEmbeddedWebApplicationContext@6e0dec4a: startup date [Thu Oct 22 00:50:22 CST 2020]; root of context hierarchy
2020-10-22 00:50:22 -Multiple Spring Data modules found, entering strict repository configuration mode!
2020-10-22 00:50:23 -Tomcat initialized with port(s): 8080 (http)
2020-10-22 00:50:23 -Root WebApplicationContext: initialization completed in 1191 ms
2020-10-22 00:50:23 -Mapping servlet: 'dispatcherServlet' to [/]
2020-10-22 00:50:23 -Mapping filter: 'characterEncodingFilter' to: [/*]
2020-10-22 00:50:23 -Mapping filter: 'hiddenHttpMethodFilter' to: [/*]
2020-10-22 00:50:23 -Mapping filter: 'httpPutFormContentFilter' to: [/*]
2020-10-22 00:50:23 -Mapping filter: 'requestContextFilter' to: [/*]
2020-10-22 00:50:24 -Looking for @ControllerAdvice: org.springframework.boot.context.embedded.AnnotationConfigEmbeddedWebApplicationContext@6e0dec4a: startup date [Thu Oct 22 00:50:22 CST 2020]; root of context hierarchy
2020-10-22 00:50:24 -Mapped "{[/user/loginPwd],methods=[POST]}" onto public cn.org.test.common.ServerResponse<com.alibaba.fastjson.JSONObject> cn.org.test.controller.UserController.loginPwd(java.lang.String,java.lang.String,javax.servlet.http.HttpServletResponse) throws java.io.UnsupportedEncodingException
2020-10-22 00:50:24 -Mapped "{[/user/registerStudent],methods=[POST]}" onto public cn.org.test.common.ServerResponse<cn.org.test.pojo.User> cn.org.test.controller.UserController.registerStudent(cn.org.test.req.RegisterReq,javax.servlet.http.HttpServletRequest)
2020-10-22 00:50:24 -Mapped "{[/user/verify],methods=[POST]}" onto public cn.org.test.common.ServerResponse<java.lang.String> cn.org.test.controller.UserController.verify(java.lang.String,javax.servlet.http.HttpServletRequest)
2020-10-22 00:50:24 -Mapped "{[/error],produces=[text/html]}" onto public org.springframework.web.servlet.ModelAndView org.springframework.boot.autoconfigure.web.BasicErrorController.errorHtml(javax.servlet.http.HttpServletRequest,javax.servlet.http.HttpServletResponse)
2020-10-22 00:50:24 -Mapped "{[/error]}" onto public org.springframework.http.ResponseEntity<java.util.Map<java.lang.String, java.lang.Object>> org.springframework.boot.autoconfigure.web.BasicErrorController.error(javax.servlet.http.HttpServletRequest)
2020-10-22 00:50:24 -Mapped URL path [/webjars/**] onto handler of type [class org.springframework.web.servlet.resource.ResourceHttpRequestHandler]
2020-10-22 00:50:24 -Mapped URL path [/**] onto handler of type [class org.springframework.web.servlet.resource.ResourceHttpRequestHandler]
2020-10-22 00:50:24 -Mapped URL path [/**/favicon.ico] onto handler of type [class org.springframework.web.servlet.resource.ResourceHttpRequestHandler]
2020-10-22 00:50:24 -Registering beans for JMX exposure on startup
2020-10-22 00:50:24 -Tomcat started on port(s): 8080 (http)
2020-10-22 00:50:24 -Started SpringBootUserApplication in 2.535 seconds (JVM running for 3.039)
2020-10-22 00:50:27 -FrameworkServlet 'dispatcherServlet': initialization started
2020-10-22 00:50:27 -FrameworkServlet 'dispatcherServlet': initialization completed in 12 ms
2020-10-22 00:50:31 -==>  Preparing: SELECT * from USER where address = ? 
2020-10-22 00:50:31 -==> Parameters: 158688080504@163.com(String)
2020-10-22 00:50:31 -<==      Total: 0
2020-10-22 00:50:31 -Servlet.service() for servlet [dispatcherServlet] in context with path [] threw exception [Request processing failed; nested exception is java.lang.NullPointerException] with root cause
java.lang.NullPointerException: null
	at cn.org.test.controller.UserController.loginPwd(UserController.java:51)
	at sun.reflect.NativeMethodAccessorImpl.invoke0(Native Method)
	at sun.reflect.NativeMethodAccessorImpl.invoke(NativeMethodAccessorImpl.java:62)
	at sun.reflect.DelegatingMethodAccessorImpl.invoke(DelegatingMethodAccessorImpl.java:43)
	at java.lang.reflect.Method.invoke(Method.java:498)
	at org.springframework.web.method.support.InvocableHandlerMethod.doInvoke(InvocableHandlerMethod.java:205)
	at org.springframework.web.method.support.InvocableHandlerMethod.invokeForRequest(InvocableHandlerMethod.java:133)
	at org.springframework.web.servlet.mvc.method.annotation.ServletInvocableHandlerMethod.invokeAndHandle(ServletInvocableHandlerMethod.java:97)
	at org.springframework.web.servlet.mvc.method.annotation.RequestMappingHandlerAdapter.invokeHandlerMethod(RequestMappingHandlerAdapter.java:827)
	at org.springframework.web.servlet.mvc.method.annotation.RequestMappingHandlerAdapter.handleInternal(RequestMappingHandlerAdapter.java:738)
	at org.springframework.web.servlet.mvc.method.AbstractHandlerMethodAdapter.handle(AbstractHandlerMethodAdapter.java:85)
	at org.springframework.web.servlet.DispatcherServlet.doDispatch(DispatcherServlet.java:963)
	at org.springframework.web.servlet.DispatcherServlet.doService(DispatcherServlet.java:897)
	at org.springframework.web.servlet.FrameworkServlet.processRequest(FrameworkServlet.java:970)
	at org.springframework.web.servlet.FrameworkServlet.doPost(FrameworkServlet.java:872)
	at javax.servlet.http.HttpServlet.service(HttpServlet.java:661)
	at org.springframework.web.servlet.FrameworkServlet.service(FrameworkServlet.java:846)
	at javax.servlet.http.HttpServlet.service(HttpServlet.java:742)
	at org.apache.catalina.core.ApplicationFilterChain.internalDoFilter(ApplicationFilterChain.java:231)
	at org.apache.catalina.core.ApplicationFilterChain.doFilter(ApplicationFilterChain.java:166)
	at org.apache.tomcat.websocket.server.WsFilter.doFilter(WsFilter.java:52)
	at org.apache.catalina.core.ApplicationFilterChain.internalDoFilter(ApplicationFilterChain.java:193)
	at org.apache.catalina.core.ApplicationFilterChain.doFilter(ApplicationFilterChain.java:166)
	at org.springframework.web.filter.RequestContextFilter.doFilterInternal(RequestContextFilter.java:99)
	at org.springframework.web.filter.OncePerRequestFilter.doFilter(OncePerRequestFilter.java:107)
	at org.apache.catalina.core.ApplicationFilterChain.internalDoFilter(ApplicationFilterChain.java:193)
	at org.apache.catalina.core.ApplicationFilterChain.doFilter(ApplicationFilterChain.java:166)
	at org.springframework.web.filter.HttpPutFormContentFilter.doFilterInternal(HttpPutFormContentFilter.java:105)
	at org.springframework.web.filter.OncePerRequestFilter.doFilter(OncePerRequestFilter.java:107)
	at org.apache.catalina.core.ApplicationFilterChain.internalDoFilter(ApplicationFilterChain.java:193)
	at org.apache.catalina.core.ApplicationFilterChain.doFilter(ApplicationFilterChain.java:166)
	at org.springframework.web.filter.HiddenHttpMethodFilter.doFilterInternal(HiddenHttpMethodFilter.java:81)
	at org.springframework.web.filter.OncePerRequestFilter.doFilter(OncePerRequestFilter.java:107)
	at org.apache.catalina.core.ApplicationFilterChain.internalDoFilter(ApplicationFilterChain.java:193)
	at org.apache.catalina.core.ApplicationFilterChain.doFilter(ApplicationFilterChain.java:166)
	at org.springframework.web.filter.CharacterEncodingFilter.doFilterInternal(CharacterEncodingFilter.java:197)
	at org.springframework.web.filter.OncePerRequestFilter.doFilter(OncePerRequestFilter.java:107)
	at org.apache.catalina.core.ApplicationFilterChain.internalDoFilter(ApplicationFilterChain.java:193)
	at org.apache.catalina.core.ApplicationFilterChain.doFilter(ApplicationFilterChain.java:166)
	at org.apache.catalina.core.StandardWrapperValve.invoke(StandardWrapperValve.java:198)
	at org.apache.catalina.core.StandardContextValve.invoke(StandardContextValve.java:96)
	at org.apache.catalina.authenticator.AuthenticatorBase.invoke(AuthenticatorBase.java:478)
	at org.apache.catalina.core.StandardHostValve.invoke(StandardHostValve.java:140)
	at org.apache.catalina.valves.ErrorReportValve.invoke(ErrorReportValve.java:80)
	at org.apache.catalina.core.StandardEngineValve.invoke(StandardEngineValve.java:87)
	at org.apache.catalina.connector.CoyoteAdapter.service(CoyoteAdapter.java:342)
	at org.apache.coyote.http11.Http11Processor.service(Http11Processor.java:799)
	at org.apache.coyote.AbstractProcessorLight.process(AbstractProcessorLight.java:66)
	at org.apache.coyote.AbstractProtocol$ConnectionHandler.process(AbstractProtocol.java:861)
	at org.apache.tomcat.util.net.NioEndpoint$SocketProcessor.doRun(NioEndpoint.java:1455)
	at org.apache.tomcat.util.net.SocketProcessorBase.run(SocketProcessorBase.java:49)
	at java.util.concurrent.ThreadPoolExecutor.runWorker(ThreadPoolExecutor.java:1149)
	at java.util.concurrent.ThreadPoolExecutor$Worker.run(ThreadPoolExecutor.java:624)
	at org.apache.tomcat.util.threads.TaskThread$WrappingRunnable.run(TaskThread.java:61)
	at java.lang.Thread.run(Thread.java:748)
2020-10-22 00:50:38 -==>  Preparing: SELECT * from USER where address = ? 
2020-10-22 00:50:38 -==> Parameters: 158688080504@163.com(String)
2020-10-22 00:50:38 -<==      Total: 0
2020-10-22 00:50:38 -Servlet.service() for servlet [dispatcherServlet] in context with path [] threw exception [Request processing failed; nested exception is java.lang.NullPointerException] with root cause
java.lang.NullPointerException: null
	at cn.org.test.controller.UserController.loginPwd(UserController.java:51)
	at sun.reflect.NativeMethodAccessorImpl.invoke0(Native Method)
	at sun.reflect.NativeMethodAccessorImpl.invoke(NativeMethodAccessorImpl.java:62)
	at sun.reflect.DelegatingMethodAccessorImpl.invoke(DelegatingMethodAccessorImpl.java:43)
	at java.lang.reflect.Method.invoke(Method.java:498)
	at org.springframework.web.method.support.InvocableHandlerMethod.doInvoke(InvocableHandlerMethod.java:205)
	at org.springframework.web.method.support.InvocableHandlerMethod.invokeForRequest(InvocableHandlerMethod.java:133)
	at org.springframework.web.servlet.mvc.method.annotation.ServletInvocableHandlerMethod.invokeAndHandle(ServletInvocableHandlerMethod.java:97)
	at org.springframework.web.servlet.mvc.method.annotation.RequestMappingHandlerAdapter.invokeHandlerMethod(RequestMappingHandlerAdapter.java:827)
	at org.springframework.web.servlet.mvc.method.annotation.RequestMappingHandlerAdapter.handleInternal(RequestMappingHandlerAdapter.java:738)
	at org.springframework.web.servlet.mvc.method.AbstractHandlerMethodAdapter.handle(AbstractHandlerMethodAdapter.java:85)
	at org.springframework.web.servlet.DispatcherServlet.doDispatch(DispatcherServlet.java:963)
	at org.springframework.web.servlet.DispatcherServlet.doService(DispatcherServlet.java:897)
	at org.springframework.web.servlet.FrameworkServlet.processRequest(FrameworkServlet.java:970)
	at org.springframework.web.servlet.FrameworkServlet.doPost(FrameworkServlet.java:872)
	at javax.servlet.http.HttpServlet.service(HttpServlet.java:661)
	at org.springframework.web.servlet.FrameworkServlet.service(FrameworkServlet.java:846)
	at javax.servlet.http.HttpServlet.service(HttpServlet.java:742)
	at org.apache.catalina.core.ApplicationFilterChain.internalDoFilter(ApplicationFilterChain.java:231)
	at org.apache.catalina.core.ApplicationFilterChain.doFilter(ApplicationFilterChain.java:166)
	at org.apache.tomcat.websocket.server.WsFilter.doFilter(WsFilter.java:52)
	at org.apache.catalina.core.ApplicationFilterChain.internalDoFilter(ApplicationFilterChain.java:193)
	at org.apache.catalina.core.ApplicationFilterChain.doFilter(ApplicationFilterChain.java:166)
	at org.springframework.web.filter.RequestContextFilter.doFilterInternal(RequestContextFilter.java:99)
	at org.springframework.web.filter.OncePerRequestFilter.doFilter(OncePerRequestFilter.java:107)
	at org.apache.catalina.core.ApplicationFilterChain.internalDoFilter(ApplicationFilterChain.java:193)
	at org.apache.catalina.core.ApplicationFilterChain.doFilter(ApplicationFilterChain.java:166)
	at org.springframework.web.filter.HttpPutFormContentFilter.doFilterInternal(HttpPutFormContentFilter.java:105)
	at org.springframework.web.filter.OncePerRequestFilter.doFilter(OncePerRequestFilter.java:107)
	at org.apache.catalina.core.ApplicationFilterChain.internalDoFilter(ApplicationFilterChain.java:193)
	at org.apache.catalina.core.ApplicationFilterChain.doFilter(ApplicationFilterChain.java:166)
	at org.springframework.web.filter.HiddenHttpMethodFilter.doFilterInternal(HiddenHttpMethodFilter.java:81)
	at org.springframework.web.filter.OncePerRequestFilter.doFilter(OncePerRequestFilter.java:107)
	at org.apache.catalina.core.ApplicationFilterChain.internalDoFilter(ApplicationFilterChain.java:193)
	at org.apache.catalina.core.ApplicationFilterChain.doFilter(ApplicationFilterChain.java:166)
	at org.springframework.web.filter.CharacterEncodingFilter.doFilterInternal(CharacterEncodingFilter.java:197)
	at org.springframework.web.filter.OncePerRequestFilter.doFilter(OncePerRequestFilter.java:107)
	at org.apache.catalina.core.ApplicationFilterChain.internalDoFilter(ApplicationFilterChain.java:193)
	at org.apache.catalina.core.ApplicationFilterChain.doFilter(ApplicationFilterChain.java:166)
	at org.apache.catalina.core.StandardWrapperValve.invoke(StandardWrapperValve.java:198)
	at org.apache.catalina.core.StandardContextValve.invoke(StandardContextValve.java:96)
	at org.apache.catalina.authenticator.AuthenticatorBase.invoke(AuthenticatorBase.java:478)
	at org.apache.catalina.core.StandardHostValve.invoke(StandardHostValve.java:140)
	at org.apache.catalina.valves.ErrorReportValve.invoke(ErrorReportValve.java:80)
	at org.apache.catalina.core.StandardEngineValve.invoke(StandardEngineValve.java:87)
	at org.apache.catalina.connector.CoyoteAdapter.service(CoyoteAdapter.java:342)
	at org.apache.coyote.http11.Http11Processor.service(Http11Processor.java:799)
	at org.apache.coyote.AbstractProcessorLight.process(AbstractProcessorLight.java:66)
	at org.apache.coyote.AbstractProtocol$ConnectionHandler.process(AbstractProtocol.java:861)
	at org.apache.tomcat.util.net.NioEndpoint$SocketProcessor.doRun(NioEndpoint.java:1455)
	at org.apache.tomcat.util.net.SocketProcessorBase.run(SocketProcessorBase.java:49)
	at java.util.concurrent.ThreadPoolExecutor.runWorker(ThreadPoolExecutor.java:1149)
	at java.util.concurrent.ThreadPoolExecutor$Worker.run(ThreadPoolExecutor.java:624)
	at org.apache.tomcat.util.threads.TaskThread$WrappingRunnable.run(TaskThread.java:61)
	at java.lang.Thread.run(Thread.java:748)
2020-10-22 00:51:42 -Closing org.springframework.boot.context.embedded.AnnotationConfigEmbeddedWebApplicationContext@6e0dec4a: startup date [Thu Oct 22 00:50:22 CST 2020]; root of context hierarchy
2020-10-22 00:51:42 -Unregistering JMX-exposed beans on shutdown
2020-10-22 00:51:45 -Starting SpringBootUserApplication on lyy-inspiron-5488 with PID 28072 (/home/lyy/IdeaProjects/com.lyy/blog/target/classes started by lyy in /home/lyy/IdeaProjects/com.lyy/blog)
2020-10-22 00:51:45 -No active profile set, falling back to default profiles: default
2020-10-22 00:51:45 -Refreshing org.springframework.boot.context.embedded.AnnotationConfigEmbeddedWebApplicationContext@6e0dec4a: startup date [Thu Oct 22 00:51:45 CST 2020]; root of context hierarchy
2020-10-22 00:51:46 -Multiple Spring Data modules found, entering strict repository configuration mode!
2020-10-22 00:51:46 -Tomcat initialized with port(s): 8080 (http)
2020-10-22 00:51:46 -Root WebApplicationContext: initialization completed in 1190 ms
2020-10-22 00:51:47 -Mapping servlet: 'dispatcherServlet' to [/]
2020-10-22 00:51:47 -Mapping filter: 'characterEncodingFilter' to: [/*]
2020-10-22 00:51:47 -Mapping filter: 'hiddenHttpMethodFilter' to: [/*]
2020-10-22 00:51:47 -Mapping filter: 'httpPutFormContentFilter' to: [/*]
2020-10-22 00:51:47 -Mapping filter: 'requestContextFilter' to: [/*]
2020-10-22 00:51:47 -Looking for @ControllerAdvice: org.springframework.boot.context.embedded.AnnotationConfigEmbeddedWebApplicationContext@6e0dec4a: startup date [Thu Oct 22 00:51:45 CST 2020]; root of context hierarchy
2020-10-22 00:51:47 -Mapped "{[/user/loginPwd],methods=[POST]}" onto public cn.org.test.common.ServerResponse<com.alibaba.fastjson.JSONObject> cn.org.test.controller.UserController.loginPwd(java.lang.String,java.lang.String,javax.servlet.http.HttpServletResponse) throws java.io.UnsupportedEncodingException
2020-10-22 00:51:47 -Mapped "{[/user/registerStudent],methods=[POST]}" onto public cn.org.test.common.ServerResponse<cn.org.test.pojo.User> cn.org.test.controller.UserController.registerStudent(cn.org.test.req.RegisterReq,javax.servlet.http.HttpServletRequest)
2020-10-22 00:51:47 -Mapped "{[/user/verify],methods=[POST]}" onto public cn.org.test.common.ServerResponse<java.lang.String> cn.org.test.controller.UserController.verify(java.lang.String,javax.servlet.http.HttpServletRequest)
2020-10-22 00:51:47 -Mapped "{[/error],produces=[text/html]}" onto public org.springframework.web.servlet.ModelAndView org.springframework.boot.autoconfigure.web.BasicErrorController.errorHtml(javax.servlet.http.HttpServletRequest,javax.servlet.http.HttpServletResponse)
2020-10-22 00:51:47 -Mapped "{[/error]}" onto public org.springframework.http.ResponseEntity<java.util.Map<java.lang.String, java.lang.Object>> org.springframework.boot.autoconfigure.web.BasicErrorController.error(javax.servlet.http.HttpServletRequest)
2020-10-22 00:51:47 -Mapped URL path [/webjars/**] onto handler of type [class org.springframework.web.servlet.resource.ResourceHttpRequestHandler]
2020-10-22 00:51:47 -Mapped URL path [/**] onto handler of type [class org.springframework.web.servlet.resource.ResourceHttpRequestHandler]
2020-10-22 00:51:47 -Mapped URL path [/**/favicon.ico] onto handler of type [class org.springframework.web.servlet.resource.ResourceHttpRequestHandler]
2020-10-22 00:51:47 -Registering beans for JMX exposure on startup
2020-10-22 00:51:47 -Tomcat started on port(s): 8080 (http)
2020-10-22 00:51:47 -Started SpringBootUserApplication in 2.214 seconds (JVM running for 2.607)
2020-10-22 00:52:13 -FrameworkServlet 'dispatcherServlet': initialization started
2020-10-22 00:52:13 -FrameworkServlet 'dispatcherServlet': initialization completed in 11 ms
2020-10-22 00:52:17 -==>  Preparing: SELECT * from USER where address = ? 
2020-10-22 00:52:17 -==> Parameters: 158688080504@163.com(String)
2020-10-22 00:52:17 -<==      Total: 0
2020-10-22 00:52:17 -Servlet.service() for servlet [dispatcherServlet] in context with path [] threw exception [Request processing failed; nested exception is java.lang.NullPointerException] with root cause
java.lang.NullPointerException: null
	at cn.org.test.controller.UserController.loginPwd(UserController.java:51)
	at sun.reflect.NativeMethodAccessorImpl.invoke0(Native Method)
	at sun.reflect.NativeMethodAccessorImpl.invoke(NativeMethodAccessorImpl.java:62)
	at sun.reflect.DelegatingMethodAccessorImpl.invoke(DelegatingMethodAccessorImpl.java:43)
	at java.lang.reflect.Method.invoke(Method.java:498)
	at org.springframework.web.method.support.InvocableHandlerMethod.doInvoke(InvocableHandlerMethod.java:205)
	at org.springframework.web.method.support.InvocableHandlerMethod.invokeForRequest(InvocableHandlerMethod.java:133)
	at org.springframework.web.servlet.mvc.method.annotation.ServletInvocableHandlerMethod.invokeAndHandle(ServletInvocableHandlerMethod.java:97)
	at org.springframework.web.servlet.mvc.method.annotation.RequestMappingHandlerAdapter.invokeHandlerMethod(RequestMappingHandlerAdapter.java:827)
	at org.springframework.web.servlet.mvc.method.annotation.RequestMappingHandlerAdapter.handleInternal(RequestMappingHandlerAdapter.java:738)
	at org.springframework.web.servlet.mvc.method.AbstractHandlerMethodAdapter.handle(AbstractHandlerMethodAdapter.java:85)
	at org.springframework.web.servlet.DispatcherServlet.doDispatch(DispatcherServlet.java:963)
	at org.springframework.web.servlet.DispatcherServlet.doService(DispatcherServlet.java:897)
	at org.springframework.web.servlet.FrameworkServlet.processRequest(FrameworkServlet.java:970)
	at org.springframework.web.servlet.FrameworkServlet.doPost(FrameworkServlet.java:872)
	at javax.servlet.http.HttpServlet.service(HttpServlet.java:661)
	at org.springframework.web.servlet.FrameworkServlet.service(FrameworkServlet.java:846)
	at javax.servlet.http.HttpServlet.service(HttpServlet.java:742)
	at org.apache.catalina.core.ApplicationFilterChain.internalDoFilter(ApplicationFilterChain.java:231)
	at org.apache.catalina.core.ApplicationFilterChain.doFilter(ApplicationFilterChain.java:166)
	at org.apache.tomcat.websocket.server.WsFilter.doFilter(WsFilter.java:52)
	at org.apache.catalina.core.ApplicationFilterChain.internalDoFilter(ApplicationFilterChain.java:193)
	at org.apache.catalina.core.ApplicationFilterChain.doFilter(ApplicationFilterChain.java:166)
	at org.springframework.web.filter.RequestContextFilter.doFilterInternal(RequestContextFilter.java:99)
	at org.springframework.web.filter.OncePerRequestFilter.doFilter(OncePerRequestFilter.java:107)
	at org.apache.catalina.core.ApplicationFilterChain.internalDoFilter(ApplicationFilterChain.java:193)
	at org.apache.catalina.core.ApplicationFilterChain.doFilter(ApplicationFilterChain.java:166)
	at org.springframework.web.filter.HttpPutFormContentFilter.doFilterInternal(HttpPutFormContentFilter.java:105)
	at org.springframework.web.filter.OncePerRequestFilter.doFilter(OncePerRequestFilter.java:107)
	at org.apache.catalina.core.ApplicationFilterChain.internalDoFilter(ApplicationFilterChain.java:193)
	at org.apache.catalina.core.ApplicationFilterChain.doFilter(ApplicationFilterChain.java:166)
	at org.springframework.web.filter.HiddenHttpMethodFilter.doFilterInternal(HiddenHttpMethodFilter.java:81)
	at org.springframework.web.filter.OncePerRequestFilter.doFilter(OncePerRequestFilter.java:107)
	at org.apache.catalina.core.ApplicationFilterChain.internalDoFilter(ApplicationFilterChain.java:193)
	at org.apache.catalina.core.ApplicationFilterChain.doFilter(ApplicationFilterChain.java:166)
	at org.springframework.web.filter.CharacterEncodingFilter.doFilterInternal(CharacterEncodingFilter.java:197)
	at org.springframework.web.filter.OncePerRequestFilter.doFilter(OncePerRequestFilter.java:107)
	at org.apache.catalina.core.ApplicationFilterChain.internalDoFilter(ApplicationFilterChain.java:193)
	at org.apache.catalina.core.ApplicationFilterChain.doFilter(ApplicationFilterChain.java:166)
	at org.apache.catalina.core.StandardWrapperValve.invoke(StandardWrapperValve.java:198)
	at org.apache.catalina.core.StandardContextValve.invoke(StandardContextValve.java:96)
	at org.apache.catalina.authenticator.AuthenticatorBase.invoke(AuthenticatorBase.java:478)
	at org.apache.catalina.core.StandardHostValve.invoke(StandardHostValve.java:140)
	at org.apache.catalina.valves.ErrorReportValve.invoke(ErrorReportValve.java:80)
	at org.apache.catalina.core.StandardEngineValve.invoke(StandardEngineValve.java:87)
	at org.apache.catalina.connector.CoyoteAdapter.service(CoyoteAdapter.java:342)
	at org.apache.coyote.http11.Http11Processor.service(Http11Processor.java:799)
	at org.apache.coyote.AbstractProcessorLight.process(AbstractProcessorLight.java:66)
	at org.apache.coyote.AbstractProtocol$ConnectionHandler.process(AbstractProtocol.java:861)
	at org.apache.tomcat.util.net.NioEndpoint$SocketProcessor.doRun(NioEndpoint.java:1455)
	at org.apache.tomcat.util.net.SocketProcessorBase.run(SocketProcessorBase.java:49)
	at java.util.concurrent.ThreadPoolExecutor.runWorker(ThreadPoolExecutor.java:1149)
	at java.util.concurrent.ThreadPoolExecutor$Worker.run(ThreadPoolExecutor.java:624)
	at org.apache.tomcat.util.threads.TaskThread$WrappingRunnable.run(TaskThread.java:61)
	at java.lang.Thread.run(Thread.java:748)
2020-10-22 00:52:38 -==>  Preparing: SELECT * from USER where address = ? 
2020-10-22 00:52:38 -==> Parameters: 15868808504@163.com(String)
2020-10-22 00:52:38 -<==      Total: 1
2020-10-22 00:52:41 -==>  Preparing: SELECT * from USER where address = ? 
2020-10-22 00:52:41 -==> Parameters: 15868808504@163.com(String)
2020-10-22 00:52:41 -<==      Total: 1
2020-10-22 00:52:48 -==>  Preparing: SELECT * from USER where address = ? 
2020-10-22 00:52:48 -==> Parameters: 15868808504@163.com(String)
2020-10-22 00:52:48 -<==      Total: 1
2020-10-22 00:55:51 -Closing org.springframework.boot.context.embedded.AnnotationConfigEmbeddedWebApplicationContext@6e0dec4a: startup date [Thu Oct 22 00:51:45 CST 2020]; root of context hierarchy
2020-10-22 00:55:51 -Unregistering JMX-exposed beans on shutdown
2020-10-22 00:55:54 -Starting SpringBootUserApplication on lyy-inspiron-5488 with PID 28245 (/home/lyy/IdeaProjects/com.lyy/blog/target/classes started by lyy in /home/lyy/IdeaProjects/com.lyy/blog)
2020-10-22 00:55:54 -No active profile set, falling back to default profiles: default
2020-10-22 00:55:54 -Refreshing org.springframework.boot.context.embedded.AnnotationConfigEmbeddedWebApplicationContext@6e0dec4a: startup date [Thu Oct 22 00:55:54 CST 2020]; root of context hierarchy
2020-10-22 00:55:55 -Multiple Spring Data modules found, entering strict repository configuration mode!
2020-10-22 00:55:55 -Tomcat initialized with port(s): 8080 (http)
2020-10-22 00:55:55 -Root WebApplicationContext: initialization completed in 984 ms
2020-10-22 00:55:55 -Mapping servlet: 'dispatcherServlet' to [/]
2020-10-22 00:55:55 -Mapping filter: 'characterEncodingFilter' to: [/*]
2020-10-22 00:55:55 -Mapping filter: 'hiddenHttpMethodFilter' to: [/*]
2020-10-22 00:55:55 -Mapping filter: 'httpPutFormContentFilter' to: [/*]
2020-10-22 00:55:55 -Mapping filter: 'requestContextFilter' to: [/*]
2020-10-22 00:55:56 -Looking for @ControllerAdvice: org.springframework.boot.context.embedded.AnnotationConfigEmbeddedWebApplicationContext@6e0dec4a: startup date [Thu Oct 22 00:55:54 CST 2020]; root of context hierarchy
2020-10-22 00:55:56 -Mapped "{[/user/loginPwd],methods=[POST]}" onto public cn.org.test.common.ServerResponse<com.alibaba.fastjson.JSONObject> cn.org.test.controller.UserController.loginPwd(java.lang.String,java.lang.String,javax.servlet.http.HttpServletResponse) throws java.io.UnsupportedEncodingException
2020-10-22 00:55:56 -Mapped "{[/user/registerStudent],methods=[POST]}" onto public cn.org.test.common.ServerResponse<cn.org.test.pojo.User> cn.org.test.controller.UserController.registerStudent(cn.org.test.req.RegisterReq,javax.servlet.http.HttpServletRequest)
2020-10-22 00:55:56 -Mapped "{[/user/verify],methods=[POST]}" onto public cn.org.test.common.ServerResponse<java.lang.String> cn.org.test.controller.UserController.verify(java.lang.String,javax.servlet.http.HttpServletRequest)
2020-10-22 00:55:56 -Mapped "{[/error],produces=[text/html]}" onto public org.springframework.web.servlet.ModelAndView org.springframework.boot.autoconfigure.web.BasicErrorController.errorHtml(javax.servlet.http.HttpServletRequest,javax.servlet.http.HttpServletResponse)
2020-10-22 00:55:56 -Mapped "{[/error]}" onto public org.springframework.http.ResponseEntity<java.util.Map<java.lang.String, java.lang.Object>> org.springframework.boot.autoconfigure.web.BasicErrorController.error(javax.servlet.http.HttpServletRequest)
2020-10-22 00:55:56 -Mapped URL path [/webjars/**] onto handler of type [class org.springframework.web.servlet.resource.ResourceHttpRequestHandler]
2020-10-22 00:55:56 -Mapped URL path [/**] onto handler of type [class org.springframework.web.servlet.resource.ResourceHttpRequestHandler]
2020-10-22 00:55:56 -Mapped URL path [/**/favicon.ico] onto handler of type [class org.springframework.web.servlet.resource.ResourceHttpRequestHandler]
2020-10-22 00:55:56 -Registering beans for JMX exposure on startup
2020-10-22 00:55:56 -Tomcat started on port(s): 8080 (http)
2020-10-22 00:55:56 -Started SpringBootUserApplication in 2.009 seconds (JVM running for 2.403)
2020-10-22 00:56:25 -FrameworkServlet 'dispatcherServlet': initialization started
2020-10-22 00:56:25 -FrameworkServlet 'dispatcherServlet': initialization completed in 11 ms
2020-10-22 00:56:29 -==>  Preparing: SELECT * from USER where address = ? 
2020-10-22 00:56:29 -==> Parameters: 15868808504@163.com(String)
2020-10-22 00:56:29 -<==      Total: 1
2020-10-22 00:56:41 -==>  Preparing: SELECT * from USER where address = ? 
2020-10-22 00:56:41 -==> Parameters: 15868808504@163.com(String)
2020-10-22 00:56:41 -<==      Total: 1
2020-10-22 00:56:41 -==>  Preparing: SELECT * from USER where address = ? 
2020-10-22 00:56:41 -==> Parameters: 15868808504@163.com(String)
2020-10-22 00:56:41 -<==      Total: 1
2020-10-22 00:57:41 -Closing org.springframework.boot.context.embedded.AnnotationConfigEmbeddedWebApplicationContext@6e0dec4a: startup date [Thu Oct 22 00:55:54 CST 2020]; root of context hierarchy
2020-10-22 00:57:41 -Unregistering JMX-exposed beans on shutdown
2020-10-22 00:57:45 -Starting SpringBootUserApplication on lyy-inspiron-5488 with PID 28406 (/home/lyy/IdeaProjects/com.lyy/blog/target/classes started by lyy in /home/lyy/IdeaProjects/com.lyy/blog)
2020-10-22 00:57:45 -No active profile set, falling back to default profiles: default
2020-10-22 00:57:45 -Refreshing org.springframework.boot.context.embedded.AnnotationConfigEmbeddedWebApplicationContext@6e0dec4a: startup date [Thu Oct 22 00:57:45 CST 2020]; root of context hierarchy
2020-10-22 00:57:46 -Multiple Spring Data modules found, entering strict repository configuration mode!
2020-10-22 00:57:46 -Tomcat initialized with port(s): 8080 (http)
2020-10-22 00:57:46 -Root WebApplicationContext: initialization completed in 1348 ms
2020-10-22 00:57:46 -Mapping servlet: 'dispatcherServlet' to [/]
2020-10-22 00:57:46 -Mapping filter: 'characterEncodingFilter' to: [/*]
2020-10-22 00:57:46 -Mapping filter: 'hiddenHttpMethodFilter' to: [/*]
2020-10-22 00:57:46 -Mapping filter: 'httpPutFormContentFilter' to: [/*]
2020-10-22 00:57:46 -Mapping filter: 'requestContextFilter' to: [/*]
2020-10-22 00:57:47 -Looking for @ControllerAdvice: org.springframework.boot.context.embedded.AnnotationConfigEmbeddedWebApplicationContext@6e0dec4a: startup date [Thu Oct 22 00:57:45 CST 2020]; root of context hierarchy
2020-10-22 00:57:47 -Mapped "{[/user/loginPwd],methods=[POST]}" onto public cn.org.test.common.ServerResponse cn.org.test.controller.UserController.loginPwd(java.lang.String,java.lang.String,javax.servlet.http.HttpServletResponse) throws java.io.UnsupportedEncodingException
2020-10-22 00:57:47 -Mapped "{[/user/registerStudent],methods=[POST]}" onto public cn.org.test.common.ServerResponse<cn.org.test.pojo.User> cn.org.test.controller.UserController.registerStudent(cn.org.test.req.RegisterReq,javax.servlet.http.HttpServletRequest)
2020-10-22 00:57:47 -Mapped "{[/user/verify],methods=[POST]}" onto public cn.org.test.common.ServerResponse<java.lang.String> cn.org.test.controller.UserController.verify(java.lang.String,javax.servlet.http.HttpServletRequest)
2020-10-22 00:57:47 -Mapped "{[/error],produces=[text/html]}" onto public org.springframework.web.servlet.ModelAndView org.springframework.boot.autoconfigure.web.BasicErrorController.errorHtml(javax.servlet.http.HttpServletRequest,javax.servlet.http.HttpServletResponse)
2020-10-22 00:57:47 -Mapped "{[/error]}" onto public org.springframework.http.ResponseEntity<java.util.Map<java.lang.String, java.lang.Object>> org.springframework.boot.autoconfigure.web.BasicErrorController.error(javax.servlet.http.HttpServletRequest)
2020-10-22 00:57:47 -Mapped URL path [/webjars/**] onto handler of type [class org.springframework.web.servlet.resource.ResourceHttpRequestHandler]
2020-10-22 00:57:47 -Mapped URL path [/**] onto handler of type [class org.springframework.web.servlet.resource.ResourceHttpRequestHandler]
2020-10-22 00:57:47 -Mapped URL path [/**/favicon.ico] onto handler of type [class org.springframework.web.servlet.resource.ResourceHttpRequestHandler]
2020-10-22 00:57:47 -Registering beans for JMX exposure on startup
2020-10-22 00:57:47 -Tomcat started on port(s): 8080 (http)
2020-10-22 00:57:47 -Started SpringBootUserApplication in 2.431 seconds (JVM running for 2.872)
2020-10-22 00:58:11 -FrameworkServlet 'dispatcherServlet': initialization started
2020-10-22 00:58:12 -FrameworkServlet 'dispatcherServlet': initialization completed in 12 ms
2020-10-22 00:58:16 -==>  Preparing: SELECT * from USER where address = ? 
2020-10-22 00:58:17 -==> Parameters: 15868808504@163.com(String)
2020-10-22 00:58:17 -<==      Total: 1
2020-10-22 00:58:17 -==>  Preparing: SELECT * from USER where address = ? 
2020-10-22 00:58:17 -==> Parameters: 15868808504@163.com(String)
2020-10-22 00:58:17 -<==      Total: 1
2020-10-22 00:58:22 -==>  Preparing: SELECT * from USER where address = ? 
2020-10-22 00:58:22 -==> Parameters: 15868808504@163.com(String)
2020-10-22 00:58:22 -<==      Total: 1
