2020-11-10 00:08:44 -==>  Preparing: SELECT * from USER where id = ? 
2020-11-10 00:08:44 -==> Parameters: 2(Integer)
2020-11-10 00:08:44 -<==      Total: 1
2020-11-10 00:08:44 -==>  Preparing: SELECT * from course WHERE teacherId = ? 
2020-11-10 00:08:44 -==> Parameters: 2(Integer)
2020-11-10 00:08:44 -<==      Total: 3
2020-11-10 00:08:46 -==>  Preparing: SELECT * from USER where id = ? 
2020-11-10 00:08:46 -==> Parameters: 2(Integer)
2020-11-10 00:08:46 -<==      Total: 1
2020-11-10 00:08:46 -==>  Preparing: SELECT * from createApplication WHERE teacherId = ? 
2020-11-10 00:08:46 -==> Parameters: 2(Integer)
2020-11-10 00:08:46 -<==      Total: 5
2020-11-10 00:08:49 -==>  Preparing: SELECT * from semester 
2020-11-10 00:08:49 -==> Parameters: 
2020-11-10 00:08:49 -==>  Preparing: SELECT * from grade 
2020-11-10 00:08:49 -==> Parameters: 
2020-11-10 00:08:49 -<==      Total: 4
2020-11-10 00:08:49 -<==      Total: 7
2020-11-10 00:09:00 -==>  Preparing: SELECT * from USER where address = ? 
2020-11-10 00:09:00 -==> Parameters: 15868808504@163.com(String)
2020-11-10 00:09:00 -<==      Total: 1
2020-11-10 00:09:00 -==>  Preparing: SELECT * from USER where address = ? 
2020-11-10 00:09:00 -==> Parameters: 15868808504@163.com(String)
2020-11-10 00:09:01 -<==      Total: 1
2020-11-10 00:09:03 -==>  Preparing: SELECT * from class WHERE status in (0,1) 
2020-11-10 00:09:03 -==> Parameters: 
2020-11-10 00:09:03 -==>  Preparing: SELECT * from selectClass WHERE studentId = ? 
2020-11-10 00:09:03 -==> Parameters: 11(Integer)
2020-11-10 00:09:03 -<==      Total: 3
2020-11-10 00:09:03 -==>  Preparing: SELECT * from semester where id = ? 
2020-11-10 00:09:03 -==> Parameters: 3(Integer)
2020-11-10 00:09:03 -<==      Total: 2
2020-11-10 00:09:03 -<==      Total: 1
2020-11-10 00:09:03 -==>  Preparing: SELECT * from grade WHERE id = ? 
2020-11-10 00:09:03 -==> Parameters: 5(Integer)
2020-11-10 00:09:03 -<==      Total: 1
2020-11-10 00:09:03 -==>  Preparing: SELECT * from semester where id = ? 
2020-11-10 00:09:03 -==> Parameters: 2(Integer)
2020-11-10 00:09:03 -<==      Total: 1
2020-11-10 00:09:03 -==>  Preparing: SELECT * from grade WHERE id = ? 
2020-11-10 00:09:03 -==> Parameters: 3(Integer)
2020-11-10 00:09:03 -<==      Total: 1
2020-11-10 00:09:03 -==>  Preparing: SELECT * from semester where id = ? 
2020-11-10 00:09:03 -==> Parameters: 2(Integer)
2020-11-10 00:09:03 -<==      Total: 1
2020-11-10 00:09:03 -==>  Preparing: SELECT * from grade WHERE id = ? 
2020-11-10 00:09:03 -==> Parameters: 2(Integer)
2020-11-10 00:09:03 -<==      Total: 1
2020-11-10 00:09:04 -==>  Preparing: SELECT * from selectClass WHERE studentId = ? 
2020-11-10 00:09:04 -==> Parameters: 11(Integer)
2020-11-10 00:09:04 -<==      Total: 2
2020-11-10 00:09:04 -==>  Preparing: SELECT * from class WHERE id = ? 
2020-11-10 00:09:04 -==> Parameters: 6(Integer)
2020-11-10 00:09:04 -<==      Total: 1
2020-11-10 00:09:04 -==>  Preparing: SELECT * from class WHERE id = ? 
2020-11-10 00:09:04 -==> Parameters: 1(Integer)
2020-11-10 00:09:04 -<==      Total: 1
2020-11-10 00:09:06 -==>  Preparing: SELECT * from task WHERE classId = ? 
2020-11-10 00:09:06 -==> Parameters: 6(Integer)
2020-11-10 00:09:06 -==>  Preparing: SELECT * from USER where id = ? 
2020-11-10 00:09:06 -==> Parameters: 11(Integer)
2020-11-10 00:09:06 -<==      Total: 1
2020-11-10 00:09:06 -==>  Preparing: SELECT * from course WHERE id = ? 
2020-11-10 00:09:06 -==> Parameters: 2(Integer)
2020-11-10 00:09:06 -<==      Total: 3
2020-11-10 00:09:06 -<==      Total: 1
2020-11-10 00:09:06 -==>  Preparing: SELECT * from class WHERE courseId = ? 
2020-11-10 00:09:06 -==> Parameters: 2(Integer)
2020-11-10 00:09:06 -<==      Total: 2
2020-11-10 00:09:06 -==>  Preparing: SELECT * from courseWare WHERE courseId = ? 
2020-11-10 00:09:06 -==> Parameters: 2(Integer)
2020-11-10 00:09:06 -<==      Total: 3
2020-11-10 00:09:10 -==>  Preparing: SELECT * from task WHERE id = ? 
2020-11-10 00:09:10 -==> Parameters: 4(Integer)
2020-11-10 00:09:10 -==>  Preparing: SELECT * from taskStu WHERE taskId = ? and studentId=? 
2020-11-10 00:09:10 -==> Parameters: 4(Integer), 11(Integer)
2020-11-10 00:09:10 -<==      Total: 1
2020-11-10 00:09:10 -==>  Preparing: SELECT * from taskWare WHERE taskId = ? 
2020-11-10 00:09:10 -==> Parameters: 4(Integer)
2020-11-10 00:09:10 -<==      Total: 0
2020-11-10 00:09:10 -<==      Total: 1
2020-11-10 00:09:21 -==>  Preparing: SELECT * from task WHERE classId = ? 
2020-11-10 00:09:21 -==> Parameters: 6(Integer)
2020-11-10 00:09:21 -==>  Preparing: SELECT * from USER where id = ? 
2020-11-10 00:09:21 -==> Parameters: 11(Integer)
2020-11-10 00:09:21 -<==      Total: 3
2020-11-10 00:09:21 -<==      Total: 1
2020-11-10 00:09:21 -==>  Preparing: SELECT * from course WHERE id = ? 
2020-11-10 00:09:21 -==> Parameters: 2(Integer)
2020-11-10 00:09:21 -<==      Total: 1
2020-11-10 00:09:21 -==>  Preparing: SELECT * from class WHERE courseId = ? 
2020-11-10 00:09:21 -==> Parameters: 2(Integer)
2020-11-10 00:09:21 -<==      Total: 2
2020-11-10 00:09:21 -==>  Preparing: SELECT * from courseWare WHERE courseId = ? 
2020-11-10 00:09:21 -==> Parameters: 2(Integer)
2020-11-10 00:09:21 -<==      Total: 3
2020-11-10 00:09:40 -==>  Preparing: SELECT * from taskStu WHERE taskId = ? 
2020-11-10 00:09:40 -==> Parameters: 5(Integer)
2020-11-10 00:09:40 -<==      Total: 2
2020-11-10 00:09:40 -==>  Preparing: SELECT * from task WHERE id = ? 
2020-11-10 00:09:40 -==> Parameters: 5(Integer)
2020-11-10 00:09:40 -<==      Total: 1
2020-11-10 00:09:40 -==>  Preparing: SELECT * from class WHERE id = ? 
2020-11-10 00:09:40 -==> Parameters: 6(Integer)
2020-11-10 00:09:40 -<==      Total: 1
2020-11-10 00:09:40 -==>  Preparing: SELECT * from selectClass WHERE classId = ? 
2020-11-10 00:09:40 -==> Parameters: 6(Integer)
2020-11-10 00:09:40 -<==      Total: 2
2020-11-10 00:09:40 -==>  Preparing: SELECT * from USER where id = ? 
2020-11-10 00:09:40 -==> Parameters: 11(Integer)
2020-11-10 00:09:40 -<==      Total: 1
2020-11-10 00:09:40 -==>  Preparing: SELECT * from USER where id = ? 
2020-11-10 00:09:40 -==> Parameters: 12(Integer)
2020-11-10 00:09:40 -<==      Total: 1
2020-11-10 00:11:08 -==>  Preparing: SELECT * from selectClass WHERE studentId = ? 
2020-11-10 00:11:08 -==> Parameters: 11(Integer)
2020-11-10 00:11:08 -<==      Total: 2
2020-11-10 00:11:08 -==>  Preparing: SELECT * from class WHERE id = ? 
2020-11-10 00:11:08 -==> Parameters: 6(Integer)
2020-11-10 00:11:08 -<==      Total: 1
2020-11-10 00:11:08 -==>  Preparing: SELECT * from class WHERE id = ? 
2020-11-10 00:11:08 -==> Parameters: 1(Integer)
2020-11-10 00:11:08 -<==      Total: 1
2020-11-10 00:11:10 -==>  Preparing: SELECT * from task WHERE classId = ? 
2020-11-10 00:11:10 -==> Parameters: 6(Integer)
2020-11-10 00:11:10 -==>  Preparing: SELECT * from USER where id = ? 
2020-11-10 00:11:10 -<==      Total: 3
2020-11-10 00:11:10 -==> Parameters: 11(Integer)
2020-11-10 00:11:10 -<==      Total: 1
2020-11-10 00:11:10 -==>  Preparing: SELECT * from course WHERE id = ? 
2020-11-10 00:11:10 -==> Parameters: 2(Integer)
2020-11-10 00:11:10 -<==      Total: 1
2020-11-10 00:11:10 -==>  Preparing: SELECT * from class WHERE courseId = ? 
2020-11-10 00:11:10 -==> Parameters: 2(Integer)
2020-11-10 00:11:11 -<==      Total: 2
2020-11-10 00:11:11 -==>  Preparing: SELECT * from courseWare WHERE courseId = ? 
2020-11-10 00:11:11 -==> Parameters: 2(Integer)
2020-11-10 00:11:11 -<==      Total: 3
2020-11-10 00:11:21 -==>  Preparing: SELECT * from task WHERE id = ? 
2020-11-10 00:11:21 -==> Parameters: 4(Integer)
2020-11-10 00:11:21 -==>  Preparing: SELECT * from taskStu WHERE taskId = ? and studentId=? 
2020-11-10 00:11:21 -==> Parameters: 4(Integer), 11(Integer)
2020-11-10 00:11:21 -<==      Total: 1
2020-11-10 00:11:21 -==>  Preparing: SELECT * from taskWare WHERE taskId = ? 
2020-11-10 00:11:21 -==> Parameters: 4(Integer)
2020-11-10 00:11:21 -<==      Total: 0
2020-11-10 00:11:21 -<==      Total: 1
2020-11-10 00:11:29 -==>  Preparing: SELECT * from task WHERE id = ? 
2020-11-10 00:11:29 -==> Parameters: 5(Integer)
2020-11-10 00:11:29 -==>  Preparing: SELECT * from taskStu WHERE taskId = ? and studentId=? 
2020-11-10 00:11:29 -==> Parameters: 5(Integer), 11(Integer)
2020-11-10 00:11:29 -<==      Total: 1
2020-11-10 00:11:29 -==>  Preparing: SELECT * from taskWare WHERE taskId = ? 
2020-11-10 00:11:29 -==> Parameters: 5(Integer)
2020-11-10 00:11:29 -<==      Total: 1
2020-11-10 00:11:29 -<==      Total: 0
2020-11-10 00:11:38 -==>  Preparing: SELECT * from task WHERE id = ? 
2020-11-10 00:11:38 -==> Parameters: 6(Integer)
2020-11-10 00:11:38 -==>  Preparing: SELECT * from taskStu WHERE taskId = ? and studentId=? 
2020-11-10 00:11:38 -==> Parameters: 6(Integer), 11(Integer)
2020-11-10 00:11:38 -<==      Total: 1
2020-11-10 00:11:38 -==>  Preparing: UPDATE task SET status = 2 WHERE id=? 
2020-11-10 00:11:38 -==> Parameters: 6(Integer)
2020-11-10 00:11:39 -<==      Total: 1
2020-11-10 00:11:39 -<==    Updates: 1
2020-11-10 00:11:39 -==>  Preparing: SELECT * from taskWare WHERE taskId = ? 
2020-11-10 00:11:39 -==> Parameters: 6(Integer)
2020-11-10 00:11:39 -<==      Total: 0
2020-11-10 00:11:48 -==>  Preparing: SELECT * from task WHERE id = ? 
2020-11-10 00:11:48 -==> Parameters: 4(Integer)
2020-11-10 00:11:48 -==>  Preparing: SELECT * from taskStu WHERE taskId = ? and studentId=? 
2020-11-10 00:11:48 -==> Parameters: 4(Integer), 11(Integer)
2020-11-10 00:11:48 -<==      Total: 1
2020-11-10 00:11:48 -==>  Preparing: SELECT * from taskWare WHERE taskId = ? 
2020-11-10 00:11:48 -==> Parameters: 4(Integer)
2020-11-10 00:11:48 -<==      Total: 0
2020-11-10 00:11:48 -<==      Total: 1
2020-11-10 00:13:11 -==>  Preparing: SELECT * from task WHERE id = ? 
2020-11-10 00:13:11 -==> Parameters: 4(Integer)
2020-11-10 00:13:11 -==>  Preparing: SELECT * from taskStu WHERE taskId = ? and studentId=? 
2020-11-10 00:13:11 -==> Parameters: 4(Integer), 11(Integer)
2020-11-10 00:13:11 -<==      Total: 1
2020-11-10 00:13:11 -==>  Preparing: SELECT * from taskWare WHERE taskId = ? 
2020-11-10 00:13:11 -==> Parameters: 4(Integer)
2020-11-10 00:13:11 -<==      Total: 0
2020-11-10 00:13:11 -<==      Total: 1
2020-11-10 00:14:07 -==>  Preparing: SELECT * from task WHERE id = ? 
2020-11-10 00:14:07 -==> Parameters: 4(Integer)
2020-11-10 00:14:07 -==>  Preparing: SELECT * from taskStu WHERE taskId = ? and studentId=? 
2020-11-10 00:14:07 -==> Parameters: 4(Integer), 11(Integer)
2020-11-10 00:14:07 -<==      Total: 1
2020-11-10 00:14:07 -==>  Preparing: SELECT * from taskWare WHERE taskId = ? 
2020-11-10 00:14:07 -==> Parameters: 4(Integer)
2020-11-10 00:14:07 -<==      Total: 0
2020-11-10 00:14:07 -<==      Total: 1
2020-11-10 00:14:08 -==>  Preparing: SELECT * from USER where id = ? 
2020-11-10 00:14:08 -==> Parameters: 2(Integer)
2020-11-10 00:14:08 -<==      Total: 1
2020-11-10 00:14:08 -==>  Preparing: SELECT * from createClassApplication WHERE teacherId = ? 
2020-11-10 00:14:08 -==> Parameters: 2(Integer)
2020-11-10 00:14:08 -<==      Total: 6
2020-11-10 00:14:12 -==>  Preparing: SELECT * from grade 
2020-11-10 00:14:12 -==> Parameters: 
2020-11-10 00:14:12 -<==      Total: 7
2020-11-10 00:14:26 -==>  Preparing: SELECT t1.id id,user_name,name,reason,createDate,status,finishDate from SC2.createApplication t1 left join SC2.USER t2 on t2.id = t1.teacherId order by createDate desc; 
2020-11-10 00:14:26 -==> Parameters: 
2020-11-10 00:14:26 -<==      Total: 5
2020-11-10 00:14:32 -==>  Preparing: SELECT t1.id id,t1.name name,user_name,courseName,startDate,endDate,semesterName,gradeName,maxNum,createDate,status,finishDate from SC2.createClassApplication t1 left join SC2.USER t2 on t2.id = t1.teacherId order by createDate desc; 
2020-11-10 00:14:32 -==> Parameters: 
2020-11-10 00:14:32 -<==      Total: 6
2020-11-10 00:14:44 -==>  Preparing: SELECT * from USER where address = ? 
2020-11-10 00:14:44 -==> Parameters: 1653611386@qq.com(String)
2020-11-10 00:14:44 -<==      Total: 1
2020-11-10 00:14:44 -==>  Preparing: SELECT * from USER where address = ? 
2020-11-10 00:14:44 -==> Parameters: 1653611386@qq.com(String)
2020-11-10 00:14:44 -<==      Total: 1
2020-11-10 00:14:47 -==>  Preparing: SELECT * from USER where id = ? 
2020-11-10 00:14:47 -==> Parameters: 2(Integer)
2020-11-10 00:14:47 -<==      Total: 1
2020-11-10 00:14:47 -==>  Preparing: SELECT * from createApplication WHERE teacherId = ? 
2020-11-10 00:14:47 -==> Parameters: 2(Integer)
2020-11-10 00:14:47 -<==      Total: 5
2020-11-10 00:14:51 -==>  Preparing: SELECT * from semester 
2020-11-10 00:14:51 -==> Parameters: 
2020-11-10 00:14:51 -==>  Preparing: SELECT * from grade 
2020-11-10 00:14:51 -==> Parameters: 
2020-11-10 00:14:51 -==>  Preparing: SELECT * from USER where id = ? 
2020-11-10 00:14:51 -==> Parameters: 2(Integer)
2020-11-10 00:14:51 -<==      Total: 4
2020-11-10 00:14:51 -==>  Preparing: SELECT * from USER where id = ? 
2020-11-10 00:14:51 -==> Parameters: 2(Integer)
2020-11-10 00:14:51 -<==      Total: 7
2020-11-10 00:14:51 -<==      Total: 1
2020-11-10 00:14:51 -<==      Total: 1
2020-11-10 00:14:51 -==>  Preparing: SELECT * from createClassApplication WHERE teacherId = ? 
2020-11-10 00:14:51 -==> Parameters: 2(Integer)
2020-11-10 00:14:51 -==>  Preparing: SELECT * from course WHERE teacherId = ? 
2020-11-10 00:14:51 -==> Parameters: 2(Integer)
2020-11-10 00:14:51 -<==      Total: 3
2020-11-10 00:14:51 -<==      Total: 6
2020-11-10 00:17:21 -==>  Preparing: SELECT t1.id id,t1.name name,user_name,courseName,startDate,endDate,semesterName,gradeName,maxNum,createDate,status,finishDate from SC2.createClassApplication t1 left join SC2.USER t2 on t2.id = t1.teacherId order by createDate desc; 
2020-11-10 00:17:21 -==> Parameters: 
2020-11-10 00:17:21 -<==      Total: 6
2020-11-10 00:17:21 -==>  Preparing: SELECT t1.id id,user_name,name,reason,createDate,status,finishDate from SC2.createApplication t1 left join SC2.USER t2 on t2.id = t1.teacherId order by createDate desc; 
2020-11-10 00:17:21 -==> Parameters: 
2020-11-10 00:17:21 -<==      Total: 5
2020-11-10 00:17:23 -==>  Preparing: SELECT t1.id id,t1.name name,user_name,courseName,startDate,endDate,semesterName,gradeName,maxNum,createDate,status,finishDate from SC2.createClassApplication t1 left join SC2.USER t2 on t2.id = t1.teacherId order by createDate desc; 
2020-11-10 00:17:23 -==> Parameters: 
2020-11-10 00:17:23 -<==      Total: 6
2020-11-10 00:17:36 -==>  Preparing: SELECT * from USER where address = ? 
2020-11-10 00:17:36 -==> Parameters: 15868808504@163.com(String)
2020-11-10 00:17:36 -<==      Total: 1
2020-11-10 00:17:36 -==>  Preparing: SELECT * from USER where address = ? 
2020-11-10 00:17:36 -==> Parameters: 15868808504@163.com(String)
2020-11-10 00:17:36 -<==      Total: 1
2020-11-10 00:17:38 -==>  Preparing: SELECT * from class WHERE status in (0,1) 
2020-11-10 00:17:38 -==> Parameters: 
2020-11-10 00:17:38 -==>  Preparing: SELECT * from selectClass WHERE studentId = ? 
2020-11-10 00:17:38 -==> Parameters: 11(Integer)
2020-11-10 00:17:38 -<==      Total: 3
2020-11-10 00:17:38 -==>  Preparing: SELECT * from semester where id = ? 
2020-11-10 00:17:38 -==> Parameters: 3(Integer)
2020-11-10 00:17:38 -<==      Total: 1
2020-11-10 00:17:38 -==>  Preparing: SELECT * from grade WHERE id = ? 
2020-11-10 00:17:38 -==> Parameters: 5(Integer)
2020-11-10 00:17:38 -<==      Total: 2
2020-11-10 00:17:38 -<==      Total: 1
2020-11-10 00:17:38 -==>  Preparing: SELECT * from semester where id = ? 
2020-11-10 00:17:38 -==> Parameters: 2(Integer)
2020-11-10 00:17:38 -<==      Total: 1
2020-11-10 00:17:38 -==>  Preparing: SELECT * from grade WHERE id = ? 
2020-11-10 00:17:38 -==> Parameters: 3(Integer)
2020-11-10 00:17:38 -<==      Total: 1
2020-11-10 00:17:38 -==>  Preparing: SELECT * from semester where id = ? 
2020-11-10 00:17:38 -==> Parameters: 2(Integer)
2020-11-10 00:17:38 -<==      Total: 1
2020-11-10 00:17:38 -==>  Preparing: SELECT * from grade WHERE id = ? 
2020-11-10 00:17:38 -==> Parameters: 2(Integer)
2020-11-10 00:17:38 -<==      Total: 1
2020-11-10 00:17:39 -==>  Preparing: SELECT * from selectClass WHERE studentId = ? 
2020-11-10 00:17:39 -==> Parameters: 11(Integer)
2020-11-10 00:17:39 -<==      Total: 2
2020-11-10 00:17:39 -==>  Preparing: SELECT * from class WHERE id = ? 
2020-11-10 00:17:39 -==> Parameters: 6(Integer)
2020-11-10 00:17:39 -<==      Total: 1
2020-11-10 00:17:39 -==>  Preparing: SELECT * from class WHERE id = ? 
2020-11-10 00:17:39 -==> Parameters: 1(Integer)
2020-11-10 00:17:39 -<==      Total: 1
2020-11-10 00:17:41 -==>  Preparing: SELECT * from USER where id = ? 
2020-11-10 00:17:41 -==> Parameters: 11(Integer)
2020-11-10 00:17:41 -==>  Preparing: SELECT * from task WHERE classId = ? 
2020-11-10 00:17:41 -==> Parameters: 6(Integer)
2020-11-10 00:17:41 -<==      Total: 1
2020-11-10 00:17:41 -==>  Preparing: SELECT * from course WHERE id = ? 
2020-11-10 00:17:41 -==> Parameters: 2(Integer)
2020-11-10 00:17:41 -<==      Total: 1
2020-11-10 00:17:41 -==>  Preparing: SELECT * from class WHERE courseId = ? 
2020-11-10 00:17:41 -==> Parameters: 2(Integer)
2020-11-10 00:17:41 -<==      Total: 3
2020-11-10 00:17:42 -<==      Total: 2
2020-11-10 00:17:42 -==>  Preparing: SELECT * from courseWare WHERE courseId = ? 
2020-11-10 00:17:42 -==> Parameters: 2(Integer)
2020-11-10 00:17:42 -<==      Total: 3
2020-11-10 00:17:57 -==>  Preparing: SELECT * from task WHERE id = ? 
2020-11-10 00:17:57 -==> Parameters: 4(Integer)
2020-11-10 00:17:57 -==>  Preparing: SELECT * from taskStu WHERE taskId = ? and studentId=? 
2020-11-10 00:17:57 -==> Parameters: 4(Integer), 11(Integer)
2020-11-10 00:17:57 -<==      Total: 1
2020-11-10 00:17:57 -==>  Preparing: SELECT * from taskWare WHERE taskId = ? 
2020-11-10 00:17:57 -==> Parameters: 4(Integer)
2020-11-10 00:17:57 -<==      Total: 0
2020-11-10 00:17:57 -<==      Total: 1
2020-11-10 00:18:37 -==>  Preparing: SELECT * from selectClass WHERE studentId = ? 
2020-11-10 00:18:37 -==> Parameters: 11(Integer)
2020-11-10 00:18:37 -<==      Total: 2
2020-11-10 00:18:37 -==>  Preparing: SELECT * from class WHERE id = ? 
2020-11-10 00:18:37 -==> Parameters: 6(Integer)
2020-11-10 00:18:37 -<==      Total: 1
2020-11-10 00:18:37 -==>  Preparing: SELECT * from class WHERE id = ? 
2020-11-10 00:18:37 -==> Parameters: 1(Integer)
2020-11-10 00:18:37 -<==      Total: 1
2020-11-10 00:19:15 -Closing org.springframework.boot.context.embedded.AnnotationConfigEmbeddedWebApplicationContext@78e117e3: startup date [Mon Nov 09 22:44:34 CST 2020]; root of context hierarchy
2020-11-10 00:19:15 -Unregistering JMX-exposed beans on shutdown
2020-11-10 23:15:26 -Starting SpringBootUserApplication on lyy-inspiron-5488 with PID 3624 (/home/lyy/IdeaProjects/com.lyy/blog/target/classes started by lyy in /home/lyy/IdeaProjects/com.lyy/blog)
2020-11-10 23:15:26 -No active profile set, falling back to default profiles: default
2020-11-10 23:15:26 -Refreshing org.springframework.boot.context.embedded.AnnotationConfigEmbeddedWebApplicationContext@78e117e3: startup date [Tue Nov 10 23:15:26 CST 2020]; root of context hierarchy
2020-11-10 23:15:27 -Multiple Spring Data modules found, entering strict repository configuration mode!
2020-11-10 23:15:27 -Tomcat initialized with port(s): 8080 (http)
2020-11-10 23:15:28 -Root WebApplicationContext: initialization completed in 1520 ms
2020-11-10 23:15:28 -Mapping servlet: 'dispatcherServlet' to [/]
2020-11-10 23:15:28 -Mapping filter: 'characterEncodingFilter' to: [/*]
2020-11-10 23:15:28 -Mapping filter: 'hiddenHttpMethodFilter' to: [/*]
2020-11-10 23:15:28 -Mapping filter: 'httpPutFormContentFilter' to: [/*]
2020-11-10 23:15:28 -Mapping filter: 'requestContextFilter' to: [/*]
2020-11-10 23:15:28 -Looking for @ControllerAdvice: org.springframework.boot.context.embedded.AnnotationConfigEmbeddedWebApplicationContext@78e117e3: startup date [Tue Nov 10 23:15:26 CST 2020]; root of context hierarchy
2020-11-10 23:15:28 -Mapped "{[/admin/allApplyCreList],methods=[GET]}" onto public cn.org.test.common.ServerResponse cn.org.test.controller.AdminController.getCreList(javax.servlet.http.HttpServletResponse)
2020-11-10 23:15:28 -Mapped "{[/admin/allApplyCreClassList],methods=[GET]}" onto public cn.org.test.common.ServerResponse cn.org.test.controller.AdminController.getCreClassList(javax.servlet.http.HttpServletResponse)
2020-11-10 23:15:28 -Mapped "{[/admin/dealCreApply],methods=[POST]}" onto public cn.org.test.common.ServerResponse cn.org.test.controller.AdminController.dealCreApply(java.lang.Integer,java.lang.Integer,javax.servlet.http.HttpServletResponse)
2020-11-10 23:15:28 -Mapped "{[/admin/dealCreClassApply],methods=[POST]}" onto public cn.org.test.common.ServerResponse cn.org.test.controller.AdminController.dealCreClassApply(java.lang.Integer,java.lang.Integer,javax.servlet.http.HttpServletResponse)
2020-11-10 23:15:28 -Mapped "{[/course/semesterList],methods=[GET]}" onto public cn.org.test.common.ServerResponse cn.org.test.controller.CourseController.getSemesterList(javax.servlet.http.HttpServletResponse)
2020-11-10 23:15:28 -Mapped "{[/course/gradeList],methods=[GET]}" onto public cn.org.test.common.ServerResponse cn.org.test.controller.CourseController.getGradeList(javax.servlet.http.HttpServletResponse)
2020-11-10 23:15:28 -Mapped "{[/course/createApply],methods=[POST]}" onto public cn.org.test.common.ServerResponse cn.org.test.controller.CourseController.createApply(cn.org.test.req.CreateCourseReq,javax.servlet.http.HttpServletResponse)
2020-11-10 23:15:28 -Mapped "{[/stu/selectClassList],methods=[GET]}" onto public cn.org.test.common.ServerResponse cn.org.test.controller.StudentController.selectClassList()
2020-11-10 23:15:28 -Mapped "{[/stu/getSelectedCourses],methods=[GET]}" onto public cn.org.test.common.ServerResponse cn.org.test.controller.StudentController.getSelectedCourses(java.lang.Integer)
2020-11-10 23:15:28 -Mapped "{[/stu/selectClass],methods=[POST]}" onto public cn.org.test.common.ServerResponse cn.org.test.controller.StudentController.selectClass(java.lang.Integer,java.lang.Integer)
2020-11-10 23:15:28 -Mapped "{[/stu/disSelectClass],methods=[POST]}" onto public cn.org.test.common.ServerResponse cn.org.test.controller.StudentController.disSelectClass(java.lang.Integer,java.lang.Integer)
2020-11-10 23:15:28 -Mapped "{[/stu/getClassesList],methods=[GET]}" onto public cn.org.test.common.ServerResponse cn.org.test.controller.StudentController.getClassesList(java.lang.Integer)
2020-11-10 23:15:28 -Mapped "{[/stu/getTaskList],methods=[GET]}" onto public cn.org.test.common.ServerResponse cn.org.test.controller.StudentController.getTaskList(java.lang.Integer)
2020-11-10 23:15:28 -Mapped "{[/stu/uploadTask],methods=[POST]}" onto public cn.org.test.common.ServerResponse cn.org.test.controller.StudentController.uploadTask(java.lang.Integer,org.springframework.web.multipart.MultipartFile,java.lang.Integer)
2020-11-10 23:15:28 -Mapped "{[/stu/getStuTaskDetail],methods=[GET]}" onto public cn.org.test.common.ServerResponse cn.org.test.controller.StudentController.getStuTaskDetail(java.lang.Integer,java.lang.Integer)
2020-11-10 23:15:28 -Mapped "{[/tch/applyCreList],methods=[GET]}" onto public cn.org.test.common.ServerResponse cn.org.test.controller.TeacherController.getCreList(java.lang.Integer,javax.servlet.http.HttpServletResponse)
2020-11-10 23:15:28 -Mapped "{[/tch/applyCreClassList],methods=[GET]}" onto public cn.org.test.common.ServerResponse cn.org.test.controller.TeacherController.getCreClassList(java.lang.Integer,javax.servlet.http.HttpServletResponse)
2020-11-10 23:15:28 -Mapped "{[/tch/getCoursesList],methods=[GET]}" onto public cn.org.test.common.ServerResponse cn.org.test.controller.TeacherController.getCoursesList(java.lang.Integer,javax.servlet.http.HttpServletResponse)
2020-11-10 23:15:28 -Mapped "{[/tch/creClassApply],methods=[POST]}" onto public cn.org.test.common.ServerResponse cn.org.test.controller.TeacherController.creClassApply(cn.org.test.req.CreateClassReq,javax.servlet.http.HttpServletResponse)
2020-11-10 23:15:28 -Mapped "{[/tch/getCourseDetail],methods=[GET]}" onto public cn.org.test.common.ServerResponse cn.org.test.controller.TeacherController.getCourseDetail(java.lang.Integer,javax.servlet.http.HttpServletResponse)
2020-11-10 23:15:28 -Mapped "{[/tch/getTaskList],methods=[GET]}" onto public cn.org.test.common.ServerResponse cn.org.test.controller.TeacherController.getTaskList(java.lang.Integer,javax.servlet.http.HttpServletResponse)
2020-11-10 23:15:28 -Mapped "{[/tch/uploadFile],methods=[POST]}" onto public cn.org.test.common.ServerResponse cn.org.test.controller.TeacherController.uploadFile(java.lang.Integer,org.springframework.web.multipart.MultipartFile[],javax.servlet.http.HttpServletRequest,javax.servlet.http.HttpServletResponse)
2020-11-10 23:15:28 -Mapped "{[/tch/getClassDetail],methods=[GET]}" onto public cn.org.test.common.ServerResponse cn.org.test.controller.TeacherController.getClassDetail(java.lang.Integer,javax.servlet.http.HttpServletResponse)
2020-11-10 23:15:28 -Mapped "{[/tch/createTask],methods=[POST]}" onto public cn.org.test.common.ServerResponse cn.org.test.controller.TeacherController.createTask(java.lang.Integer,org.springframework.web.multipart.MultipartFile[],java.lang.String,java.lang.String,java.lang.String,java.lang.String,javax.servlet.http.HttpServletRequest,javax.servlet.http.HttpServletResponse)
2020-11-10 23:15:28 -Mapped "{[/tch/getTaskDetail],methods=[GET]}" onto public cn.org.test.common.ServerResponse cn.org.test.controller.TeacherController.getTaskDetail(java.lang.Integer,javax.servlet.http.HttpServletResponse)
2020-11-10 23:15:28 -Mapped "{[/tch/getStuTaskStatus],methods=[GET]}" onto public cn.org.test.common.ServerResponse cn.org.test.controller.TeacherController.getStuTaskStatus(java.lang.Integer)
2020-11-10 23:15:28 -Mapped "{[/tch/downloadExcel],methods=[GET]}" onto public void cn.org.test.controller.TeacherController.downloadExcel(java.lang.Integer,java.lang.String,javax.servlet.http.HttpServletResponse) throws java.io.IOException
2020-11-10 23:15:28 -Mapped "{[/tch/uploadTaskScore],methods=[POST]}" onto public cn.org.test.common.ServerResponse cn.org.test.controller.TeacherController.uploadTaskScore(java.lang.Integer,org.springframework.web.multipart.MultipartFile,javax.servlet.http.HttpServletResponse) throws java.io.IOException
2020-11-10 23:15:28 -Mapped "{[/tch/deleteCourseWare],methods=[POST]}" onto public cn.org.test.common.ServerResponse cn.org.test.controller.TeacherController.deleteCourseWare(java.lang.Integer)
2020-11-10 23:15:28 -Mapped "{[/user/registerStudent],methods=[POST]}" onto public cn.org.test.common.ServerResponse<cn.org.test.pojo.User> cn.org.test.controller.UserController.registerStudent(cn.org.test.req.RegisterReq,javax.servlet.http.HttpServletRequest)
2020-11-10 23:15:28 -Mapped "{[/user/loginPwd],methods=[POST]}" onto public cn.org.test.common.ServerResponse cn.org.test.controller.UserController.loginPwd(java.lang.String,java.lang.String,javax.servlet.http.HttpServletResponse) throws java.io.UnsupportedEncodingException
2020-11-10 23:15:28 -Mapped "{[/user/getMessage],methods=[GET]}" onto public cn.org.test.common.ServerResponse cn.org.test.controller.UserController.getMessage()
2020-11-10 23:15:28 -Mapped "{[/user/verify],methods=[POST]}" onto public cn.org.test.common.ServerResponse<java.lang.String> cn.org.test.controller.UserController.verify(java.lang.String,javax.servlet.http.HttpServletRequest)
2020-11-10 23:15:28 -Mapped "{[/error],produces=[text/html]}" onto public org.springframework.web.servlet.ModelAndView org.springframework.boot.autoconfigure.web.BasicErrorController.errorHtml(javax.servlet.http.HttpServletRequest,javax.servlet.http.HttpServletResponse)
2020-11-10 23:15:28 -Mapped "{[/error]}" onto public org.springframework.http.ResponseEntity<java.util.Map<java.lang.String, java.lang.Object>> org.springframework.boot.autoconfigure.web.BasicErrorController.error(javax.servlet.http.HttpServletRequest)
2020-11-10 23:15:28 -Mapped URL path [/webjars/**] onto handler of type [class org.springframework.web.servlet.resource.ResourceHttpRequestHandler]
2020-11-10 23:15:28 -Mapped URL path [/download/**] onto handler of type [class org.springframework.web.servlet.resource.ResourceHttpRequestHandler]
2020-11-10 23:15:28 -Mapped URL path [/**/favicon.ico] onto handler of type [class org.springframework.web.servlet.resource.ResourceHttpRequestHandler]
2020-11-10 23:15:29 -Registering beans for JMX exposure on startup
2020-11-10 23:15:29 -Tomcat started on port(s): 8080 (http)
2020-11-10 23:15:29 -Started SpringBootUserApplication in 3.153 seconds (JVM running for 3.804)
2020-11-10 23:40:09 -FrameworkServlet 'dispatcherServlet': initialization started
2020-11-10 23:40:09 -FrameworkServlet 'dispatcherServlet': initialization completed in 9 ms
2020-11-10 23:40:13 -==>  Preparing: SELECT * from USER where address = ? 
2020-11-10 23:40:13 -==> Parameters: 15868808504@163.com(String)
2020-11-10 23:40:13 -<==      Total: 1
2020-11-10 23:40:13 -==>  Preparing: SELECT * from USER where address = ? 
2020-11-10 23:40:13 -==> Parameters: 15868808504@163.com(String)
2020-11-10 23:40:13 -<==      Total: 1
2020-11-10 23:40:16 -==>  Preparing: SELECT * from selectClass WHERE studentId = ? 
2020-11-10 23:40:16 -==>  Preparing: SELECT * from class WHERE status in (0,1) 
2020-11-10 23:40:16 -==> Parameters: 11(Integer)
2020-11-10 23:40:16 -==> Parameters: 
2020-11-10 23:40:16 -<==      Total: 2
2020-11-10 23:40:16 -<==      Total: 3
2020-11-10 23:40:16 -==>  Preparing: SELECT * from semester where id = ? 
2020-11-10 23:40:16 -==> Parameters: 3(Integer)
2020-11-10 23:40:16 -<==      Total: 1
2020-11-10 23:40:16 -==>  Preparing: SELECT * from grade WHERE id = ? 
2020-11-10 23:40:16 -==> Parameters: 5(Integer)
2020-11-10 23:40:16 -<==      Total: 1
2020-11-10 23:40:16 -==>  Preparing: SELECT * from semester where id = ? 
2020-11-10 23:40:16 -==> Parameters: 2(Integer)
2020-11-10 23:40:16 -<==      Total: 1
2020-11-10 23:40:16 -==>  Preparing: SELECT * from grade WHERE id = ? 
2020-11-10 23:40:16 -==> Parameters: 3(Integer)
2020-11-10 23:40:16 -<==      Total: 1
2020-11-10 23:40:16 -==>  Preparing: SELECT * from semester where id = ? 
2020-11-10 23:40:16 -==> Parameters: 2(Integer)
2020-11-10 23:40:16 -<==      Total: 1
2020-11-10 23:40:16 -==>  Preparing: SELECT * from grade WHERE id = ? 
2020-11-10 23:40:16 -==> Parameters: 2(Integer)
2020-11-10 23:40:16 -<==      Total: 1
2020-11-10 23:40:21 -==>  Preparing: SELECT * from selectClass WHERE studentId = ? 
2020-11-10 23:40:21 -==> Parameters: 11(Integer)
2020-11-10 23:40:21 -<==      Total: 2
2020-11-10 23:40:21 -==>  Preparing: SELECT * from class WHERE id = ? 
2020-11-10 23:40:21 -==> Parameters: 6(Integer)
2020-11-10 23:40:21 -<==      Total: 1
2020-11-10 23:40:21 -==>  Preparing: SELECT * from class WHERE id = ? 
2020-11-10 23:40:21 -==> Parameters: 1(Integer)
2020-11-10 23:40:21 -<==      Total: 1
2020-11-10 23:40:23 -==>  Preparing: SELECT * from task WHERE classId = ? 
2020-11-10 23:40:23 -==> Parameters: 6(Integer)
2020-11-10 23:40:23 -==>  Preparing: SELECT * from USER where id = ? 
2020-11-10 23:40:23 -==> Parameters: 11(Integer)
2020-11-10 23:40:23 -<==      Total: 3
2020-11-10 23:40:23 -<==      Total: 1
2020-11-10 23:40:23 -==>  Preparing: SELECT * from course WHERE id = ? 
2020-11-10 23:40:23 -==> Parameters: 2(Integer)
2020-11-10 23:40:23 -<==      Total: 1
2020-11-10 23:40:23 -==>  Preparing: SELECT * from class WHERE courseId = ? 
2020-11-10 23:40:23 -==> Parameters: 2(Integer)
2020-11-10 23:40:23 -<==      Total: 2
2020-11-10 23:40:23 -==>  Preparing: SELECT * from courseWare WHERE courseId = ? 
2020-11-10 23:40:23 -==> Parameters: 2(Integer)
2020-11-10 23:40:23 -<==      Total: 3
2020-11-10 23:40:25 -==>  Preparing: SELECT * from task WHERE classId = ? 
2020-11-10 23:40:25 -==> Parameters: 1(Integer)
2020-11-10 23:40:25 -==>  Preparing: SELECT * from USER where id = ? 
2020-11-10 23:40:25 -<==      Total: 0
2020-11-10 23:40:25 -==> Parameters: 11(Integer)
2020-11-10 23:40:25 -<==      Total: 1
2020-11-10 23:40:25 -==>  Preparing: SELECT * from course WHERE id = ? 
2020-11-10 23:40:25 -==> Parameters: 3(Integer)
2020-11-10 23:40:25 -<==      Total: 1
2020-11-10 23:40:25 -==>  Preparing: SELECT * from class WHERE courseId = ? 
2020-11-10 23:40:25 -==> Parameters: 3(Integer)
2020-11-10 23:40:25 -<==      Total: 2
2020-11-10 23:40:25 -==>  Preparing: SELECT * from courseWare WHERE courseId = ? 
2020-11-10 23:40:25 -==> Parameters: 3(Integer)
2020-11-10 23:40:25 -<==      Total: 5
2020-11-10 23:54:22 -==>  Preparing: SELECT * from task WHERE classId = ? 
2020-11-10 23:54:22 -==> Parameters: 6(Integer)
2020-11-10 23:54:22 -==>  Preparing: SELECT * from USER where id = ? 
2020-11-10 23:54:22 -==> Parameters: 11(Integer)
2020-11-10 23:54:22 -<==      Total: 3
2020-11-10 23:54:22 -<==      Total: 1
2020-11-10 23:54:22 -==>  Preparing: SELECT * from course WHERE id = ? 
2020-11-10 23:54:22 -==> Parameters: 2(Integer)
2020-11-10 23:54:22 -<==      Total: 1
2020-11-10 23:54:22 -==>  Preparing: SELECT * from class WHERE courseId = ? 
2020-11-10 23:54:22 -==> Parameters: 2(Integer)
2020-11-10 23:54:22 -<==      Total: 2
2020-11-10 23:54:22 -==>  Preparing: SELECT * from courseWare WHERE courseId = ? 
2020-11-10 23:54:22 -==> Parameters: 2(Integer)
2020-11-10 23:54:23 -<==      Total: 3
