2020-10-27 13:03:42 -Starting SpringBootUserApplication on lyy-inspiron-5488 with PID 4220 (/home/lyy/IdeaProjects/com.lyy/blog/target/classes started by lyy in /home/lyy/IdeaProjects/com.lyy/blog)
2020-10-27 13:03:42 -No active profile set, falling back to default profiles: default
2020-10-27 13:03:42 -Refreshing org.springframework.boot.context.embedded.AnnotationConfigEmbeddedWebApplicationContext@6e0dec4a: startup date [Tue Oct 27 13:03:42 CST 2020]; root of context hierarchy
2020-10-27 13:03:44 -Multiple Spring Data modules found, entering strict repository configuration mode!
2020-10-27 13:03:44 -Tomcat initialized with port(s): 8080 (http)
2020-10-27 13:03:44 -Root WebApplicationContext: initialization completed in 2047 ms
2020-10-27 13:03:45 -Mapping servlet: 'dispatcherServlet' to [/]
2020-10-27 13:03:45 -Mapping filter: 'characterEncodingFilter' to: [/*]
2020-10-27 13:03:45 -Mapping filter: 'hiddenHttpMethodFilter' to: [/*]
2020-10-27 13:03:45 -Mapping filter: 'httpPutFormContentFilter' to: [/*]
2020-10-27 13:03:45 -Mapping filter: 'requestContextFilter' to: [/*]
2020-10-27 13:03:45 -Looking for @ControllerAdvice: org.springframework.boot.context.embedded.AnnotationConfigEmbeddedWebApplicationContext@6e0dec4a: startup date [Tue Oct 27 13:03:42 CST 2020]; root of context hierarchy
2020-10-27 13:03:45 -Mapped "{[/user/loginPwd],methods=[POST]}" onto public cn.org.test.common.ServerResponse cn.org.test.controller.UserController.loginPwd(java.lang.String,java.lang.String,javax.servlet.http.HttpServletResponse) throws java.io.UnsupportedEncodingException
2020-10-27 13:03:45 -Mapped "{[/user/registerStudent],methods=[POST]}" onto public cn.org.test.common.ServerResponse<cn.org.test.pojo.User> cn.org.test.controller.UserController.registerStudent(cn.org.test.req.RegisterReq,javax.servlet.http.HttpServletRequest)
2020-10-27 13:03:45 -Mapped "{[/user/getMessage],methods=[GET]}" onto public cn.org.test.common.ServerResponse cn.org.test.controller.UserController.getMessage()
2020-10-27 13:03:45 -Mapped "{[/user/verify],methods=[POST]}" onto public cn.org.test.common.ServerResponse<java.lang.String> cn.org.test.controller.UserController.verify(java.lang.String,javax.servlet.http.HttpServletRequest)
2020-10-27 13:03:45 -Mapped "{[/error],produces=[text/html]}" onto public org.springframework.web.servlet.ModelAndView org.springframework.boot.autoconfigure.web.BasicErrorController.errorHtml(javax.servlet.http.HttpServletRequest,javax.servlet.http.HttpServletResponse)
2020-10-27 13:03:45 -Mapped "{[/error]}" onto public org.springframework.http.ResponseEntity<java.util.Map<java.lang.String, java.lang.Object>> org.springframework.boot.autoconfigure.web.BasicErrorController.error(javax.servlet.http.HttpServletRequest)
2020-10-27 13:03:45 -Mapped URL path [/webjars/**] onto handler of type [class org.springframework.web.servlet.resource.ResourceHttpRequestHandler]
2020-10-27 13:03:45 -Mapped URL path [/**] onto handler of type [class org.springframework.web.servlet.resource.ResourceHttpRequestHandler]
2020-10-27 13:03:45 -Mapped URL path [/**/favicon.ico] onto handler of type [class org.springframework.web.servlet.resource.ResourceHttpRequestHandler]
2020-10-27 13:03:46 -Registering beans for JMX exposure on startup
2020-10-27 13:03:46 -Tomcat started on port(s): 8080 (http)
2020-10-27 13:03:46 -Started SpringBootUserApplication in 4.028 seconds (JVM running for 4.553)
2020-10-27 13:07:06 -FrameworkServlet 'dispatcherServlet': initialization started
2020-10-27 13:07:06 -FrameworkServlet 'dispatcherServlet': initialization completed in 10 ms
2020-10-27 13:07:10 -==>  Preparing: SELECT * from USER where address = ? 
2020-10-27 13:07:10 -==> Parameters: 1586880804@163.com(String)
2020-10-27 13:07:10 -<==      Total: 0
2020-10-27 13:07:10 -Servlet.service() for servlet [dispatcherServlet] in context with path [] threw exception [Request processing failed; nested exception is java.lang.NullPointerException] with root cause
java.lang.NullPointerException: null
	at cn.org.test.controller.UserController.loginPwd(UserController.java:53)
	at sun.reflect.NativeMethodAccessorImpl.invoke0(Native Method)
	at sun.reflect.NativeMethodAccessorImpl.invoke(NativeMethodAccessorImpl.java:62)
	at sun.reflect.DelegatingMethodAccessorImpl.invoke(DelegatingMethodAccessorImpl.java:43)
	at java.lang.reflect.Method.invoke(Method.java:498)
	at org.springframework.web.method.support.InvocableHandlerMethod.doInvoke(InvocableHandlerMethod.java:205)
	at org.springframework.web.method.support.InvocableHandlerMethod.invokeForRequest(InvocableHandlerMethod.java:133)
	at org.springframework.web.servlet.mvc.method.annotation.ServletInvocableHandlerMethod.invokeAndHandle(ServletInvocableHandlerMethod.java:97)
	at org.springframework.web.servlet.mvc.method.annotation.RequestMappingHandlerAdapter.invokeHandlerMethod(RequestMappingHandlerAdapter.java:827)
	at org.springframework.web.servlet.mvc.method.annotation.RequestMappingHandlerAdapter.handleInternal(RequestMappingHandlerAdapter.java:738)
	at org.springframework.web.servlet.mvc.method.AbstractHandlerMethodAdapter.handle(AbstractHandlerMethodAdapter.java:85)
	at org.springframework.web.servlet.DispatcherServlet.doDispatch(DispatcherServlet.java:963)
	at org.springframework.web.servlet.DispatcherServlet.doService(DispatcherServlet.java:897)
	at org.springframework.web.servlet.FrameworkServlet.processRequest(FrameworkServlet.java:970)
	at org.springframework.web.servlet.FrameworkServlet.doPost(FrameworkServlet.java:872)
	at javax.servlet.http.HttpServlet.service(HttpServlet.java:661)
	at org.springframework.web.servlet.FrameworkServlet.service(FrameworkServlet.java:846)
	at javax.servlet.http.HttpServlet.service(HttpServlet.java:742)
	at org.apache.catalina.core.ApplicationFilterChain.internalDoFilter(ApplicationFilterChain.java:231)
	at org.apache.catalina.core.ApplicationFilterChain.doFilter(ApplicationFilterChain.java:166)
	at org.apache.tomcat.websocket.server.WsFilter.doFilter(WsFilter.java:52)
	at org.apache.catalina.core.ApplicationFilterChain.internalDoFilter(ApplicationFilterChain.java:193)
	at org.apache.catalina.core.ApplicationFilterChain.doFilter(ApplicationFilterChain.java:166)
	at org.springframework.web.filter.RequestContextFilter.doFilterInternal(RequestContextFilter.java:99)
	at org.springframework.web.filter.OncePerRequestFilter.doFilter(OncePerRequestFilter.java:107)
	at org.apache.catalina.core.ApplicationFilterChain.internalDoFilter(ApplicationFilterChain.java:193)
	at org.apache.catalina.core.ApplicationFilterChain.doFilter(ApplicationFilterChain.java:166)
	at org.springframework.web.filter.HttpPutFormContentFilter.doFilterInternal(HttpPutFormContentFilter.java:105)
	at org.springframework.web.filter.OncePerRequestFilter.doFilter(OncePerRequestFilter.java:107)
	at org.apache.catalina.core.ApplicationFilterChain.internalDoFilter(ApplicationFilterChain.java:193)
	at org.apache.catalina.core.ApplicationFilterChain.doFilter(ApplicationFilterChain.java:166)
	at org.springframework.web.filter.HiddenHttpMethodFilter.doFilterInternal(HiddenHttpMethodFilter.java:81)
	at org.springframework.web.filter.OncePerRequestFilter.doFilter(OncePerRequestFilter.java:107)
	at org.apache.catalina.core.ApplicationFilterChain.internalDoFilter(ApplicationFilterChain.java:193)
	at org.apache.catalina.core.ApplicationFilterChain.doFilter(ApplicationFilterChain.java:166)
	at org.springframework.web.filter.CharacterEncodingFilter.doFilterInternal(CharacterEncodingFilter.java:197)
	at org.springframework.web.filter.OncePerRequestFilter.doFilter(OncePerRequestFilter.java:107)
	at org.apache.catalina.core.ApplicationFilterChain.internalDoFilter(ApplicationFilterChain.java:193)
	at org.apache.catalina.core.ApplicationFilterChain.doFilter(ApplicationFilterChain.java:166)
	at org.apache.catalina.core.StandardWrapperValve.invoke(StandardWrapperValve.java:198)
	at org.apache.catalina.core.StandardContextValve.invoke(StandardContextValve.java:96)
	at org.apache.catalina.authenticator.AuthenticatorBase.invoke(AuthenticatorBase.java:478)
	at org.apache.catalina.core.StandardHostValve.invoke(StandardHostValve.java:140)
	at org.apache.catalina.valves.ErrorReportValve.invoke(ErrorReportValve.java:80)
	at org.apache.catalina.core.StandardEngineValve.invoke(StandardEngineValve.java:87)
	at org.apache.catalina.connector.CoyoteAdapter.service(CoyoteAdapter.java:342)
	at org.apache.coyote.http11.Http11Processor.service(Http11Processor.java:799)
	at org.apache.coyote.AbstractProcessorLight.process(AbstractProcessorLight.java:66)
	at org.apache.coyote.AbstractProtocol$ConnectionHandler.process(AbstractProtocol.java:861)
	at org.apache.tomcat.util.net.NioEndpoint$SocketProcessor.doRun(NioEndpoint.java:1455)
	at org.apache.tomcat.util.net.SocketProcessorBase.run(SocketProcessorBase.java:49)
	at java.util.concurrent.ThreadPoolExecutor.runWorker(ThreadPoolExecutor.java:1149)
	at java.util.concurrent.ThreadPoolExecutor$Worker.run(ThreadPoolExecutor.java:624)
	at org.apache.tomcat.util.threads.TaskThread$WrappingRunnable.run(TaskThread.java:61)
	at java.lang.Thread.run(Thread.java:748)
2020-10-27 13:07:29 -==>  Preparing: SELECT * from USER where address = ? 
2020-10-27 13:07:29 -==> Parameters: 1586880804@163.com(String)
2020-10-27 13:07:29 -<==      Total: 0
2020-10-27 13:07:29 -Servlet.service() for servlet [dispatcherServlet] in context with path [] threw exception [Request processing failed; nested exception is java.lang.NullPointerException] with root cause
java.lang.NullPointerException: null
	at cn.org.test.controller.UserController.loginPwd(UserController.java:53)
	at sun.reflect.NativeMethodAccessorImpl.invoke0(Native Method)
	at sun.reflect.NativeMethodAccessorImpl.invoke(NativeMethodAccessorImpl.java:62)
	at sun.reflect.DelegatingMethodAccessorImpl.invoke(DelegatingMethodAccessorImpl.java:43)
	at java.lang.reflect.Method.invoke(Method.java:498)
	at org.springframework.web.method.support.InvocableHandlerMethod.doInvoke(InvocableHandlerMethod.java:205)
	at org.springframework.web.method.support.InvocableHandlerMethod.invokeForRequest(InvocableHandlerMethod.java:133)
	at org.springframework.web.servlet.mvc.method.annotation.ServletInvocableHandlerMethod.invokeAndHandle(ServletInvocableHandlerMethod.java:97)
	at org.springframework.web.servlet.mvc.method.annotation.RequestMappingHandlerAdapter.invokeHandlerMethod(RequestMappingHandlerAdapter.java:827)
	at org.springframework.web.servlet.mvc.method.annotation.RequestMappingHandlerAdapter.handleInternal(RequestMappingHandlerAdapter.java:738)
	at org.springframework.web.servlet.mvc.method.AbstractHandlerMethodAdapter.handle(AbstractHandlerMethodAdapter.java:85)
	at org.springframework.web.servlet.DispatcherServlet.doDispatch(DispatcherServlet.java:963)
	at org.springframework.web.servlet.DispatcherServlet.doService(DispatcherServlet.java:897)
	at org.springframework.web.servlet.FrameworkServlet.processRequest(FrameworkServlet.java:970)
	at org.springframework.web.servlet.FrameworkServlet.doPost(FrameworkServlet.java:872)
	at javax.servlet.http.HttpServlet.service(HttpServlet.java:661)
	at org.springframework.web.servlet.FrameworkServlet.service(FrameworkServlet.java:846)
	at javax.servlet.http.HttpServlet.service(HttpServlet.java:742)
	at org.apache.catalina.core.ApplicationFilterChain.internalDoFilter(ApplicationFilterChain.java:231)
	at org.apache.catalina.core.ApplicationFilterChain.doFilter(ApplicationFilterChain.java:166)
	at org.apache.tomcat.websocket.server.WsFilter.doFilter(WsFilter.java:52)
	at org.apache.catalina.core.ApplicationFilterChain.internalDoFilter(ApplicationFilterChain.java:193)
	at org.apache.catalina.core.ApplicationFilterChain.doFilter(ApplicationFilterChain.java:166)
	at org.springframework.web.filter.RequestContextFilter.doFilterInternal(RequestContextFilter.java:99)
	at org.springframework.web.filter.OncePerRequestFilter.doFilter(OncePerRequestFilter.java:107)
	at org.apache.catalina.core.ApplicationFilterChain.internalDoFilter(ApplicationFilterChain.java:193)
	at org.apache.catalina.core.ApplicationFilterChain.doFilter(ApplicationFilterChain.java:166)
	at org.springframework.web.filter.HttpPutFormContentFilter.doFilterInternal(HttpPutFormContentFilter.java:105)
	at org.springframework.web.filter.OncePerRequestFilter.doFilter(OncePerRequestFilter.java:107)
	at org.apache.catalina.core.ApplicationFilterChain.internalDoFilter(ApplicationFilterChain.java:193)
	at org.apache.catalina.core.ApplicationFilterChain.doFilter(ApplicationFilterChain.java:166)
	at org.springframework.web.filter.HiddenHttpMethodFilter.doFilterInternal(HiddenHttpMethodFilter.java:81)
	at org.springframework.web.filter.OncePerRequestFilter.doFilter(OncePerRequestFilter.java:107)
	at org.apache.catalina.core.ApplicationFilterChain.internalDoFilter(ApplicationFilterChain.java:193)
	at org.apache.catalina.core.ApplicationFilterChain.doFilter(ApplicationFilterChain.java:166)
	at org.springframework.web.filter.CharacterEncodingFilter.doFilterInternal(CharacterEncodingFilter.java:197)
	at org.springframework.web.filter.OncePerRequestFilter.doFilter(OncePerRequestFilter.java:107)
	at org.apache.catalina.core.ApplicationFilterChain.internalDoFilter(ApplicationFilterChain.java:193)
	at org.apache.catalina.core.ApplicationFilterChain.doFilter(ApplicationFilterChain.java:166)
	at org.apache.catalina.core.StandardWrapperValve.invoke(StandardWrapperValve.java:198)
	at org.apache.catalina.core.StandardContextValve.invoke(StandardContextValve.java:96)
	at org.apache.catalina.authenticator.AuthenticatorBase.invoke(AuthenticatorBase.java:478)
	at org.apache.catalina.core.StandardHostValve.invoke(StandardHostValve.java:140)
	at org.apache.catalina.valves.ErrorReportValve.invoke(ErrorReportValve.java:80)
	at org.apache.catalina.core.StandardEngineValve.invoke(StandardEngineValve.java:87)
	at org.apache.catalina.connector.CoyoteAdapter.service(CoyoteAdapter.java:342)
	at org.apache.coyote.http11.Http11Processor.service(Http11Processor.java:799)
	at org.apache.coyote.AbstractProcessorLight.process(AbstractProcessorLight.java:66)
	at org.apache.coyote.AbstractProtocol$ConnectionHandler.process(AbstractProtocol.java:861)
	at org.apache.tomcat.util.net.NioEndpoint$SocketProcessor.doRun(NioEndpoint.java:1455)
	at org.apache.tomcat.util.net.SocketProcessorBase.run(SocketProcessorBase.java:49)
	at java.util.concurrent.ThreadPoolExecutor.runWorker(ThreadPoolExecutor.java:1149)
	at java.util.concurrent.ThreadPoolExecutor$Worker.run(ThreadPoolExecutor.java:624)
	at org.apache.tomcat.util.threads.TaskThread$WrappingRunnable.run(TaskThread.java:61)
	at java.lang.Thread.run(Thread.java:748)
2020-10-27 13:38:06 -Closing org.springframework.boot.context.embedded.AnnotationConfigEmbeddedWebApplicationContext@6e0dec4a: startup date [Tue Oct 27 13:03:42 CST 2020]; root of context hierarchy
2020-10-27 13:38:06 -Unregistering JMX-exposed beans on shutdown
2020-10-27 13:38:13 -Starting SpringBootUserApplication on lyy-inspiron-5488 with PID 5711 (/home/lyy/IdeaProjects/com.lyy/blog/target/classes started by lyy in /home/lyy/IdeaProjects/com.lyy/blog)
2020-10-27 13:38:13 -No active profile set, falling back to default profiles: default
2020-10-27 13:38:13 -Refreshing org.springframework.boot.context.embedded.AnnotationConfigEmbeddedWebApplicationContext@6e0dec4a: startup date [Tue Oct 27 13:38:13 CST 2020]; root of context hierarchy
2020-10-27 13:38:14 -Multiple Spring Data modules found, entering strict repository configuration mode!
2020-10-27 13:38:14 -Tomcat initialized with port(s): 8080 (http)
2020-10-27 13:38:14 -Root WebApplicationContext: initialization completed in 1044 ms
2020-10-27 13:38:14 -Mapping servlet: 'dispatcherServlet' to [/]
2020-10-27 13:38:14 -Mapping filter: 'characterEncodingFilter' to: [/*]
2020-10-27 13:38:14 -Mapping filter: 'hiddenHttpMethodFilter' to: [/*]
2020-10-27 13:38:14 -Mapping filter: 'httpPutFormContentFilter' to: [/*]
2020-10-27 13:38:14 -Mapping filter: 'requestContextFilter' to: [/*]
2020-10-27 13:38:15 -Looking for @ControllerAdvice: org.springframework.boot.context.embedded.AnnotationConfigEmbeddedWebApplicationContext@6e0dec4a: startup date [Tue Oct 27 13:38:13 CST 2020]; root of context hierarchy
2020-10-27 13:38:15 -Mapped "{[/user/loginPwd],methods=[POST]}" onto public cn.org.test.common.ServerResponse cn.org.test.controller.UserController.loginPwd(java.lang.String,java.lang.String,javax.servlet.http.HttpServletResponse) throws java.io.UnsupportedEncodingException
2020-10-27 13:38:15 -Mapped "{[/user/registerStudent],methods=[POST]}" onto public cn.org.test.common.ServerResponse<cn.org.test.pojo.User> cn.org.test.controller.UserController.registerStudent(cn.org.test.req.RegisterReq,javax.servlet.http.HttpServletRequest)
2020-10-27 13:38:15 -Mapped "{[/user/getMessage],methods=[GET]}" onto public cn.org.test.common.ServerResponse cn.org.test.controller.UserController.getMessage()
2020-10-27 13:38:15 -Mapped "{[/user/verify],methods=[POST]}" onto public cn.org.test.common.ServerResponse<java.lang.String> cn.org.test.controller.UserController.verify(java.lang.String,javax.servlet.http.HttpServletRequest)
2020-10-27 13:38:15 -Mapped "{[/error],produces=[text/html]}" onto public org.springframework.web.servlet.ModelAndView org.springframework.boot.autoconfigure.web.BasicErrorController.errorHtml(javax.servlet.http.HttpServletRequest,javax.servlet.http.HttpServletResponse)
2020-10-27 13:38:15 -Mapped "{[/error]}" onto public org.springframework.http.ResponseEntity<java.util.Map<java.lang.String, java.lang.Object>> org.springframework.boot.autoconfigure.web.BasicErrorController.error(javax.servlet.http.HttpServletRequest)
2020-10-27 13:38:15 -Mapped URL path [/webjars/**] onto handler of type [class org.springframework.web.servlet.resource.ResourceHttpRequestHandler]
2020-10-27 13:38:15 -Mapped URL path [/**] onto handler of type [class org.springframework.web.servlet.resource.ResourceHttpRequestHandler]
2020-10-27 13:38:15 -Mapped URL path [/**/favicon.ico] onto handler of type [class org.springframework.web.servlet.resource.ResourceHttpRequestHandler]
2020-10-27 13:38:15 -Registering beans for JMX exposure on startup
2020-10-27 13:38:15 -Tomcat started on port(s): 8080 (http)
2020-10-27 13:38:15 -Started SpringBootUserApplication in 2.063 seconds (JVM running for 2.537)
2020-10-27 13:38:21 -FrameworkServlet 'dispatcherServlet': initialization started
2020-10-27 13:38:21 -FrameworkServlet 'dispatcherServlet': initialization completed in 8 ms
2020-10-27 13:38:25 -==>  Preparing: SELECT * from USER where address = ? 
2020-10-27 13:38:25 -==> Parameters: 15868808504@163.com(String)
2020-10-27 13:38:25 -<==      Total: 1
2020-10-27 13:38:25 -==>  Preparing: SELECT * from USER where address = ? 
2020-10-27 13:38:25 -==> Parameters: 15868808504@163.com(String)
2020-10-27 13:38:25 -<==      Total: 1
2020-10-27 13:38:32 -==>  Preparing: SELECT * from USER where address = ? 
2020-10-27 13:38:32 -==> Parameters: 15868808504@163.com(String)
2020-10-27 13:38:32 -<==      Total: 1
2020-10-27 13:38:32 -==>  Preparing: SELECT * from USER where address = ? 
2020-10-27 13:38:32 -==> Parameters: 15868808504@163.com(String)
2020-10-27 13:38:32 -<==      Total: 1
2020-10-27 13:39:13 -==>  Preparing: SELECT * from USER where address = ? 
2020-10-27 13:39:13 -==> Parameters: 15868808504@163.com(String)
2020-10-27 13:39:13 -<==      Total: 1
2020-10-27 13:39:13 -==>  Preparing: SELECT * from USER where address = ? 
2020-10-27 13:39:13 -==> Parameters: 15868808504@163.com(String)
2020-10-27 13:39:13 -<==      Total: 1
2020-10-27 13:39:36 -==>  Preparing: SELECT * from USER where address = ? 
2020-10-27 13:39:36 -==> Parameters: 1653611386@qq.com(String)
2020-10-27 13:39:36 -<==      Total: 1
2020-10-27 13:39:36 -==>  Preparing: SELECT * from USER where address = ? 
2020-10-27 13:39:36 -==> Parameters: 1653611386@qq.com(String)
2020-10-27 13:39:36 -<==      Total: 1
2020-10-27 14:13:05 -Closing org.springframework.boot.context.embedded.AnnotationConfigEmbeddedWebApplicationContext@6e0dec4a: startup date [Tue Oct 27 13:38:13 CST 2020]; root of context hierarchy
2020-10-27 14:13:05 -Unregistering JMX-exposed beans on shutdown
2020-10-27 14:13:09 -Starting SpringBootUserApplication on lyy-inspiron-5488 with PID 7328 (/home/lyy/IdeaProjects/com.lyy/blog/target/classes started by lyy in /home/lyy/IdeaProjects/com.lyy/blog)
2020-10-27 14:13:09 -No active profile set, falling back to default profiles: default
2020-10-27 14:13:09 -Refreshing org.springframework.boot.context.embedded.AnnotationConfigEmbeddedWebApplicationContext@6e0dec4a: startup date [Tue Oct 27 14:13:09 CST 2020]; root of context hierarchy
2020-10-27 14:13:10 -Multiple Spring Data modules found, entering strict repository configuration mode!
2020-10-27 14:13:10 -Tomcat initialized with port(s): 8080 (http)
2020-10-27 14:13:10 -Root WebApplicationContext: initialization completed in 946 ms
2020-10-27 14:13:10 -Mapping servlet: 'dispatcherServlet' to [/]
2020-10-27 14:13:10 -Mapping filter: 'characterEncodingFilter' to: [/*]
2020-10-27 14:13:10 -Mapping filter: 'hiddenHttpMethodFilter' to: [/*]
2020-10-27 14:13:10 -Mapping filter: 'httpPutFormContentFilter' to: [/*]
2020-10-27 14:13:10 -Mapping filter: 'requestContextFilter' to: [/*]
2020-10-27 14:13:10 -Looking for @ControllerAdvice: org.springframework.boot.context.embedded.AnnotationConfigEmbeddedWebApplicationContext@6e0dec4a: startup date [Tue Oct 27 14:13:09 CST 2020]; root of context hierarchy
2020-10-27 14:13:11 -Mapped "{[/course/semesterList],methods=[GET]}" onto public cn.org.test.common.ServerResponse cn.org.test.controller.CourseController.getSemesterList(javax.servlet.http.HttpServletResponse)
2020-10-27 14:13:11 -Mapped "{[/user/loginPwd],methods=[POST]}" onto public cn.org.test.common.ServerResponse cn.org.test.controller.UserController.loginPwd(java.lang.String,java.lang.String,javax.servlet.http.HttpServletResponse) throws java.io.UnsupportedEncodingException
2020-10-27 14:13:11 -Mapped "{[/user/registerStudent],methods=[POST]}" onto public cn.org.test.common.ServerResponse<cn.org.test.pojo.User> cn.org.test.controller.UserController.registerStudent(cn.org.test.req.RegisterReq,javax.servlet.http.HttpServletRequest)
2020-10-27 14:13:11 -Mapped "{[/user/getMessage],methods=[GET]}" onto public cn.org.test.common.ServerResponse cn.org.test.controller.UserController.getMessage()
2020-10-27 14:13:11 -Mapped "{[/user/verify],methods=[POST]}" onto public cn.org.test.common.ServerResponse<java.lang.String> cn.org.test.controller.UserController.verify(java.lang.String,javax.servlet.http.HttpServletRequest)
2020-10-27 14:13:11 -Mapped "{[/error],produces=[text/html]}" onto public org.springframework.web.servlet.ModelAndView org.springframework.boot.autoconfigure.web.BasicErrorController.errorHtml(javax.servlet.http.HttpServletRequest,javax.servlet.http.HttpServletResponse)
2020-10-27 14:13:11 -Mapped "{[/error]}" onto public org.springframework.http.ResponseEntity<java.util.Map<java.lang.String, java.lang.Object>> org.springframework.boot.autoconfigure.web.BasicErrorController.error(javax.servlet.http.HttpServletRequest)
2020-10-27 14:13:11 -Mapped URL path [/webjars/**] onto handler of type [class org.springframework.web.servlet.resource.ResourceHttpRequestHandler]
2020-10-27 14:13:11 -Mapped URL path [/**] onto handler of type [class org.springframework.web.servlet.resource.ResourceHttpRequestHandler]
2020-10-27 14:13:11 -Mapped URL path [/**/favicon.ico] onto handler of type [class org.springframework.web.servlet.resource.ResourceHttpRequestHandler]
2020-10-27 14:13:11 -Registering beans for JMX exposure on startup
2020-10-27 14:13:11 -Tomcat started on port(s): 8080 (http)
2020-10-27 14:13:11 -Started SpringBootUserApplication in 1.96 seconds (JVM running for 2.376)
2020-10-27 14:13:55 -FrameworkServlet 'dispatcherServlet': initialization started
2020-10-27 14:13:55 -FrameworkServlet 'dispatcherServlet': initialization completed in 9 ms
2020-10-27 14:13:58 -==>  Preparing: SELECT * from Semester 
2020-10-27 14:13:58 -==> Parameters: 
2020-10-27 14:13:58 -Loading XML bean definitions from class path resource [org/springframework/jdbc/support/sql-error-codes.xml]
2020-10-27 14:13:59 -SQLErrorCodes loaded: [DB2, Derby, H2, HSQL, Informix, MS-SQL, MySQL, Oracle, PostgreSQL, Sybase, Hana]
2020-10-27 14:13:59 -Servlet.service() for servlet [dispatcherServlet] in context with path [] threw exception [Request processing failed; nested exception is org.springframework.jdbc.BadSqlGrammarException: 
### Error querying database.  Cause: com.mysql.jdbc.exceptions.jdbc4.MySQLSyntaxErrorException: Table 'SC2.Semester' doesn't exist
### The error may exist in file [/home/lyy/IdeaProjects/com.lyy/blog/target/classes/mapper/semesterMapper.xml]
### The error may involve cn.org.test.mapper.SemesterMapper.getAllSemester-Inline
### The error occurred while setting parameters
### SQL: SELECT * from Semester
### Cause: com.mysql.jdbc.exceptions.jdbc4.MySQLSyntaxErrorException: Table 'SC2.Semester' doesn't exist
; bad SQL grammar []; nested exception is com.mysql.jdbc.exceptions.jdbc4.MySQLSyntaxErrorException: Table 'SC2.Semester' doesn't exist] with root cause
com.mysql.jdbc.exceptions.jdbc4.MySQLSyntaxErrorException: Table 'SC2.Semester' doesn't exist
	at sun.reflect.NativeConstructorAccessorImpl.newInstance0(Native Method)
	at sun.reflect.NativeConstructorAccessorImpl.newInstance(NativeConstructorAccessorImpl.java:62)
	at sun.reflect.DelegatingConstructorAccessorImpl.newInstance(DelegatingConstructorAccessorImpl.java:45)
	at java.lang.reflect.Constructor.newInstance(Constructor.java:423)
	at com.mysql.jdbc.Util.handleNewInstance(Util.java:425)
	at com.mysql.jdbc.Util.getInstance(Util.java:408)
	at com.mysql.jdbc.SQLError.createSQLException(SQLError.java:943)
	at com.mysql.jdbc.MysqlIO.checkErrorPacket(MysqlIO.java:3973)
	at com.mysql.jdbc.MysqlIO.checkErrorPacket(MysqlIO.java:3909)
	at com.mysql.jdbc.MysqlIO.sendCommand(MysqlIO.java:2527)
	at com.mysql.jdbc.MysqlIO.sqlQueryDirect(MysqlIO.java:2680)
	at com.mysql.jdbc.ConnectionImpl.execSQL(ConnectionImpl.java:2501)
	at com.mysql.jdbc.PreparedStatement.executeInternal(PreparedStatement.java:1858)
	at com.mysql.jdbc.PreparedStatement.execute(PreparedStatement.java:1197)
	at sun.reflect.NativeMethodAccessorImpl.invoke0(Native Method)
	at sun.reflect.NativeMethodAccessorImpl.invoke(NativeMethodAccessorImpl.java:62)
	at sun.reflect.DelegatingMethodAccessorImpl.invoke(DelegatingMethodAccessorImpl.java:43)
	at java.lang.reflect.Method.invoke(Method.java:498)
	at org.apache.tomcat.jdbc.pool.StatementFacade$StatementProxy.invoke(StatementFacade.java:114)
	at com.sun.proxy.$Proxy82.execute(Unknown Source)
	at sun.reflect.NativeMethodAccessorImpl.invoke0(Native Method)
	at sun.reflect.NativeMethodAccessorImpl.invoke(NativeMethodAccessorImpl.java:62)
	at sun.reflect.DelegatingMethodAccessorImpl.invoke(DelegatingMethodAccessorImpl.java:43)
	at java.lang.reflect.Method.invoke(Method.java:498)
	at org.apache.ibatis.logging.jdbc.PreparedStatementLogger.invoke(PreparedStatementLogger.java:59)
	at com.sun.proxy.$Proxy83.execute(Unknown Source)
	at org.apache.ibatis.executor.statement.PreparedStatementHandler.query(PreparedStatementHandler.java:63)
	at org.apache.ibatis.executor.statement.RoutingStatementHandler.query(RoutingStatementHandler.java:79)
	at org.apache.ibatis.executor.SimpleExecutor.doQuery(SimpleExecutor.java:63)
	at org.apache.ibatis.executor.BaseExecutor.queryFromDatabase(BaseExecutor.java:324)
	at org.apache.ibatis.executor.BaseExecutor.query(BaseExecutor.java:156)
	at org.apache.ibatis.executor.CachingExecutor.query(CachingExecutor.java:109)
	at org.apache.ibatis.executor.CachingExecutor.query(CachingExecutor.java:83)
	at org.apache.ibatis.session.defaults.DefaultSqlSession.selectList(DefaultSqlSession.java:148)
	at org.apache.ibatis.session.defaults.DefaultSqlSession.selectList(DefaultSqlSession.java:141)
	at sun.reflect.NativeMethodAccessorImpl.invoke0(Native Method)
	at sun.reflect.NativeMethodAccessorImpl.invoke(NativeMethodAccessorImpl.java:62)
	at sun.reflect.DelegatingMethodAccessorImpl.invoke(DelegatingMethodAccessorImpl.java:43)
	at java.lang.reflect.Method.invoke(Method.java:498)
	at org.mybatis.spring.SqlSessionTemplate$SqlSessionInterceptor.invoke(SqlSessionTemplate.java:433)
	at com.sun.proxy.$Proxy67.selectList(Unknown Source)
	at org.mybatis.spring.SqlSessionTemplate.selectList(SqlSessionTemplate.java:230)
	at org.apache.ibatis.binding.MapperMethod.executeForMany(MapperMethod.java:137)
	at org.apache.ibatis.binding.MapperMethod.execute(MapperMethod.java:75)
	at org.apache.ibatis.binding.MapperProxy.invoke(MapperProxy.java:59)
	at com.sun.proxy.$Proxy68.getAllSemester(Unknown Source)
	at cn.org.test.service.impl.CourseServiceImpl.getSemesterList(CourseServiceImpl.java:22)
	at cn.org.test.controller.CourseController.getSemesterList(CourseController.java:27)
	at sun.reflect.NativeMethodAccessorImpl.invoke0(Native Method)
	at sun.reflect.NativeMethodAccessorImpl.invoke(NativeMethodAccessorImpl.java:62)
	at sun.reflect.DelegatingMethodAccessorImpl.invoke(DelegatingMethodAccessorImpl.java:43)
	at java.lang.reflect.Method.invoke(Method.java:498)
	at org.springframework.web.method.support.InvocableHandlerMethod.doInvoke(InvocableHandlerMethod.java:205)
	at org.springframework.web.method.support.InvocableHandlerMethod.invokeForRequest(InvocableHandlerMethod.java:133)
	at org.springframework.web.servlet.mvc.method.annotation.ServletInvocableHandlerMethod.invokeAndHandle(ServletInvocableHandlerMethod.java:97)
	at org.springframework.web.servlet.mvc.method.annotation.RequestMappingHandlerAdapter.invokeHandlerMethod(RequestMappingHandlerAdapter.java:827)
	at org.springframework.web.servlet.mvc.method.annotation.RequestMappingHandlerAdapter.handleInternal(RequestMappingHandlerAdapter.java:738)
	at org.springframework.web.servlet.mvc.method.AbstractHandlerMethodAdapter.handle(AbstractHandlerMethodAdapter.java:85)
	at org.springframework.web.servlet.DispatcherServlet.doDispatch(DispatcherServlet.java:963)
	at org.springframework.web.servlet.DispatcherServlet.doService(DispatcherServlet.java:897)
	at org.springframework.web.servlet.FrameworkServlet.processRequest(FrameworkServlet.java:970)
	at org.springframework.web.servlet.FrameworkServlet.doGet(FrameworkServlet.java:861)
	at javax.servlet.http.HttpServlet.service(HttpServlet.java:635)
	at org.springframework.web.servlet.FrameworkServlet.service(FrameworkServlet.java:846)
	at javax.servlet.http.HttpServlet.service(HttpServlet.java:742)
	at org.apache.catalina.core.ApplicationFilterChain.internalDoFilter(ApplicationFilterChain.java:231)
	at org.apache.catalina.core.ApplicationFilterChain.doFilter(ApplicationFilterChain.java:166)
	at org.apache.tomcat.websocket.server.WsFilter.doFilter(WsFilter.java:52)
	at org.apache.catalina.core.ApplicationFilterChain.internalDoFilter(ApplicationFilterChain.java:193)
	at org.apache.catalina.core.ApplicationFilterChain.doFilter(ApplicationFilterChain.java:166)
	at org.springframework.web.filter.RequestContextFilter.doFilterInternal(RequestContextFilter.java:99)
	at org.springframework.web.filter.OncePerRequestFilter.doFilter(OncePerRequestFilter.java:107)
	at org.apache.catalina.core.ApplicationFilterChain.internalDoFilter(ApplicationFilterChain.java:193)
	at org.apache.catalina.core.ApplicationFilterChain.doFilter(ApplicationFilterChain.java:166)
	at org.springframework.web.filter.HttpPutFormContentFilter.doFilterInternal(HttpPutFormContentFilter.java:105)
	at org.springframework.web.filter.OncePerRequestFilter.doFilter(OncePerRequestFilter.java:107)
	at org.apache.catalina.core.ApplicationFilterChain.internalDoFilter(ApplicationFilterChain.java:193)
	at org.apache.catalina.core.ApplicationFilterChain.doFilter(ApplicationFilterChain.java:166)
	at org.springframework.web.filter.HiddenHttpMethodFilter.doFilterInternal(HiddenHttpMethodFilter.java:81)
	at org.springframework.web.filter.OncePerRequestFilter.doFilter(OncePerRequestFilter.java:107)
	at org.apache.catalina.core.ApplicationFilterChain.internalDoFilter(ApplicationFilterChain.java:193)
	at org.apache.catalina.core.ApplicationFilterChain.doFilter(ApplicationFilterChain.java:166)
	at org.springframework.web.filter.CharacterEncodingFilter.doFilterInternal(CharacterEncodingFilter.java:197)
	at org.springframework.web.filter.OncePerRequestFilter.doFilter(OncePerRequestFilter.java:107)
	at org.apache.catalina.core.ApplicationFilterChain.internalDoFilter(ApplicationFilterChain.java:193)
	at org.apache.catalina.core.ApplicationFilterChain.doFilter(ApplicationFilterChain.java:166)
	at org.apache.catalina.core.StandardWrapperValve.invoke(StandardWrapperValve.java:198)
	at org.apache.catalina.core.StandardContextValve.invoke(StandardContextValve.java:96)
	at org.apache.catalina.authenticator.AuthenticatorBase.invoke(AuthenticatorBase.java:478)
	at org.apache.catalina.core.StandardHostValve.invoke(StandardHostValve.java:140)
	at org.apache.catalina.valves.ErrorReportValve.invoke(ErrorReportValve.java:80)
	at org.apache.catalina.core.StandardEngineValve.invoke(StandardEngineValve.java:87)
	at org.apache.catalina.connector.CoyoteAdapter.service(CoyoteAdapter.java:342)
	at org.apache.coyote.http11.Http11Processor.service(Http11Processor.java:799)
	at org.apache.coyote.AbstractProcessorLight.process(AbstractProcessorLight.java:66)
	at org.apache.coyote.AbstractProtocol$ConnectionHandler.process(AbstractProtocol.java:861)
	at org.apache.tomcat.util.net.NioEndpoint$SocketProcessor.doRun(NioEndpoint.java:1455)
	at org.apache.tomcat.util.net.SocketProcessorBase.run(SocketProcessorBase.java:49)
	at java.util.concurrent.ThreadPoolExecutor.runWorker(ThreadPoolExecutor.java:1149)
	at java.util.concurrent.ThreadPoolExecutor$Worker.run(ThreadPoolExecutor.java:624)
	at org.apache.tomcat.util.threads.TaskThread$WrappingRunnable.run(TaskThread.java:61)
	at java.lang.Thread.run(Thread.java:748)
2020-10-27 14:14:46 -Closing org.springframework.boot.context.embedded.AnnotationConfigEmbeddedWebApplicationContext@6e0dec4a: startup date [Tue Oct 27 14:13:09 CST 2020]; root of context hierarchy
2020-10-27 14:14:46 -Unregistering JMX-exposed beans on shutdown
2020-10-27 14:14:48 -Starting SpringBootUserApplication on lyy-inspiron-5488 with PID 7887 (/home/lyy/IdeaProjects/com.lyy/blog/target/classes started by lyy in /home/lyy/IdeaProjects/com.lyy/blog)
2020-10-27 14:14:48 -No active profile set, falling back to default profiles: default
2020-10-27 14:14:48 -Refreshing org.springframework.boot.context.embedded.AnnotationConfigEmbeddedWebApplicationContext@6e0dec4a: startup date [Tue Oct 27 14:14:48 CST 2020]; root of context hierarchy
2020-10-27 14:14:49 -Multiple Spring Data modules found, entering strict repository configuration mode!
2020-10-27 14:14:49 -Tomcat initialized with port(s): 8080 (http)
2020-10-27 14:14:49 -Root WebApplicationContext: initialization completed in 1076 ms
2020-10-27 14:14:49 -Mapping servlet: 'dispatcherServlet' to [/]
2020-10-27 14:14:49 -Mapping filter: 'characterEncodingFilter' to: [/*]
2020-10-27 14:14:49 -Mapping filter: 'hiddenHttpMethodFilter' to: [/*]
2020-10-27 14:14:49 -Mapping filter: 'httpPutFormContentFilter' to: [/*]
2020-10-27 14:14:49 -Mapping filter: 'requestContextFilter' to: [/*]
2020-10-27 14:14:50 -Looking for @ControllerAdvice: org.springframework.boot.context.embedded.AnnotationConfigEmbeddedWebApplicationContext@6e0dec4a: startup date [Tue Oct 27 14:14:48 CST 2020]; root of context hierarchy
2020-10-27 14:14:50 -Mapped "{[/course/semesterList],methods=[GET]}" onto public cn.org.test.common.ServerResponse cn.org.test.controller.CourseController.getSemesterList(javax.servlet.http.HttpServletResponse)
2020-10-27 14:14:50 -Mapped "{[/user/loginPwd],methods=[POST]}" onto public cn.org.test.common.ServerResponse cn.org.test.controller.UserController.loginPwd(java.lang.String,java.lang.String,javax.servlet.http.HttpServletResponse) throws java.io.UnsupportedEncodingException
2020-10-27 14:14:50 -Mapped "{[/user/registerStudent],methods=[POST]}" onto public cn.org.test.common.ServerResponse<cn.org.test.pojo.User> cn.org.test.controller.UserController.registerStudent(cn.org.test.req.RegisterReq,javax.servlet.http.HttpServletRequest)
2020-10-27 14:14:50 -Mapped "{[/user/getMessage],methods=[GET]}" onto public cn.org.test.common.ServerResponse cn.org.test.controller.UserController.getMessage()
2020-10-27 14:14:50 -Mapped "{[/user/verify],methods=[POST]}" onto public cn.org.test.common.ServerResponse<java.lang.String> cn.org.test.controller.UserController.verify(java.lang.String,javax.servlet.http.HttpServletRequest)
2020-10-27 14:14:50 -Mapped "{[/error],produces=[text/html]}" onto public org.springframework.web.servlet.ModelAndView org.springframework.boot.autoconfigure.web.BasicErrorController.errorHtml(javax.servlet.http.HttpServletRequest,javax.servlet.http.HttpServletResponse)
2020-10-27 14:14:50 -Mapped "{[/error]}" onto public org.springframework.http.ResponseEntity<java.util.Map<java.lang.String, java.lang.Object>> org.springframework.boot.autoconfigure.web.BasicErrorController.error(javax.servlet.http.HttpServletRequest)
2020-10-27 14:14:50 -Mapped URL path [/webjars/**] onto handler of type [class org.springframework.web.servlet.resource.ResourceHttpRequestHandler]
2020-10-27 14:14:50 -Mapped URL path [/**] onto handler of type [class org.springframework.web.servlet.resource.ResourceHttpRequestHandler]
2020-10-27 14:14:50 -Mapped URL path [/**/favicon.ico] onto handler of type [class org.springframework.web.servlet.resource.ResourceHttpRequestHandler]
2020-10-27 14:14:50 -Registering beans for JMX exposure on startup
2020-10-27 14:14:50 -Tomcat started on port(s): 8080 (http)
2020-10-27 14:14:50 -Started SpringBootUserApplication in 2.142 seconds (JVM running for 2.613)
2020-10-27 14:15:04 -FrameworkServlet 'dispatcherServlet': initialization started
2020-10-27 14:15:04 -FrameworkServlet 'dispatcherServlet': initialization completed in 14 ms
2020-10-27 14:15:07 -==>  Preparing: SELECT * from semester 
2020-10-27 14:15:08 -==> Parameters: 
2020-10-27 14:15:08 -<==      Total: 4
2020-10-27 14:17:14 -Closing org.springframework.boot.context.embedded.AnnotationConfigEmbeddedWebApplicationContext@6e0dec4a: startup date [Tue Oct 27 14:14:48 CST 2020]; root of context hierarchy
2020-10-27 14:17:14 -Unregistering JMX-exposed beans on shutdown
2020-10-27 14:17:17 -Starting SpringBootUserApplication on lyy-inspiron-5488 with PID 8151 (/home/lyy/IdeaProjects/com.lyy/blog/target/classes started by lyy in /home/lyy/IdeaProjects/com.lyy/blog)
2020-10-27 14:17:17 -No active profile set, falling back to default profiles: default
2020-10-27 14:17:17 -Refreshing org.springframework.boot.context.embedded.AnnotationConfigEmbeddedWebApplicationContext@6e0dec4a: startup date [Tue Oct 27 14:17:17 CST 2020]; root of context hierarchy
2020-10-27 14:17:17 -Multiple Spring Data modules found, entering strict repository configuration mode!
2020-10-27 14:17:18 -Tomcat initialized with port(s): 8080 (http)
2020-10-27 14:17:18 -Root WebApplicationContext: initialization completed in 970 ms
2020-10-27 14:17:18 -Mapping servlet: 'dispatcherServlet' to [/]
2020-10-27 14:17:18 -Mapping filter: 'characterEncodingFilter' to: [/*]
2020-10-27 14:17:18 -Mapping filter: 'hiddenHttpMethodFilter' to: [/*]
2020-10-27 14:17:18 -Mapping filter: 'httpPutFormContentFilter' to: [/*]
2020-10-27 14:17:18 -Mapping filter: 'requestContextFilter' to: [/*]
2020-10-27 14:17:18 -Looking for @ControllerAdvice: org.springframework.boot.context.embedded.AnnotationConfigEmbeddedWebApplicationContext@6e0dec4a: startup date [Tue Oct 27 14:17:17 CST 2020]; root of context hierarchy
2020-10-27 14:17:18 -Mapped "{[/course/semesterList],methods=[GET]}" onto public cn.org.test.common.ServerResponse cn.org.test.controller.CourseController.getSemesterList(javax.servlet.http.HttpServletResponse)
2020-10-27 14:17:18 -Mapped "{[/user/registerStudent],methods=[POST]}" onto public cn.org.test.common.ServerResponse<cn.org.test.pojo.User> cn.org.test.controller.UserController.registerStudent(cn.org.test.req.RegisterReq,javax.servlet.http.HttpServletRequest)
2020-10-27 14:17:18 -Mapped "{[/user/loginPwd],methods=[POST]}" onto public cn.org.test.common.ServerResponse cn.org.test.controller.UserController.loginPwd(java.lang.String,java.lang.String,javax.servlet.http.HttpServletResponse) throws java.io.UnsupportedEncodingException
2020-10-27 14:17:18 -Mapped "{[/user/getMessage],methods=[GET]}" onto public cn.org.test.common.ServerResponse cn.org.test.controller.UserController.getMessage()
2020-10-27 14:17:18 -Mapped "{[/user/verify],methods=[POST]}" onto public cn.org.test.common.ServerResponse<java.lang.String> cn.org.test.controller.UserController.verify(java.lang.String,javax.servlet.http.HttpServletRequest)
2020-10-27 14:17:18 -Mapped "{[/error],produces=[text/html]}" onto public org.springframework.web.servlet.ModelAndView org.springframework.boot.autoconfigure.web.BasicErrorController.errorHtml(javax.servlet.http.HttpServletRequest,javax.servlet.http.HttpServletResponse)
2020-10-27 14:17:18 -Mapped "{[/error]}" onto public org.springframework.http.ResponseEntity<java.util.Map<java.lang.String, java.lang.Object>> org.springframework.boot.autoconfigure.web.BasicErrorController.error(javax.servlet.http.HttpServletRequest)
2020-10-27 14:17:18 -Mapped URL path [/webjars/**] onto handler of type [class org.springframework.web.servlet.resource.ResourceHttpRequestHandler]
2020-10-27 14:17:18 -Mapped URL path [/**] onto handler of type [class org.springframework.web.servlet.resource.ResourceHttpRequestHandler]
2020-10-27 14:17:18 -Mapped URL path [/**/favicon.ico] onto handler of type [class org.springframework.web.servlet.resource.ResourceHttpRequestHandler]
2020-10-27 14:17:18 -Registering beans for JMX exposure on startup
2020-10-27 14:17:18 -Tomcat started on port(s): 8080 (http)
2020-10-27 14:17:18 -Started SpringBootUserApplication in 2.074 seconds (JVM running for 2.45)
2020-10-27 14:17:24 -FrameworkServlet 'dispatcherServlet': initialization started
2020-10-27 14:17:24 -FrameworkServlet 'dispatcherServlet': initialization completed in 8 ms
2020-10-27 14:17:28 -==>  Preparing: SELECT * from semester 
2020-10-27 14:17:28 -==> Parameters: 
2020-10-27 14:17:28 -<==      Total: 4
2020-10-27 14:22:39 -==>  Preparing: SELECT * from semester 
2020-10-27 14:22:39 -==> Parameters: 
2020-10-27 14:22:39 -<==      Total: 4
2020-10-27 14:23:14 -==>  Preparing: SELECT * from semester 
2020-10-27 14:23:14 -==> Parameters: 
2020-10-27 14:23:14 -<==      Total: 4
2020-10-27 14:23:41 -==>  Preparing: SELECT * from semester 
2020-10-27 14:23:41 -==> Parameters: 
2020-10-27 14:23:41 -<==      Total: 4
2020-10-27 14:24:00 -==>  Preparing: SELECT * from semester 
2020-10-27 14:24:00 -==> Parameters: 
2020-10-27 14:24:00 -<==      Total: 4
2020-10-27 14:27:06 -==>  Preparing: SELECT * from semester 
2020-10-27 14:27:06 -==> Parameters: 
2020-10-27 14:27:06 -<==      Total: 4
2020-10-27 14:28:06 -==>  Preparing: SELECT * from semester 
2020-10-27 14:28:06 -==> Parameters: 
2020-10-27 14:28:06 -<==      Total: 4
2020-10-27 14:28:11 -==>  Preparing: SELECT * from semester 
2020-10-27 14:28:11 -==> Parameters: 
2020-10-27 14:28:11 -<==      Total: 4
