2020-10-14 12:47:04 -Closing org.springframework.boot.context.embedded.AnnotationConfigEmbeddedWebApplicationContext@2b6faea6: startup date [Tue Oct 13 14:20:58 CST 2020]; root of context hierarchy
2020-10-14 12:47:04 -Unregistering JMX-exposed beans on shutdown
2020-10-14 12:47:19 -Starting SpringBootUserApplication on lyy-Inspiron-5488 with PID 10230 (/home/lyy/IdeaProjects/com.lyy/blog/target/classes started by lyy in /home/lyy/IdeaProjects/com.lyy/blog)
2020-10-14 12:47:19 -No active profile set, falling back to default profiles: default
2020-10-14 12:47:19 -Refreshing org.springframework.boot.context.embedded.AnnotationConfigEmbeddedWebApplicationContext@2b6faea6: startup date [Wed Oct 14 12:47:19 CST 2020]; root of context hierarchy
2020-10-14 12:47:20 -Multiple Spring Data modules found, entering strict repository configuration mode!
2020-10-14 12:47:21 -Tomcat initialized with port(s): 8080 (http)
2020-10-14 12:47:21 -Root WebApplicationContext: initialization completed in 2245 ms
2020-10-14 12:47:21 -Mapping servlet: 'dispatcherServlet' to [/]
2020-10-14 12:47:21 -Mapping filter: 'characterEncodingFilter' to: [/*]
2020-10-14 12:47:21 -Mapping filter: 'hiddenHttpMethodFilter' to: [/*]
2020-10-14 12:47:21 -Mapping filter: 'httpPutFormContentFilter' to: [/*]
2020-10-14 12:47:21 -Mapping filter: 'requestContextFilter' to: [/*]
2020-10-14 12:47:22 -Looking for @ControllerAdvice: org.springframework.boot.context.embedded.AnnotationConfigEmbeddedWebApplicationContext@2b6faea6: startup date [Wed Oct 14 12:47:19 CST 2020]; root of context hierarchy
2020-10-14 12:47:22 -Mapped "{[/user/registerStudent],methods=[POST]}" onto public cn.org.test.common.ServerResponse<cn.org.test.pojo.User> cn.org.test.controller.UserController.registerStudent(cn.org.test.req.RegisterReq,javax.servlet.http.HttpServletRequest)
2020-10-14 12:47:22 -Mapped "{[/user/loginPwd],methods=[POST]}" onto public cn.org.test.common.ServerResponse<cn.org.test.pojo.User> cn.org.test.controller.UserController.loginPwd(java.lang.String,java.lang.String)
2020-10-14 12:47:22 -Mapped "{[/user/verify],methods=[POST]}" onto public cn.org.test.common.ServerResponse<java.lang.String> cn.org.test.controller.UserController.verify(java.lang.String,javax.servlet.http.HttpServletRequest)
2020-10-14 12:47:22 -Mapped "{[/error],produces=[text/html]}" onto public org.springframework.web.servlet.ModelAndView org.springframework.boot.autoconfigure.web.BasicErrorController.errorHtml(javax.servlet.http.HttpServletRequest,javax.servlet.http.HttpServletResponse)
2020-10-14 12:47:22 -Mapped "{[/error]}" onto public org.springframework.http.ResponseEntity<java.util.Map<java.lang.String, java.lang.Object>> org.springframework.boot.autoconfigure.web.BasicErrorController.error(javax.servlet.http.HttpServletRequest)
2020-10-14 12:47:22 -Mapped URL path [/webjars/**] onto handler of type [class org.springframework.web.servlet.resource.ResourceHttpRequestHandler]
2020-10-14 12:47:22 -Mapped URL path [/**] onto handler of type [class org.springframework.web.servlet.resource.ResourceHttpRequestHandler]
2020-10-14 12:47:22 -Mapped URL path [/**/favicon.ico] onto handler of type [class org.springframework.web.servlet.resource.ResourceHttpRequestHandler]
2020-10-14 12:47:23 -Registering beans for JMX exposure on startup
2020-10-14 12:47:23 -Tomcat started on port(s): 8080 (http)
2020-10-14 12:47:23 -Started SpringBootUserApplication in 4.714 seconds (JVM running for 5.48)
2020-10-14 12:47:35 -FrameworkServlet 'dispatcherServlet': initialization started
2020-10-14 12:47:35 -FrameworkServlet 'dispatcherServlet': initialization completed in 14 ms
2020-10-14 12:48:31 ---------------------start registerStudent----------------------
2020-10-14 12:48:38 -==>  Preparing: INSERT into USER(user_id,user_name,password,address,age) values(?, ?, ?,?,?) 
2020-10-14 12:48:38 -==> Parameters: jjjj(String), test2(String), 1(String), 15868808504@163.com(String), 0(Integer)
2020-10-14 12:48:38 -<==    Updates: 1
2020-10-14 12:48:38 ------inserted id is 1------------------------------
2020-10-14 12:48:38 -Servlet.service() for servlet [dispatcherServlet] in context with path [] threw exception [Request processing failed; nested exception is org.apache.ibatis.binding.BindingException: Invalid bound statement (not found): cn.org.test.mapper.UserRoleMapper.add] with root cause
org.apache.ibatis.binding.BindingException: Invalid bound statement (not found): cn.org.test.mapper.UserRoleMapper.add
	at org.apache.ibatis.binding.MapperMethod$SqlCommand.<init>(MapperMethod.java:225)
	at org.apache.ibatis.binding.MapperMethod.<init>(MapperMethod.java:48)
	at org.apache.ibatis.binding.MapperProxy.cachedMapperMethod(MapperProxy.java:65)
	at org.apache.ibatis.binding.MapperProxy.invoke(MapperProxy.java:58)
	at com.sun.proxy.$Proxy64.add(Unknown Source)
	at cn.org.test.service.impl.UserServiceImpl.registerStudent(UserServiceImpl.java:94)
	at cn.org.test.controller.UserController.registerStudent(UserController.java:68)
	at sun.reflect.NativeMethodAccessorImpl.invoke0(Native Method)
	at sun.reflect.NativeMethodAccessorImpl.invoke(NativeMethodAccessorImpl.java:62)
	at sun.reflect.DelegatingMethodAccessorImpl.invoke(DelegatingMethodAccessorImpl.java:43)
	at java.lang.reflect.Method.invoke(Method.java:498)
	at org.springframework.web.method.support.InvocableHandlerMethod.doInvoke(InvocableHandlerMethod.java:205)
	at org.springframework.web.method.support.InvocableHandlerMethod.invokeForRequest(InvocableHandlerMethod.java:133)
	at org.springframework.web.servlet.mvc.method.annotation.ServletInvocableHandlerMethod.invokeAndHandle(ServletInvocableHandlerMethod.java:97)
	at org.springframework.web.servlet.mvc.method.annotation.RequestMappingHandlerAdapter.invokeHandlerMethod(RequestMappingHandlerAdapter.java:827)
	at org.springframework.web.servlet.mvc.method.annotation.RequestMappingHandlerAdapter.handleInternal(RequestMappingHandlerAdapter.java:738)
	at org.springframework.web.servlet.mvc.method.AbstractHandlerMethodAdapter.handle(AbstractHandlerMethodAdapter.java:85)
	at org.springframework.web.servlet.DispatcherServlet.doDispatch(DispatcherServlet.java:963)
	at org.springframework.web.servlet.DispatcherServlet.doService(DispatcherServlet.java:897)
	at org.springframework.web.servlet.FrameworkServlet.processRequest(FrameworkServlet.java:970)
	at org.springframework.web.servlet.FrameworkServlet.doPost(FrameworkServlet.java:872)
	at javax.servlet.http.HttpServlet.service(HttpServlet.java:661)
	at org.springframework.web.servlet.FrameworkServlet.service(FrameworkServlet.java:846)
	at javax.servlet.http.HttpServlet.service(HttpServlet.java:742)
	at org.apache.catalina.core.ApplicationFilterChain.internalDoFilter(ApplicationFilterChain.java:231)
	at org.apache.catalina.core.ApplicationFilterChain.doFilter(ApplicationFilterChain.java:166)
	at org.apache.tomcat.websocket.server.WsFilter.doFilter(WsFilter.java:52)
	at org.apache.catalina.core.ApplicationFilterChain.internalDoFilter(ApplicationFilterChain.java:193)
	at org.apache.catalina.core.ApplicationFilterChain.doFilter(ApplicationFilterChain.java:166)
	at org.springframework.web.filter.RequestContextFilter.doFilterInternal(RequestContextFilter.java:99)
	at org.springframework.web.filter.OncePerRequestFilter.doFilter(OncePerRequestFilter.java:107)
	at org.apache.catalina.core.ApplicationFilterChain.internalDoFilter(ApplicationFilterChain.java:193)
	at org.apache.catalina.core.ApplicationFilterChain.doFilter(ApplicationFilterChain.java:166)
	at org.springframework.web.filter.HttpPutFormContentFilter.doFilterInternal(HttpPutFormContentFilter.java:105)
	at org.springframework.web.filter.OncePerRequestFilter.doFilter(OncePerRequestFilter.java:107)
	at org.apache.catalina.core.ApplicationFilterChain.internalDoFilter(ApplicationFilterChain.java:193)
	at org.apache.catalina.core.ApplicationFilterChain.doFilter(ApplicationFilterChain.java:166)
	at org.springframework.web.filter.HiddenHttpMethodFilter.doFilterInternal(HiddenHttpMethodFilter.java:81)
	at org.springframework.web.filter.OncePerRequestFilter.doFilter(OncePerRequestFilter.java:107)
	at org.apache.catalina.core.ApplicationFilterChain.internalDoFilter(ApplicationFilterChain.java:193)
	at org.apache.catalina.core.ApplicationFilterChain.doFilter(ApplicationFilterChain.java:166)
	at org.springframework.web.filter.CharacterEncodingFilter.doFilterInternal(CharacterEncodingFilter.java:197)
	at org.springframework.web.filter.OncePerRequestFilter.doFilter(OncePerRequestFilter.java:107)
	at org.apache.catalina.core.ApplicationFilterChain.internalDoFilter(ApplicationFilterChain.java:193)
	at org.apache.catalina.core.ApplicationFilterChain.doFilter(ApplicationFilterChain.java:166)
	at org.apache.catalina.core.StandardWrapperValve.invoke(StandardWrapperValve.java:198)
	at org.apache.catalina.core.StandardContextValve.invoke(StandardContextValve.java:96)
	at org.apache.catalina.authenticator.AuthenticatorBase.invoke(AuthenticatorBase.java:478)
	at org.apache.catalina.core.StandardHostValve.invoke(StandardHostValve.java:140)
	at org.apache.catalina.valves.ErrorReportValve.invoke(ErrorReportValve.java:80)
	at org.apache.catalina.core.StandardEngineValve.invoke(StandardEngineValve.java:87)
	at org.apache.catalina.connector.CoyoteAdapter.service(CoyoteAdapter.java:342)
	at org.apache.coyote.http11.Http11Processor.service(Http11Processor.java:799)
	at org.apache.coyote.AbstractProcessorLight.process(AbstractProcessorLight.java:66)
	at org.apache.coyote.AbstractProtocol$ConnectionHandler.process(AbstractProtocol.java:861)
	at org.apache.tomcat.util.net.NioEndpoint$SocketProcessor.doRun(NioEndpoint.java:1455)
	at org.apache.tomcat.util.net.SocketProcessorBase.run(SocketProcessorBase.java:49)
	at java.util.concurrent.ThreadPoolExecutor.runWorker(ThreadPoolExecutor.java:1149)
	at java.util.concurrent.ThreadPoolExecutor$Worker.run(ThreadPoolExecutor.java:624)
	at org.apache.tomcat.util.threads.TaskThread$WrappingRunnable.run(TaskThread.java:61)
	at java.lang.Thread.run(Thread.java:748)
2020-10-14 12:55:08 -Closing org.springframework.boot.context.embedded.AnnotationConfigEmbeddedWebApplicationContext@2b6faea6: startup date [Wed Oct 14 12:47:19 CST 2020]; root of context hierarchy
2020-10-14 12:55:08 -Unregistering JMX-exposed beans on shutdown
2020-10-14 12:55:17 -Starting SpringBootUserApplication on lyy-Inspiron-5488 with PID 10510 (/home/lyy/IdeaProjects/com.lyy/blog/target/classes started by lyy in /home/lyy/IdeaProjects/com.lyy/blog)
2020-10-14 12:55:17 -No active profile set, falling back to default profiles: default
2020-10-14 12:55:17 -Refreshing org.springframework.boot.context.embedded.AnnotationConfigEmbeddedWebApplicationContext@2b6faea6: startup date [Wed Oct 14 12:55:17 CST 2020]; root of context hierarchy
2020-10-14 12:55:18 -Multiple Spring Data modules found, entering strict repository configuration mode!
2020-10-14 12:55:18 -Tomcat initialized with port(s): 8080 (http)
2020-10-14 12:55:18 -Root WebApplicationContext: initialization completed in 941 ms
2020-10-14 12:55:18 -Mapping servlet: 'dispatcherServlet' to [/]
2020-10-14 12:55:18 -Mapping filter: 'characterEncodingFilter' to: [/*]
2020-10-14 12:55:18 -Mapping filter: 'hiddenHttpMethodFilter' to: [/*]
2020-10-14 12:55:18 -Mapping filter: 'httpPutFormContentFilter' to: [/*]
2020-10-14 12:55:18 -Mapping filter: 'requestContextFilter' to: [/*]
2020-10-14 12:55:19 -Looking for @ControllerAdvice: org.springframework.boot.context.embedded.AnnotationConfigEmbeddedWebApplicationContext@2b6faea6: startup date [Wed Oct 14 12:55:17 CST 2020]; root of context hierarchy
2020-10-14 12:55:19 -Mapped "{[/user/registerStudent],methods=[POST]}" onto public cn.org.test.common.ServerResponse<cn.org.test.pojo.User> cn.org.test.controller.UserController.registerStudent(cn.org.test.req.RegisterReq,javax.servlet.http.HttpServletRequest)
2020-10-14 12:55:19 -Mapped "{[/user/loginPwd],methods=[POST]}" onto public cn.org.test.common.ServerResponse<cn.org.test.pojo.User> cn.org.test.controller.UserController.loginPwd(java.lang.String,java.lang.String)
2020-10-14 12:55:19 -Mapped "{[/user/verify],methods=[POST]}" onto public cn.org.test.common.ServerResponse<java.lang.String> cn.org.test.controller.UserController.verify(java.lang.String,javax.servlet.http.HttpServletRequest)
2020-10-14 12:55:19 -Mapped "{[/error],produces=[text/html]}" onto public org.springframework.web.servlet.ModelAndView org.springframework.boot.autoconfigure.web.BasicErrorController.errorHtml(javax.servlet.http.HttpServletRequest,javax.servlet.http.HttpServletResponse)
2020-10-14 12:55:19 -Mapped "{[/error]}" onto public org.springframework.http.ResponseEntity<java.util.Map<java.lang.String, java.lang.Object>> org.springframework.boot.autoconfigure.web.BasicErrorController.error(javax.servlet.http.HttpServletRequest)
2020-10-14 12:55:19 -Mapped URL path [/webjars/**] onto handler of type [class org.springframework.web.servlet.resource.ResourceHttpRequestHandler]
2020-10-14 12:55:19 -Mapped URL path [/**] onto handler of type [class org.springframework.web.servlet.resource.ResourceHttpRequestHandler]
2020-10-14 12:55:19 -Mapped URL path [/**/favicon.ico] onto handler of type [class org.springframework.web.servlet.resource.ResourceHttpRequestHandler]
2020-10-14 12:55:19 -Registering beans for JMX exposure on startup
2020-10-14 12:55:19 -Tomcat started on port(s): 8080 (http)
2020-10-14 12:55:19 -Started SpringBootUserApplication in 1.923 seconds (JVM running for 2.313)
2020-10-14 12:55:37 -FrameworkServlet 'dispatcherServlet': initialization started
2020-10-14 12:55:37 -FrameworkServlet 'dispatcherServlet': initialization completed in 8 ms
2020-10-14 12:56:14 ---------------------start registerStudent----------------------
2020-10-14 12:56:18 -==>  Preparing: INSERT into USER(user_id,user_name,password,address,age) values(?, ?, ?,?,?) 
2020-10-14 12:56:18 -==> Parameters: 12(String), luoyuyu(String), 1(String), 15868808504@163.com(String), 0(Integer)
2020-10-14 12:56:18 -<==    Updates: 1
2020-10-14 12:56:18 ------inserted id is 1------------------------------
2020-10-14 12:56:18 -==>  Preparing: INSERT into user_role(user_id,role_id) values(?, ?) 
2020-10-14 12:56:18 -==> Parameters: 1(Integer), 0(Integer)
2020-10-14 12:56:18 -<==    Updates: 1
2020-10-14 12:56:18 ------inserted text is 1------------------------------
2020-10-14 12:56:18 ---------------------user registered----------------------
2020-10-14 13:02:34 -Closing org.springframework.boot.context.embedded.AnnotationConfigEmbeddedWebApplicationContext@2b6faea6: startup date [Wed Oct 14 12:55:17 CST 2020]; root of context hierarchy
2020-10-14 13:02:34 -Unregistering JMX-exposed beans on shutdown
2020-10-14 13:02:38 -Starting SpringBootUserApplication on lyy-Inspiron-5488 with PID 10850 (/home/lyy/IdeaProjects/com.lyy/blog/target/classes started by lyy in /home/lyy/IdeaProjects/com.lyy/blog)
2020-10-14 13:02:38 -No active profile set, falling back to default profiles: default
2020-10-14 13:02:38 -Refreshing org.springframework.boot.context.embedded.AnnotationConfigEmbeddedWebApplicationContext@2b6faea6: startup date [Wed Oct 14 13:02:38 CST 2020]; root of context hierarchy
2020-10-14 13:02:39 -Multiple Spring Data modules found, entering strict repository configuration mode!
2020-10-14 13:02:39 -Tomcat initialized with port(s): 8080 (http)
2020-10-14 13:02:39 -Root WebApplicationContext: initialization completed in 943 ms
2020-10-14 13:02:39 -Mapping servlet: 'dispatcherServlet' to [/]
2020-10-14 13:02:39 -Mapping filter: 'characterEncodingFilter' to: [/*]
2020-10-14 13:02:39 -Mapping filter: 'hiddenHttpMethodFilter' to: [/*]
2020-10-14 13:02:39 -Mapping filter: 'httpPutFormContentFilter' to: [/*]
2020-10-14 13:02:39 -Mapping filter: 'requestContextFilter' to: [/*]
2020-10-14 13:02:40 -Looking for @ControllerAdvice: org.springframework.boot.context.embedded.AnnotationConfigEmbeddedWebApplicationContext@2b6faea6: startup date [Wed Oct 14 13:02:38 CST 2020]; root of context hierarchy
2020-10-14 13:02:40 -Mapped "{[/user/loginPwd],methods=[POST]}" onto public cn.org.test.common.ServerResponse<cn.org.test.pojo.User> cn.org.test.controller.UserController.loginPwd(java.lang.String,java.lang.String)
2020-10-14 13:02:40 -Mapped "{[/user/registerStudent],methods=[POST]}" onto public cn.org.test.common.ServerResponse<cn.org.test.pojo.User> cn.org.test.controller.UserController.registerStudent(cn.org.test.req.RegisterReq,javax.servlet.http.HttpServletRequest)
2020-10-14 13:02:40 -Mapped "{[/user/verify],methods=[POST]}" onto public cn.org.test.common.ServerResponse<java.lang.String> cn.org.test.controller.UserController.verify(java.lang.String,javax.servlet.http.HttpServletRequest)
2020-10-14 13:02:40 -Mapped "{[/error],produces=[text/html]}" onto public org.springframework.web.servlet.ModelAndView org.springframework.boot.autoconfigure.web.BasicErrorController.errorHtml(javax.servlet.http.HttpServletRequest,javax.servlet.http.HttpServletResponse)
2020-10-14 13:02:40 -Mapped "{[/error]}" onto public org.springframework.http.ResponseEntity<java.util.Map<java.lang.String, java.lang.Object>> org.springframework.boot.autoconfigure.web.BasicErrorController.error(javax.servlet.http.HttpServletRequest)
2020-10-14 13:02:40 -Mapped URL path [/webjars/**] onto handler of type [class org.springframework.web.servlet.resource.ResourceHttpRequestHandler]
2020-10-14 13:02:40 -Mapped URL path [/**] onto handler of type [class org.springframework.web.servlet.resource.ResourceHttpRequestHandler]
2020-10-14 13:02:40 -Mapped URL path [/**/favicon.ico] onto handler of type [class org.springframework.web.servlet.resource.ResourceHttpRequestHandler]
2020-10-14 13:02:40 -Registering beans for JMX exposure on startup
2020-10-14 13:02:40 -Tomcat started on port(s): 8080 (http)
2020-10-14 13:02:40 -Started SpringBootUserApplication in 1.964 seconds (JVM running for 2.33)
2020-10-14 13:02:55 -FrameworkServlet 'dispatcherServlet': initialization started
2020-10-14 13:02:55 -FrameworkServlet 'dispatcherServlet': initialization completed in 9 ms
2020-10-14 13:03:32 ---------------------start registerStudent----------------------
2020-10-14 13:03:36 -==>  Preparing: INSERT into USER(user_id,user_name,password,address,age) values(?, ?, ?,?,?) 
2020-10-14 13:03:36 -==> Parameters: MFgsgs(String), test3(String), 12(String), 15868808504@163.com(String), 0(Integer)
2020-10-14 13:03:36 -<==    Updates: 1
2020-10-14 13:03:36 ------inserted id is null------------------------------
2020-10-14 13:03:36 -==>  Preparing: INSERT into user_role(user_id,role_id) values(?, ?) 
2020-10-14 13:03:36 -==> Parameters: null, 0(Integer)
2020-10-14 13:03:36 -<==    Updates: 1
2020-10-14 13:03:36 ------inserted text is 1------------------------------
2020-10-14 13:03:36 ---------------------user registered----------------------
2020-10-14 13:08:15 -Closing org.springframework.boot.context.embedded.AnnotationConfigEmbeddedWebApplicationContext@2b6faea6: startup date [Wed Oct 14 13:02:38 CST 2020]; root of context hierarchy
2020-10-14 13:08:15 -Unregistering JMX-exposed beans on shutdown
2020-10-14 13:08:21 -Starting SpringBootUserApplication on lyy-Inspiron-5488 with PID 11119 (/home/lyy/IdeaProjects/com.lyy/blog/target/classes started by lyy in /home/lyy/IdeaProjects/com.lyy/blog)
2020-10-14 13:08:21 -No active profile set, falling back to default profiles: default
2020-10-14 13:08:21 -Refreshing org.springframework.boot.context.embedded.AnnotationConfigEmbeddedWebApplicationContext@2b6faea6: startup date [Wed Oct 14 13:08:21 CST 2020]; root of context hierarchy
2020-10-14 13:08:22 -Multiple Spring Data modules found, entering strict repository configuration mode!
2020-10-14 13:08:22 -Tomcat initialized with port(s): 8080 (http)
2020-10-14 13:08:23 -Root WebApplicationContext: initialization completed in 1775 ms
2020-10-14 13:08:23 -Mapping servlet: 'dispatcherServlet' to [/]
2020-10-14 13:08:23 -Mapping filter: 'characterEncodingFilter' to: [/*]
2020-10-14 13:08:23 -Mapping filter: 'hiddenHttpMethodFilter' to: [/*]
2020-10-14 13:08:23 -Mapping filter: 'httpPutFormContentFilter' to: [/*]
2020-10-14 13:08:23 -Mapping filter: 'requestContextFilter' to: [/*]
2020-10-14 13:08:23 -Looking for @ControllerAdvice: org.springframework.boot.context.embedded.AnnotationConfigEmbeddedWebApplicationContext@2b6faea6: startup date [Wed Oct 14 13:08:21 CST 2020]; root of context hierarchy
2020-10-14 13:08:23 -Mapped "{[/user/loginPwd],methods=[POST]}" onto public cn.org.test.common.ServerResponse<cn.org.test.pojo.User> cn.org.test.controller.UserController.loginPwd(java.lang.String,java.lang.String)
2020-10-14 13:08:23 -Mapped "{[/user/registerStudent],methods=[POST]}" onto public cn.org.test.common.ServerResponse<cn.org.test.pojo.User> cn.org.test.controller.UserController.registerStudent(cn.org.test.req.RegisterReq,javax.servlet.http.HttpServletRequest)
2020-10-14 13:08:23 -Mapped "{[/user/verify],methods=[POST]}" onto public cn.org.test.common.ServerResponse<java.lang.String> cn.org.test.controller.UserController.verify(java.lang.String,javax.servlet.http.HttpServletRequest)
2020-10-14 13:08:23 -Mapped "{[/error],produces=[text/html]}" onto public org.springframework.web.servlet.ModelAndView org.springframework.boot.autoconfigure.web.BasicErrorController.errorHtml(javax.servlet.http.HttpServletRequest,javax.servlet.http.HttpServletResponse)
2020-10-14 13:08:23 -Mapped "{[/error]}" onto public org.springframework.http.ResponseEntity<java.util.Map<java.lang.String, java.lang.Object>> org.springframework.boot.autoconfigure.web.BasicErrorController.error(javax.servlet.http.HttpServletRequest)
2020-10-14 13:08:23 -Mapped URL path [/webjars/**] onto handler of type [class org.springframework.web.servlet.resource.ResourceHttpRequestHandler]
2020-10-14 13:08:23 -Mapped URL path [/**] onto handler of type [class org.springframework.web.servlet.resource.ResourceHttpRequestHandler]
2020-10-14 13:08:23 -Mapped URL path [/**/favicon.ico] onto handler of type [class org.springframework.web.servlet.resource.ResourceHttpRequestHandler]
2020-10-14 13:08:24 -Registering beans for JMX exposure on startup
2020-10-14 13:08:24 -Tomcat started on port(s): 8080 (http)
2020-10-14 13:08:24 -Started SpringBootUserApplication in 3.299 seconds (JVM running for 3.912)
2020-10-14 13:09:06 -FrameworkServlet 'dispatcherServlet': initialization started
2020-10-14 13:09:06 -FrameworkServlet 'dispatcherServlet': initialization completed in 12 ms
2020-10-14 13:10:17 ---------------------start registerStudent----------------------
2020-10-14 13:10:21 -==>  Preparing: INSERT into USER(user_id,user_name,password,address,age) values(?, ?, ?,?,?) 
2020-10-14 13:10:21 -==> Parameters: mm(String), test4(String), 123(String), 15868808504@163.com(String), 0(Integer)
2020-10-14 13:10:21 -<==    Updates: 1
2020-10-14 13:10:21 ------inserted id is null------------------------------
2020-10-14 13:10:21 -==>  Preparing: INSERT into user_role(user_id,role_id) values(?, ?) 
2020-10-14 13:10:21 -==> Parameters: null, 0(Integer)
2020-10-14 13:10:21 -<==    Updates: 1
2020-10-14 13:10:21 ------inserted text is 1------------------------------
2020-10-14 13:10:21 ---------------------user registered----------------------
2020-10-14 13:16:18 -Closing org.springframework.boot.context.embedded.AnnotationConfigEmbeddedWebApplicationContext@2b6faea6: startup date [Wed Oct 14 13:08:21 CST 2020]; root of context hierarchy
2020-10-14 13:16:18 -Unregistering JMX-exposed beans on shutdown
2020-10-14 13:16:23 -Starting SpringBootUserApplication on lyy-Inspiron-5488 with PID 11625 (/home/lyy/IdeaProjects/com.lyy/blog/target/classes started by lyy in /home/lyy/IdeaProjects/com.lyy/blog)
2020-10-14 13:16:23 -No active profile set, falling back to default profiles: default
2020-10-14 13:16:23 -Refreshing org.springframework.boot.context.embedded.AnnotationConfigEmbeddedWebApplicationContext@2b6faea6: startup date [Wed Oct 14 13:16:23 CST 2020]; root of context hierarchy
2020-10-14 13:16:24 -Multiple Spring Data modules found, entering strict repository configuration mode!
2020-10-14 13:16:24 -Tomcat initialized with port(s): 8080 (http)
2020-10-14 13:16:24 -Root WebApplicationContext: initialization completed in 1046 ms
2020-10-14 13:16:24 -Mapping servlet: 'dispatcherServlet' to [/]
2020-10-14 13:16:24 -Mapping filter: 'characterEncodingFilter' to: [/*]
2020-10-14 13:16:24 -Mapping filter: 'hiddenHttpMethodFilter' to: [/*]
2020-10-14 13:16:24 -Mapping filter: 'httpPutFormContentFilter' to: [/*]
2020-10-14 13:16:24 -Mapping filter: 'requestContextFilter' to: [/*]
2020-10-14 13:16:25 -Looking for @ControllerAdvice: org.springframework.boot.context.embedded.AnnotationConfigEmbeddedWebApplicationContext@2b6faea6: startup date [Wed Oct 14 13:16:23 CST 2020]; root of context hierarchy
2020-10-14 13:16:25 -Mapped "{[/user/loginPwd],methods=[POST]}" onto public cn.org.test.common.ServerResponse<cn.org.test.pojo.User> cn.org.test.controller.UserController.loginPwd(java.lang.String,java.lang.String)
2020-10-14 13:16:25 -Mapped "{[/user/registerStudent],methods=[POST]}" onto public cn.org.test.common.ServerResponse<cn.org.test.pojo.User> cn.org.test.controller.UserController.registerStudent(cn.org.test.req.RegisterReq,javax.servlet.http.HttpServletRequest)
2020-10-14 13:16:25 -Mapped "{[/user/verify],methods=[POST]}" onto public cn.org.test.common.ServerResponse<java.lang.String> cn.org.test.controller.UserController.verify(java.lang.String,javax.servlet.http.HttpServletRequest)
2020-10-14 13:16:25 -Mapped "{[/error],produces=[text/html]}" onto public org.springframework.web.servlet.ModelAndView org.springframework.boot.autoconfigure.web.BasicErrorController.errorHtml(javax.servlet.http.HttpServletRequest,javax.servlet.http.HttpServletResponse)
2020-10-14 13:16:25 -Mapped "{[/error]}" onto public org.springframework.http.ResponseEntity<java.util.Map<java.lang.String, java.lang.Object>> org.springframework.boot.autoconfigure.web.BasicErrorController.error(javax.servlet.http.HttpServletRequest)
2020-10-14 13:16:25 -Mapped URL path [/webjars/**] onto handler of type [class org.springframework.web.servlet.resource.ResourceHttpRequestHandler]
2020-10-14 13:16:25 -Mapped URL path [/**] onto handler of type [class org.springframework.web.servlet.resource.ResourceHttpRequestHandler]
2020-10-14 13:16:25 -Mapped URL path [/**/favicon.ico] onto handler of type [class org.springframework.web.servlet.resource.ResourceHttpRequestHandler]
2020-10-14 13:16:25 -Registering beans for JMX exposure on startup
2020-10-14 13:16:25 -Tomcat started on port(s): 8080 (http)
2020-10-14 13:16:25 -Started SpringBootUserApplication in 2.115 seconds (JVM running for 2.52)
2020-10-14 13:16:52 -FrameworkServlet 'dispatcherServlet': initialization started
2020-10-14 13:16:52 -FrameworkServlet 'dispatcherServlet': initialization completed in 8 ms
2020-10-14 13:17:32 ---------------------start registerStudent----------------------
2020-10-14 13:17:36 -==>  Preparing: INSERT into USER(user_id,user_name,password,address,age) values(?, ?, ?,?,?) 
2020-10-14 13:17:36 -==> Parameters: mmmm(String), jjf(String), 111(String), 15868808504@163.com(String), 0(Integer)
2020-10-14 13:17:36 -<==    Updates: 1
2020-10-14 13:17:36 -Servlet.service() for servlet [dispatcherServlet] in context with path [] threw exception [Request processing failed; nested exception is java.lang.NullPointerException] with root cause
java.lang.NullPointerException: null
	at cn.org.test.service.impl.UserServiceImpl.registerStudent(UserServiceImpl.java:93)
	at cn.org.test.controller.UserController.registerStudent(UserController.java:68)
	at sun.reflect.NativeMethodAccessorImpl.invoke0(Native Method)
	at sun.reflect.NativeMethodAccessorImpl.invoke(NativeMethodAccessorImpl.java:62)
	at sun.reflect.DelegatingMethodAccessorImpl.invoke(DelegatingMethodAccessorImpl.java:43)
	at java.lang.reflect.Method.invoke(Method.java:498)
	at org.springframework.web.method.support.InvocableHandlerMethod.doInvoke(InvocableHandlerMethod.java:205)
	at org.springframework.web.method.support.InvocableHandlerMethod.invokeForRequest(InvocableHandlerMethod.java:133)
	at org.springframework.web.servlet.mvc.method.annotation.ServletInvocableHandlerMethod.invokeAndHandle(ServletInvocableHandlerMethod.java:97)
	at org.springframework.web.servlet.mvc.method.annotation.RequestMappingHandlerAdapter.invokeHandlerMethod(RequestMappingHandlerAdapter.java:827)
	at org.springframework.web.servlet.mvc.method.annotation.RequestMappingHandlerAdapter.handleInternal(RequestMappingHandlerAdapter.java:738)
	at org.springframework.web.servlet.mvc.method.AbstractHandlerMethodAdapter.handle(AbstractHandlerMethodAdapter.java:85)
	at org.springframework.web.servlet.DispatcherServlet.doDispatch(DispatcherServlet.java:963)
	at org.springframework.web.servlet.DispatcherServlet.doService(DispatcherServlet.java:897)
	at org.springframework.web.servlet.FrameworkServlet.processRequest(FrameworkServlet.java:970)
	at org.springframework.web.servlet.FrameworkServlet.doPost(FrameworkServlet.java:872)
	at javax.servlet.http.HttpServlet.service(HttpServlet.java:661)
	at org.springframework.web.servlet.FrameworkServlet.service(FrameworkServlet.java:846)
	at javax.servlet.http.HttpServlet.service(HttpServlet.java:742)
	at org.apache.catalina.core.ApplicationFilterChain.internalDoFilter(ApplicationFilterChain.java:231)
	at org.apache.catalina.core.ApplicationFilterChain.doFilter(ApplicationFilterChain.java:166)
	at org.apache.tomcat.websocket.server.WsFilter.doFilter(WsFilter.java:52)
	at org.apache.catalina.core.ApplicationFilterChain.internalDoFilter(ApplicationFilterChain.java:193)
	at org.apache.catalina.core.ApplicationFilterChain.doFilter(ApplicationFilterChain.java:166)
	at org.springframework.web.filter.RequestContextFilter.doFilterInternal(RequestContextFilter.java:99)
	at org.springframework.web.filter.OncePerRequestFilter.doFilter(OncePerRequestFilter.java:107)
	at org.apache.catalina.core.ApplicationFilterChain.internalDoFilter(ApplicationFilterChain.java:193)
	at org.apache.catalina.core.ApplicationFilterChain.doFilter(ApplicationFilterChain.java:166)
	at org.springframework.web.filter.HttpPutFormContentFilter.doFilterInternal(HttpPutFormContentFilter.java:105)
	at org.springframework.web.filter.OncePerRequestFilter.doFilter(OncePerRequestFilter.java:107)
	at org.apache.catalina.core.ApplicationFilterChain.internalDoFilter(ApplicationFilterChain.java:193)
	at org.apache.catalina.core.ApplicationFilterChain.doFilter(ApplicationFilterChain.java:166)
	at org.springframework.web.filter.HiddenHttpMethodFilter.doFilterInternal(HiddenHttpMethodFilter.java:81)
	at org.springframework.web.filter.OncePerRequestFilter.doFilter(OncePerRequestFilter.java:107)
	at org.apache.catalina.core.ApplicationFilterChain.internalDoFilter(ApplicationFilterChain.java:193)
	at org.apache.catalina.core.ApplicationFilterChain.doFilter(ApplicationFilterChain.java:166)
	at org.springframework.web.filter.CharacterEncodingFilter.doFilterInternal(CharacterEncodingFilter.java:197)
	at org.springframework.web.filter.OncePerRequestFilter.doFilter(OncePerRequestFilter.java:107)
	at org.apache.catalina.core.ApplicationFilterChain.internalDoFilter(ApplicationFilterChain.java:193)
	at org.apache.catalina.core.ApplicationFilterChain.doFilter(ApplicationFilterChain.java:166)
	at org.apache.catalina.core.StandardWrapperValve.invoke(StandardWrapperValve.java:198)
	at org.apache.catalina.core.StandardContextValve.invoke(StandardContextValve.java:96)
	at org.apache.catalina.authenticator.AuthenticatorBase.invoke(AuthenticatorBase.java:478)
	at org.apache.catalina.core.StandardHostValve.invoke(StandardHostValve.java:140)
	at org.apache.catalina.valves.ErrorReportValve.invoke(ErrorReportValve.java:80)
	at org.apache.catalina.core.StandardEngineValve.invoke(StandardEngineValve.java:87)
	at org.apache.catalina.connector.CoyoteAdapter.service(CoyoteAdapter.java:342)
	at org.apache.coyote.http11.Http11Processor.service(Http11Processor.java:799)
	at org.apache.coyote.AbstractProcessorLight.process(AbstractProcessorLight.java:66)
	at org.apache.coyote.AbstractProtocol$ConnectionHandler.process(AbstractProtocol.java:861)
	at org.apache.tomcat.util.net.NioEndpoint$SocketProcessor.doRun(NioEndpoint.java:1455)
	at org.apache.tomcat.util.net.SocketProcessorBase.run(SocketProcessorBase.java:49)
	at java.util.concurrent.ThreadPoolExecutor.runWorker(ThreadPoolExecutor.java:1149)
	at java.util.concurrent.ThreadPoolExecutor$Worker.run(ThreadPoolExecutor.java:624)
	at org.apache.tomcat.util.threads.TaskThread$WrappingRunnable.run(TaskThread.java:61)
	at java.lang.Thread.run(Thread.java:748)
2020-10-14 13:20:00 -Closing org.springframework.boot.context.embedded.AnnotationConfigEmbeddedWebApplicationContext@2b6faea6: startup date [Wed Oct 14 13:16:23 CST 2020]; root of context hierarchy
2020-10-14 13:20:00 -Unregistering JMX-exposed beans on shutdown
2020-10-14 13:20:17 -Starting SpringBootUserApplication on lyy-Inspiron-5488 with PID 11997 (/home/lyy/IdeaProjects/com.lyy/blog/target/classes started by lyy in /home/lyy/IdeaProjects/com.lyy/blog)
2020-10-14 13:20:17 -No active profile set, falling back to default profiles: default
2020-10-14 13:20:17 -Refreshing org.springframework.boot.context.embedded.AnnotationConfigEmbeddedWebApplicationContext@74a6f9c1: startup date [Wed Oct 14 13:20:17 CST 2020]; root of context hierarchy
2020-10-14 13:20:18 -Multiple Spring Data modules found, entering strict repository configuration mode!
2020-10-14 13:20:18 -Tomcat initialized with port(s): 8080 (http)
2020-10-14 13:20:18 -Root WebApplicationContext: initialization completed in 941 ms
2020-10-14 13:20:18 -Mapping servlet: 'dispatcherServlet' to [/]
2020-10-14 13:20:18 -Mapping filter: 'characterEncodingFilter' to: [/*]
2020-10-14 13:20:18 -Mapping filter: 'hiddenHttpMethodFilter' to: [/*]
2020-10-14 13:20:18 -Mapping filter: 'httpPutFormContentFilter' to: [/*]
2020-10-14 13:20:18 -Mapping filter: 'requestContextFilter' to: [/*]
2020-10-14 13:20:19 -Looking for @ControllerAdvice: org.springframework.boot.context.embedded.AnnotationConfigEmbeddedWebApplicationContext@74a6f9c1: startup date [Wed Oct 14 13:20:17 CST 2020]; root of context hierarchy
2020-10-14 13:20:19 -Mapped "{[/user/registerStudent],methods=[POST]}" onto public cn.org.test.common.ServerResponse<cn.org.test.pojo.User> cn.org.test.controller.UserController.registerStudent(cn.org.test.req.RegisterReq,javax.servlet.http.HttpServletRequest)
2020-10-14 13:20:19 -Mapped "{[/user/loginPwd],methods=[POST]}" onto public cn.org.test.common.ServerResponse<cn.org.test.pojo.User> cn.org.test.controller.UserController.loginPwd(java.lang.String,java.lang.String)
2020-10-14 13:20:19 -Mapped "{[/user/verify],methods=[POST]}" onto public cn.org.test.common.ServerResponse<java.lang.String> cn.org.test.controller.UserController.verify(java.lang.String,javax.servlet.http.HttpServletRequest)
2020-10-14 13:20:19 -Mapped "{[/error],produces=[text/html]}" onto public org.springframework.web.servlet.ModelAndView org.springframework.boot.autoconfigure.web.BasicErrorController.errorHtml(javax.servlet.http.HttpServletRequest,javax.servlet.http.HttpServletResponse)
2020-10-14 13:20:19 -Mapped "{[/error]}" onto public org.springframework.http.ResponseEntity<java.util.Map<java.lang.String, java.lang.Object>> org.springframework.boot.autoconfigure.web.BasicErrorController.error(javax.servlet.http.HttpServletRequest)
2020-10-14 13:20:19 -Mapped URL path [/webjars/**] onto handler of type [class org.springframework.web.servlet.resource.ResourceHttpRequestHandler]
2020-10-14 13:20:19 -Mapped URL path [/**] onto handler of type [class org.springframework.web.servlet.resource.ResourceHttpRequestHandler]
2020-10-14 13:20:19 -Mapped URL path [/**/favicon.ico] onto handler of type [class org.springframework.web.servlet.resource.ResourceHttpRequestHandler]
2020-10-14 13:20:19 -Registering beans for JMX exposure on startup
2020-10-14 13:20:19 -Tomcat started on port(s): 8080 (http)
2020-10-14 13:20:19 -Started SpringBootUserApplication in 2.581 seconds (JVM running for 4.004)
2020-10-14 13:20:22 -FrameworkServlet 'dispatcherServlet': initialization started
2020-10-14 13:20:22 -FrameworkServlet 'dispatcherServlet': initialization completed in 15 ms
2020-10-14 13:21:24 ---------------------start registerStudent----------------------
2020-10-14 13:21:32 -==>  Preparing: INSERT into USER(user_id,user_name,password,address,age) values(?, ?, ?,?,?) 
2020-10-14 13:21:32 -==> Parameters: mmmm(String), jjf(String), 111(String), 15868808504@163.com(String), 0(Integer)
2020-10-14 13:21:32 -<==    Updates: 1
2020-10-14 13:21:32 -==>  Preparing: select @@IDENTITY as id 
2020-10-14 13:21:32 -==> Parameters: 
2020-10-14 13:21:32 -<==      Total: 1
2020-10-14 13:21:32 ------inserted id is null------------------------------
2020-10-14 13:21:32 -==>  Preparing: INSERT into user_role(user_id,role_id) values(?, ?) 
2020-10-14 13:21:32 -==> Parameters: null, 0(Integer)
2020-10-14 13:21:32 -<==    Updates: 1
2020-10-14 13:21:32 ------inserted text is 1------------------------------
2020-10-14 13:21:32 ---------------------user registered----------------------
2020-10-14 13:50:08 -Closing org.springframework.boot.context.embedded.AnnotationConfigEmbeddedWebApplicationContext@74a6f9c1: startup date [Wed Oct 14 13:20:17 CST 2020]; root of context hierarchy
2020-10-14 13:50:08 -Unregistering JMX-exposed beans on shutdown
