2020-11-01 14:33:55 -==>  Preparing: SELECT * from course WHERE id = ? 
2020-11-01 14:33:55 -==> Parameters: 3(Integer)
2020-11-01 14:33:56 -<==      Total: 1
2020-11-01 14:33:56 -==>  Preparing: SELECT * from grade WHERE id = ? 
2020-11-01 14:33:56 -==> Parameters: 5(Integer)
2020-11-01 14:33:56 -<==      Total: 1
2020-11-01 14:33:56 -==>  Preparing: SELECT * from semester where id = ? 
2020-11-01 14:33:56 -==> Parameters: 3(Integer)
2020-11-01 14:33:56 -<==      Total: 1
2020-11-01 14:33:56 -==>  Preparing: INSERT into createClassApplication(teacherId,courseId,courseName,startDate,endDate,semesterId,semesterName,gradeId,gradeName,maxNum,status,createDate) values( ?, ?, ?, ?, ?, ?, ?, ?, ?, ?, ?, ? ) 
2020-11-01 14:33:56 -==> Parameters: 2(Integer), 3(Integer), 测试课程5(String), 2020-10-06 00:00:00.0(Timestamp), 2020-11-26 00:00:00.0(Timestamp), 3(Integer), 2020-2021学年 第1学期(String), 5(Integer), 研究生一年级(String), 110(Integer), 0(Integer), 2020-11-01 14:33:56.23(Timestamp)
2020-11-01 14:33:56 -<==    Updates: 1
2020-11-01 14:38:50 -==>  Preparing: SELECT * from semester 
2020-11-01 14:38:50 -==> Parameters: 
2020-11-01 14:38:50 -<==      Total: 4
2020-11-01 14:38:50 -==>  Preparing: SELECT * from grade 
2020-11-01 14:38:50 -==> Parameters: 
2020-11-01 14:38:51 -<==      Total: 7
2020-11-01 14:38:51 -==>  Preparing: SELECT * from USER where id = ? 
2020-11-01 14:38:51 -==> Parameters: 2(Integer)
2020-11-01 14:38:51 -==>  Preparing: SELECT * from USER where id = ? 
2020-11-01 14:38:51 -==> Parameters: 2(Integer)
2020-11-01 14:38:51 -<==      Total: 1
2020-11-01 14:38:51 -<==      Total: 1
2020-11-01 14:38:51 -Servlet.service() for servlet [dispatcherServlet] in context with path [] threw exception [Request processing failed; nested exception is java.lang.RuntimeException: 401] with root cause
java.lang.RuntimeException: 401
	at cn.org.test.Interceptor.AuthenticationInterceptor.preHandle(AuthenticationInterceptor.java:69)
	at org.springframework.web.servlet.HandlerExecutionChain.applyPreHandle(HandlerExecutionChain.java:134)
	at org.springframework.web.servlet.DispatcherServlet.doDispatch(DispatcherServlet.java:958)
	at org.springframework.web.servlet.DispatcherServlet.doService(DispatcherServlet.java:897)
	at org.springframework.web.servlet.FrameworkServlet.processRequest(FrameworkServlet.java:970)
	at org.springframework.web.servlet.FrameworkServlet.doGet(FrameworkServlet.java:861)
	at javax.servlet.http.HttpServlet.service(HttpServlet.java:635)
	at org.springframework.web.servlet.FrameworkServlet.service(FrameworkServlet.java:846)
	at javax.servlet.http.HttpServlet.service(HttpServlet.java:742)
	at org.apache.catalina.core.ApplicationFilterChain.internalDoFilter(ApplicationFilterChain.java:231)
	at org.apache.catalina.core.ApplicationFilterChain.doFilter(ApplicationFilterChain.java:166)
	at org.apache.tomcat.websocket.server.WsFilter.doFilter(WsFilter.java:52)
	at org.apache.catalina.core.ApplicationFilterChain.internalDoFilter(ApplicationFilterChain.java:193)
	at org.apache.catalina.core.ApplicationFilterChain.doFilter(ApplicationFilterChain.java:166)
	at org.springframework.web.filter.RequestContextFilter.doFilterInternal(RequestContextFilter.java:99)
	at org.springframework.web.filter.OncePerRequestFilter.doFilter(OncePerRequestFilter.java:107)
	at org.apache.catalina.core.ApplicationFilterChain.internalDoFilter(ApplicationFilterChain.java:193)
	at org.apache.catalina.core.ApplicationFilterChain.doFilter(ApplicationFilterChain.java:166)
	at org.springframework.web.filter.HttpPutFormContentFilter.doFilterInternal(HttpPutFormContentFilter.java:105)
	at org.springframework.web.filter.OncePerRequestFilter.doFilter(OncePerRequestFilter.java:107)
	at org.apache.catalina.core.ApplicationFilterChain.internalDoFilter(ApplicationFilterChain.java:193)
	at org.apache.catalina.core.ApplicationFilterChain.doFilter(ApplicationFilterChain.java:166)
	at org.springframework.web.filter.HiddenHttpMethodFilter.doFilterInternal(HiddenHttpMethodFilter.java:81)
	at org.springframework.web.filter.OncePerRequestFilter.doFilter(OncePerRequestFilter.java:107)
	at org.apache.catalina.core.ApplicationFilterChain.internalDoFilter(ApplicationFilterChain.java:193)
	at org.apache.catalina.core.ApplicationFilterChain.doFilter(ApplicationFilterChain.java:166)
	at org.springframework.web.filter.CharacterEncodingFilter.doFilterInternal(CharacterEncodingFilter.java:197)
	at org.springframework.web.filter.OncePerRequestFilter.doFilter(OncePerRequestFilter.java:107)
	at org.apache.catalina.core.ApplicationFilterChain.internalDoFilter(ApplicationFilterChain.java:193)
	at org.apache.catalina.core.ApplicationFilterChain.doFilter(ApplicationFilterChain.java:166)
	at org.apache.catalina.core.StandardWrapperValve.invoke(StandardWrapperValve.java:198)
	at org.apache.catalina.core.StandardContextValve.invoke(StandardContextValve.java:96)
	at org.apache.catalina.authenticator.AuthenticatorBase.invoke(AuthenticatorBase.java:478)
	at org.apache.catalina.core.StandardHostValve.invoke(StandardHostValve.java:140)
	at org.apache.catalina.valves.ErrorReportValve.invoke(ErrorReportValve.java:80)
	at org.apache.catalina.core.StandardEngineValve.invoke(StandardEngineValve.java:87)
	at org.apache.catalina.connector.CoyoteAdapter.service(CoyoteAdapter.java:342)
	at org.apache.coyote.http11.Http11Processor.service(Http11Processor.java:799)
	at org.apache.coyote.AbstractProcessorLight.process(AbstractProcessorLight.java:66)
	at org.apache.coyote.AbstractProtocol$ConnectionHandler.process(AbstractProtocol.java:861)
	at org.apache.tomcat.util.net.NioEndpoint$SocketProcessor.doRun(NioEndpoint.java:1455)
	at org.apache.tomcat.util.net.SocketProcessorBase.run(SocketProcessorBase.java:49)
	at java.util.concurrent.ThreadPoolExecutor.runWorker(ThreadPoolExecutor.java:1149)
	at java.util.concurrent.ThreadPoolExecutor$Worker.run(ThreadPoolExecutor.java:624)
	at org.apache.tomcat.util.threads.TaskThread$WrappingRunnable.run(TaskThread.java:61)
	at java.lang.Thread.run(Thread.java:748)
2020-11-01 14:38:51 -Servlet.service() for servlet [dispatcherServlet] in context with path [] threw exception [Request processing failed; nested exception is java.lang.RuntimeException: 401] with root cause
java.lang.RuntimeException: 401
	at cn.org.test.Interceptor.AuthenticationInterceptor.preHandle(AuthenticationInterceptor.java:69)
	at org.springframework.web.servlet.HandlerExecutionChain.applyPreHandle(HandlerExecutionChain.java:134)
	at org.springframework.web.servlet.DispatcherServlet.doDispatch(DispatcherServlet.java:958)
	at org.springframework.web.servlet.DispatcherServlet.doService(DispatcherServlet.java:897)
	at org.springframework.web.servlet.FrameworkServlet.processRequest(FrameworkServlet.java:970)
	at org.springframework.web.servlet.FrameworkServlet.doGet(FrameworkServlet.java:861)
	at javax.servlet.http.HttpServlet.service(HttpServlet.java:635)
	at org.springframework.web.servlet.FrameworkServlet.service(FrameworkServlet.java:846)
	at javax.servlet.http.HttpServlet.service(HttpServlet.java:742)
	at org.apache.catalina.core.ApplicationFilterChain.internalDoFilter(ApplicationFilterChain.java:231)
	at org.apache.catalina.core.ApplicationFilterChain.doFilter(ApplicationFilterChain.java:166)
	at org.apache.tomcat.websocket.server.WsFilter.doFilter(WsFilter.java:52)
	at org.apache.catalina.core.ApplicationFilterChain.internalDoFilter(ApplicationFilterChain.java:193)
	at org.apache.catalina.core.ApplicationFilterChain.doFilter(ApplicationFilterChain.java:166)
	at org.springframework.web.filter.RequestContextFilter.doFilterInternal(RequestContextFilter.java:99)
	at org.springframework.web.filter.OncePerRequestFilter.doFilter(OncePerRequestFilter.java:107)
	at org.apache.catalina.core.ApplicationFilterChain.internalDoFilter(ApplicationFilterChain.java:193)
	at org.apache.catalina.core.ApplicationFilterChain.doFilter(ApplicationFilterChain.java:166)
	at org.springframework.web.filter.HttpPutFormContentFilter.doFilterInternal(HttpPutFormContentFilter.java:105)
	at org.springframework.web.filter.OncePerRequestFilter.doFilter(OncePerRequestFilter.java:107)
	at org.apache.catalina.core.ApplicationFilterChain.internalDoFilter(ApplicationFilterChain.java:193)
	at org.apache.catalina.core.ApplicationFilterChain.doFilter(ApplicationFilterChain.java:166)
	at org.springframework.web.filter.HiddenHttpMethodFilter.doFilterInternal(HiddenHttpMethodFilter.java:81)
	at org.springframework.web.filter.OncePerRequestFilter.doFilter(OncePerRequestFilter.java:107)
	at org.apache.catalina.core.ApplicationFilterChain.internalDoFilter(ApplicationFilterChain.java:193)
	at org.apache.catalina.core.ApplicationFilterChain.doFilter(ApplicationFilterChain.java:166)
	at org.springframework.web.filter.CharacterEncodingFilter.doFilterInternal(CharacterEncodingFilter.java:197)
	at org.springframework.web.filter.OncePerRequestFilter.doFilter(OncePerRequestFilter.java:107)
	at org.apache.catalina.core.ApplicationFilterChain.internalDoFilter(ApplicationFilterChain.java:193)
	at org.apache.catalina.core.ApplicationFilterChain.doFilter(ApplicationFilterChain.java:166)
	at org.apache.catalina.core.StandardWrapperValve.invoke(StandardWrapperValve.java:198)
	at org.apache.catalina.core.StandardContextValve.invoke(StandardContextValve.java:96)
	at org.apache.catalina.authenticator.AuthenticatorBase.invoke(AuthenticatorBase.java:478)
	at org.apache.catalina.core.StandardHostValve.invoke(StandardHostValve.java:140)
	at org.apache.catalina.valves.ErrorReportValve.invoke(ErrorReportValve.java:80)
	at org.apache.catalina.core.StandardEngineValve.invoke(StandardEngineValve.java:87)
	at org.apache.catalina.connector.CoyoteAdapter.service(CoyoteAdapter.java:342)
	at org.apache.coyote.http11.Http11Processor.service(Http11Processor.java:799)
	at org.apache.coyote.AbstractProcessorLight.process(AbstractProcessorLight.java:66)
	at org.apache.coyote.AbstractProtocol$ConnectionHandler.process(AbstractProtocol.java:861)
	at org.apache.tomcat.util.net.NioEndpoint$SocketProcessor.doRun(NioEndpoint.java:1455)
	at org.apache.tomcat.util.net.SocketProcessorBase.run(SocketProcessorBase.java:49)
	at java.util.concurrent.ThreadPoolExecutor.runWorker(ThreadPoolExecutor.java:1149)
	at java.util.concurrent.ThreadPoolExecutor$Worker.run(ThreadPoolExecutor.java:624)
	at org.apache.tomcat.util.threads.TaskThread$WrappingRunnable.run(TaskThread.java:61)
	at java.lang.Thread.run(Thread.java:748)
2020-11-01 14:42:32 -==>  Preparing: SELECT * from USER where id = ? 
2020-11-01 14:42:32 -==> Parameters: 2(Integer)
2020-11-01 14:42:32 -==>  Preparing: SELECT * from semester 
2020-11-01 14:42:32 -==> Parameters: 
2020-11-01 14:42:32 -==>  Preparing: SELECT * from grade 
2020-11-01 14:42:32 -==> Parameters: 
2020-11-01 14:42:32 -==>  Preparing: SELECT * from USER where id = ? 
2020-11-01 14:42:32 -==> Parameters: 2(Integer)
2020-11-01 14:42:32 -<==      Total: 4
2020-11-01 14:42:32 -<==      Total: 1
2020-11-01 14:42:32 -Servlet.service() for servlet [dispatcherServlet] in context with path [] threw exception [Request processing failed; nested exception is java.lang.RuntimeException: 401] with root cause
java.lang.RuntimeException: 401
	at cn.org.test.Interceptor.AuthenticationInterceptor.preHandle(AuthenticationInterceptor.java:69)
	at org.springframework.web.servlet.HandlerExecutionChain.applyPreHandle(HandlerExecutionChain.java:134)
	at org.springframework.web.servlet.DispatcherServlet.doDispatch(DispatcherServlet.java:958)
	at org.springframework.web.servlet.DispatcherServlet.doService(DispatcherServlet.java:897)
	at org.springframework.web.servlet.FrameworkServlet.processRequest(FrameworkServlet.java:970)
	at org.springframework.web.servlet.FrameworkServlet.doGet(FrameworkServlet.java:861)
	at javax.servlet.http.HttpServlet.service(HttpServlet.java:635)
	at org.springframework.web.servlet.FrameworkServlet.service(FrameworkServlet.java:846)
	at javax.servlet.http.HttpServlet.service(HttpServlet.java:742)
	at org.apache.catalina.core.ApplicationFilterChain.internalDoFilter(ApplicationFilterChain.java:231)
	at org.apache.catalina.core.ApplicationFilterChain.doFilter(ApplicationFilterChain.java:166)
	at org.apache.tomcat.websocket.server.WsFilter.doFilter(WsFilter.java:52)
	at org.apache.catalina.core.ApplicationFilterChain.internalDoFilter(ApplicationFilterChain.java:193)
	at org.apache.catalina.core.ApplicationFilterChain.doFilter(ApplicationFilterChain.java:166)
	at org.springframework.web.filter.RequestContextFilter.doFilterInternal(RequestContextFilter.java:99)
	at org.springframework.web.filter.OncePerRequestFilter.doFilter(OncePerRequestFilter.java:107)
	at org.apache.catalina.core.ApplicationFilterChain.internalDoFilter(ApplicationFilterChain.java:193)
	at org.apache.catalina.core.ApplicationFilterChain.doFilter(ApplicationFilterChain.java:166)
	at org.springframework.web.filter.HttpPutFormContentFilter.doFilterInternal(HttpPutFormContentFilter.java:105)
	at org.springframework.web.filter.OncePerRequestFilter.doFilter(OncePerRequestFilter.java:107)
	at org.apache.catalina.core.ApplicationFilterChain.internalDoFilter(ApplicationFilterChain.java:193)
	at org.apache.catalina.core.ApplicationFilterChain.doFilter(ApplicationFilterChain.java:166)
	at org.springframework.web.filter.HiddenHttpMethodFilter.doFilterInternal(HiddenHttpMethodFilter.java:81)
	at org.springframework.web.filter.OncePerRequestFilter.doFilter(OncePerRequestFilter.java:107)
	at org.apache.catalina.core.ApplicationFilterChain.internalDoFilter(ApplicationFilterChain.java:193)
	at org.apache.catalina.core.ApplicationFilterChain.doFilter(ApplicationFilterChain.java:166)
	at org.springframework.web.filter.CharacterEncodingFilter.doFilterInternal(CharacterEncodingFilter.java:197)
	at org.springframework.web.filter.OncePerRequestFilter.doFilter(OncePerRequestFilter.java:107)
	at org.apache.catalina.core.ApplicationFilterChain.internalDoFilter(ApplicationFilterChain.java:193)
	at org.apache.catalina.core.ApplicationFilterChain.doFilter(ApplicationFilterChain.java:166)
	at org.apache.catalina.core.StandardWrapperValve.invoke(StandardWrapperValve.java:198)
	at org.apache.catalina.core.StandardContextValve.invoke(StandardContextValve.java:96)
	at org.apache.catalina.authenticator.AuthenticatorBase.invoke(AuthenticatorBase.java:478)
	at org.apache.catalina.core.StandardHostValve.invoke(StandardHostValve.java:140)
	at org.apache.catalina.valves.ErrorReportValve.invoke(ErrorReportValve.java:80)
	at org.apache.catalina.core.StandardEngineValve.invoke(StandardEngineValve.java:87)
	at org.apache.catalina.connector.CoyoteAdapter.service(CoyoteAdapter.java:342)
	at org.apache.coyote.http11.Http11Processor.service(Http11Processor.java:799)
	at org.apache.coyote.AbstractProcessorLight.process(AbstractProcessorLight.java:66)
	at org.apache.coyote.AbstractProtocol$ConnectionHandler.process(AbstractProtocol.java:861)
	at org.apache.tomcat.util.net.NioEndpoint$SocketProcessor.doRun(NioEndpoint.java:1455)
	at org.apache.tomcat.util.net.SocketProcessorBase.run(SocketProcessorBase.java:49)
	at java.util.concurrent.ThreadPoolExecutor.runWorker(ThreadPoolExecutor.java:1149)
	at java.util.concurrent.ThreadPoolExecutor$Worker.run(ThreadPoolExecutor.java:624)
	at org.apache.tomcat.util.threads.TaskThread$WrappingRunnable.run(TaskThread.java:61)
	at java.lang.Thread.run(Thread.java:748)
2020-11-01 14:42:32 -<==      Total: 7
2020-11-01 14:42:32 -<==      Total: 1
2020-11-01 14:42:32 -Servlet.service() for servlet [dispatcherServlet] in context with path [] threw exception [Request processing failed; nested exception is java.lang.RuntimeException: 401] with root cause
java.lang.RuntimeException: 401
	at cn.org.test.Interceptor.AuthenticationInterceptor.preHandle(AuthenticationInterceptor.java:69)
	at org.springframework.web.servlet.HandlerExecutionChain.applyPreHandle(HandlerExecutionChain.java:134)
	at org.springframework.web.servlet.DispatcherServlet.doDispatch(DispatcherServlet.java:958)
	at org.springframework.web.servlet.DispatcherServlet.doService(DispatcherServlet.java:897)
	at org.springframework.web.servlet.FrameworkServlet.processRequest(FrameworkServlet.java:970)
	at org.springframework.web.servlet.FrameworkServlet.doGet(FrameworkServlet.java:861)
	at javax.servlet.http.HttpServlet.service(HttpServlet.java:635)
	at org.springframework.web.servlet.FrameworkServlet.service(FrameworkServlet.java:846)
	at javax.servlet.http.HttpServlet.service(HttpServlet.java:742)
	at org.apache.catalina.core.ApplicationFilterChain.internalDoFilter(ApplicationFilterChain.java:231)
	at org.apache.catalina.core.ApplicationFilterChain.doFilter(ApplicationFilterChain.java:166)
	at org.apache.tomcat.websocket.server.WsFilter.doFilter(WsFilter.java:52)
	at org.apache.catalina.core.ApplicationFilterChain.internalDoFilter(ApplicationFilterChain.java:193)
	at org.apache.catalina.core.ApplicationFilterChain.doFilter(ApplicationFilterChain.java:166)
	at org.springframework.web.filter.RequestContextFilter.doFilterInternal(RequestContextFilter.java:99)
	at org.springframework.web.filter.OncePerRequestFilter.doFilter(OncePerRequestFilter.java:107)
	at org.apache.catalina.core.ApplicationFilterChain.internalDoFilter(ApplicationFilterChain.java:193)
	at org.apache.catalina.core.ApplicationFilterChain.doFilter(ApplicationFilterChain.java:166)
	at org.springframework.web.filter.HttpPutFormContentFilter.doFilterInternal(HttpPutFormContentFilter.java:105)
	at org.springframework.web.filter.OncePerRequestFilter.doFilter(OncePerRequestFilter.java:107)
	at org.apache.catalina.core.ApplicationFilterChain.internalDoFilter(ApplicationFilterChain.java:193)
	at org.apache.catalina.core.ApplicationFilterChain.doFilter(ApplicationFilterChain.java:166)
	at org.springframework.web.filter.HiddenHttpMethodFilter.doFilterInternal(HiddenHttpMethodFilter.java:81)
	at org.springframework.web.filter.OncePerRequestFilter.doFilter(OncePerRequestFilter.java:107)
	at org.apache.catalina.core.ApplicationFilterChain.internalDoFilter(ApplicationFilterChain.java:193)
	at org.apache.catalina.core.ApplicationFilterChain.doFilter(ApplicationFilterChain.java:166)
	at org.springframework.web.filter.CharacterEncodingFilter.doFilterInternal(CharacterEncodingFilter.java:197)
	at org.springframework.web.filter.OncePerRequestFilter.doFilter(OncePerRequestFilter.java:107)
	at org.apache.catalina.core.ApplicationFilterChain.internalDoFilter(ApplicationFilterChain.java:193)
	at org.apache.catalina.core.ApplicationFilterChain.doFilter(ApplicationFilterChain.java:166)
	at org.apache.catalina.core.StandardWrapperValve.invoke(StandardWrapperValve.java:198)
	at org.apache.catalina.core.StandardContextValve.invoke(StandardContextValve.java:96)
	at org.apache.catalina.authenticator.AuthenticatorBase.invoke(AuthenticatorBase.java:478)
	at org.apache.catalina.core.StandardHostValve.invoke(StandardHostValve.java:140)
	at org.apache.catalina.valves.ErrorReportValve.invoke(ErrorReportValve.java:80)
	at org.apache.catalina.core.StandardEngineValve.invoke(StandardEngineValve.java:87)
	at org.apache.catalina.connector.CoyoteAdapter.service(CoyoteAdapter.java:342)
	at org.apache.coyote.http11.Http11Processor.service(Http11Processor.java:799)
	at org.apache.coyote.AbstractProcessorLight.process(AbstractProcessorLight.java:66)
	at org.apache.coyote.AbstractProtocol$ConnectionHandler.process(AbstractProtocol.java:861)
	at org.apache.tomcat.util.net.NioEndpoint$SocketProcessor.doRun(NioEndpoint.java:1455)
	at org.apache.tomcat.util.net.SocketProcessorBase.run(SocketProcessorBase.java:49)
	at java.util.concurrent.ThreadPoolExecutor.runWorker(ThreadPoolExecutor.java:1149)
	at java.util.concurrent.ThreadPoolExecutor$Worker.run(ThreadPoolExecutor.java:624)
	at org.apache.tomcat.util.threads.TaskThread$WrappingRunnable.run(TaskThread.java:61)
	at java.lang.Thread.run(Thread.java:748)
2020-11-01 14:43:18 -==>  Preparing: SELECT * from USER where id = ? 
2020-11-01 14:43:18 -==>  Preparing: SELECT * from USER where id = ? 
2020-11-01 14:43:18 -==>  Preparing: SELECT * from grade 
2020-11-01 14:43:18 -==> Parameters: 
2020-11-01 14:43:18 -==> Parameters: 2(Integer)
2020-11-01 14:43:18 -==> Parameters: 2(Integer)
2020-11-01 14:43:18 -==>  Preparing: SELECT * from semester 
2020-11-01 14:43:18 -==> Parameters: 
2020-11-01 14:43:19 -<==      Total: 7
2020-11-01 14:43:19 -<==      Total: 1
2020-11-01 14:43:19 -Servlet.service() for servlet [dispatcherServlet] in context with path [] threw exception [Request processing failed; nested exception is java.lang.RuntimeException: 401] with root cause
java.lang.RuntimeException: 401
	at cn.org.test.Interceptor.AuthenticationInterceptor.preHandle(AuthenticationInterceptor.java:69)
	at org.springframework.web.servlet.HandlerExecutionChain.applyPreHandle(HandlerExecutionChain.java:134)
	at org.springframework.web.servlet.DispatcherServlet.doDispatch(DispatcherServlet.java:958)
	at org.springframework.web.servlet.DispatcherServlet.doService(DispatcherServlet.java:897)
	at org.springframework.web.servlet.FrameworkServlet.processRequest(FrameworkServlet.java:970)
	at org.springframework.web.servlet.FrameworkServlet.doGet(FrameworkServlet.java:861)
	at javax.servlet.http.HttpServlet.service(HttpServlet.java:635)
	at org.springframework.web.servlet.FrameworkServlet.service(FrameworkServlet.java:846)
	at javax.servlet.http.HttpServlet.service(HttpServlet.java:742)
	at org.apache.catalina.core.ApplicationFilterChain.internalDoFilter(ApplicationFilterChain.java:231)
	at org.apache.catalina.core.ApplicationFilterChain.doFilter(ApplicationFilterChain.java:166)
	at org.apache.tomcat.websocket.server.WsFilter.doFilter(WsFilter.java:52)
	at org.apache.catalina.core.ApplicationFilterChain.internalDoFilter(ApplicationFilterChain.java:193)
	at org.apache.catalina.core.ApplicationFilterChain.doFilter(ApplicationFilterChain.java:166)
	at org.springframework.web.filter.RequestContextFilter.doFilterInternal(RequestContextFilter.java:99)
	at org.springframework.web.filter.OncePerRequestFilter.doFilter(OncePerRequestFilter.java:107)
	at org.apache.catalina.core.ApplicationFilterChain.internalDoFilter(ApplicationFilterChain.java:193)
	at org.apache.catalina.core.ApplicationFilterChain.doFilter(ApplicationFilterChain.java:166)
	at org.springframework.web.filter.HttpPutFormContentFilter.doFilterInternal(HttpPutFormContentFilter.java:105)
	at org.springframework.web.filter.OncePerRequestFilter.doFilter(OncePerRequestFilter.java:107)
	at org.apache.catalina.core.ApplicationFilterChain.internalDoFilter(ApplicationFilterChain.java:193)
	at org.apache.catalina.core.ApplicationFilterChain.doFilter(ApplicationFilterChain.java:166)
	at org.springframework.web.filter.HiddenHttpMethodFilter.doFilterInternal(HiddenHttpMethodFilter.java:81)
	at org.springframework.web.filter.OncePerRequestFilter.doFilter(OncePerRequestFilter.java:107)
	at org.apache.catalina.core.ApplicationFilterChain.internalDoFilter(ApplicationFilterChain.java:193)
	at org.apache.catalina.core.ApplicationFilterChain.doFilter(ApplicationFilterChain.java:166)
	at org.springframework.web.filter.CharacterEncodingFilter.doFilterInternal(CharacterEncodingFilter.java:197)
	at org.springframework.web.filter.OncePerRequestFilter.doFilter(OncePerRequestFilter.java:107)
	at org.apache.catalina.core.ApplicationFilterChain.internalDoFilter(ApplicationFilterChain.java:193)
	at org.apache.catalina.core.ApplicationFilterChain.doFilter(ApplicationFilterChain.java:166)
	at org.apache.catalina.core.StandardWrapperValve.invoke(StandardWrapperValve.java:198)
	at org.apache.catalina.core.StandardContextValve.invoke(StandardContextValve.java:96)
	at org.apache.catalina.authenticator.AuthenticatorBase.invoke(AuthenticatorBase.java:478)
	at org.apache.catalina.core.StandardHostValve.invoke(StandardHostValve.java:140)
	at org.apache.catalina.valves.ErrorReportValve.invoke(ErrorReportValve.java:80)
	at org.apache.catalina.core.StandardEngineValve.invoke(StandardEngineValve.java:87)
	at org.apache.catalina.connector.CoyoteAdapter.service(CoyoteAdapter.java:342)
	at org.apache.coyote.http11.Http11Processor.service(Http11Processor.java:799)
	at org.apache.coyote.AbstractProcessorLight.process(AbstractProcessorLight.java:66)
	at org.apache.coyote.AbstractProtocol$ConnectionHandler.process(AbstractProtocol.java:861)
	at org.apache.tomcat.util.net.NioEndpoint$SocketProcessor.doRun(NioEndpoint.java:1455)
	at org.apache.tomcat.util.net.SocketProcessorBase.run(SocketProcessorBase.java:49)
	at java.util.concurrent.ThreadPoolExecutor.runWorker(ThreadPoolExecutor.java:1149)
	at java.util.concurrent.ThreadPoolExecutor$Worker.run(ThreadPoolExecutor.java:624)
	at org.apache.tomcat.util.threads.TaskThread$WrappingRunnable.run(TaskThread.java:61)
	at java.lang.Thread.run(Thread.java:748)
2020-11-01 14:43:19 -<==      Total: 1
2020-11-01 14:43:19 -Servlet.service() for servlet [dispatcherServlet] in context with path [] threw exception [Request processing failed; nested exception is java.lang.RuntimeException: 401] with root cause
java.lang.RuntimeException: 401
	at cn.org.test.Interceptor.AuthenticationInterceptor.preHandle(AuthenticationInterceptor.java:69)
	at org.springframework.web.servlet.HandlerExecutionChain.applyPreHandle(HandlerExecutionChain.java:134)
	at org.springframework.web.servlet.DispatcherServlet.doDispatch(DispatcherServlet.java:958)
	at org.springframework.web.servlet.DispatcherServlet.doService(DispatcherServlet.java:897)
	at org.springframework.web.servlet.FrameworkServlet.processRequest(FrameworkServlet.java:970)
	at org.springframework.web.servlet.FrameworkServlet.doGet(FrameworkServlet.java:861)
	at javax.servlet.http.HttpServlet.service(HttpServlet.java:635)
	at org.springframework.web.servlet.FrameworkServlet.service(FrameworkServlet.java:846)
	at javax.servlet.http.HttpServlet.service(HttpServlet.java:742)
	at org.apache.catalina.core.ApplicationFilterChain.internalDoFilter(ApplicationFilterChain.java:231)
	at org.apache.catalina.core.ApplicationFilterChain.doFilter(ApplicationFilterChain.java:166)
	at org.apache.tomcat.websocket.server.WsFilter.doFilter(WsFilter.java:52)
	at org.apache.catalina.core.ApplicationFilterChain.internalDoFilter(ApplicationFilterChain.java:193)
	at org.apache.catalina.core.ApplicationFilterChain.doFilter(ApplicationFilterChain.java:166)
	at org.springframework.web.filter.RequestContextFilter.doFilterInternal(RequestContextFilter.java:99)
	at org.springframework.web.filter.OncePerRequestFilter.doFilter(OncePerRequestFilter.java:107)
	at org.apache.catalina.core.ApplicationFilterChain.internalDoFilter(ApplicationFilterChain.java:193)
	at org.apache.catalina.core.ApplicationFilterChain.doFilter(ApplicationFilterChain.java:166)
	at org.springframework.web.filter.HttpPutFormContentFilter.doFilterInternal(HttpPutFormContentFilter.java:105)
	at org.springframework.web.filter.OncePerRequestFilter.doFilter(OncePerRequestFilter.java:107)
	at org.apache.catalina.core.ApplicationFilterChain.internalDoFilter(ApplicationFilterChain.java:193)
	at org.apache.catalina.core.ApplicationFilterChain.doFilter(ApplicationFilterChain.java:166)
	at org.springframework.web.filter.HiddenHttpMethodFilter.doFilterInternal(HiddenHttpMethodFilter.java:81)
	at org.springframework.web.filter.OncePerRequestFilter.doFilter(OncePerRequestFilter.java:107)
	at org.apache.catalina.core.ApplicationFilterChain.internalDoFilter(ApplicationFilterChain.java:193)
	at org.apache.catalina.core.ApplicationFilterChain.doFilter(ApplicationFilterChain.java:166)
	at org.springframework.web.filter.CharacterEncodingFilter.doFilterInternal(CharacterEncodingFilter.java:197)
	at org.springframework.web.filter.OncePerRequestFilter.doFilter(OncePerRequestFilter.java:107)
	at org.apache.catalina.core.ApplicationFilterChain.internalDoFilter(ApplicationFilterChain.java:193)
	at org.apache.catalina.core.ApplicationFilterChain.doFilter(ApplicationFilterChain.java:166)
	at org.apache.catalina.core.StandardWrapperValve.invoke(StandardWrapperValve.java:198)
	at org.apache.catalina.core.StandardContextValve.invoke(StandardContextValve.java:96)
	at org.apache.catalina.authenticator.AuthenticatorBase.invoke(AuthenticatorBase.java:478)
	at org.apache.catalina.core.StandardHostValve.invoke(StandardHostValve.java:140)
	at org.apache.catalina.valves.ErrorReportValve.invoke(ErrorReportValve.java:80)
	at org.apache.catalina.core.StandardEngineValve.invoke(StandardEngineValve.java:87)
	at org.apache.catalina.connector.CoyoteAdapter.service(CoyoteAdapter.java:342)
	at org.apache.coyote.http11.Http11Processor.service(Http11Processor.java:799)
	at org.apache.coyote.AbstractProcessorLight.process(AbstractProcessorLight.java:66)
	at org.apache.coyote.AbstractProtocol$ConnectionHandler.process(AbstractProtocol.java:861)
	at org.apache.tomcat.util.net.NioEndpoint$SocketProcessor.doRun(NioEndpoint.java:1455)
	at org.apache.tomcat.util.net.SocketProcessorBase.run(SocketProcessorBase.java:49)
	at java.util.concurrent.ThreadPoolExecutor.runWorker(ThreadPoolExecutor.java:1149)
	at java.util.concurrent.ThreadPoolExecutor$Worker.run(ThreadPoolExecutor.java:624)
	at org.apache.tomcat.util.threads.TaskThread$WrappingRunnable.run(TaskThread.java:61)
	at java.lang.Thread.run(Thread.java:748)
2020-11-01 14:43:19 -<==      Total: 4
2020-11-01 14:55:47 -==>  Preparing: SELECT * from semester 
2020-11-01 14:55:47 -==> Parameters: 
2020-11-01 14:55:47 -==>  Preparing: SELECT * from grade 
2020-11-01 14:55:47 -==> Parameters: 
2020-11-01 14:55:47 -==>  Preparing: SELECT * from USER where id = ? 
2020-11-01 14:55:47 -==> Parameters: 2(Integer)
2020-11-01 14:55:47 -<==      Total: 1
2020-11-01 14:55:47 -<==      Total: 7
2020-11-01 14:55:47 -<==      Total: 4
2020-11-01 14:55:47 -Servlet.service() for servlet [dispatcherServlet] in context with path [] threw exception [Request processing failed; nested exception is java.lang.RuntimeException: 401] with root cause
java.lang.RuntimeException: 401
	at cn.org.test.Interceptor.AuthenticationInterceptor.preHandle(AuthenticationInterceptor.java:69)
	at org.springframework.web.servlet.HandlerExecutionChain.applyPreHandle(HandlerExecutionChain.java:134)
	at org.springframework.web.servlet.DispatcherServlet.doDispatch(DispatcherServlet.java:958)
	at org.springframework.web.servlet.DispatcherServlet.doService(DispatcherServlet.java:897)
	at org.springframework.web.servlet.FrameworkServlet.processRequest(FrameworkServlet.java:970)
	at org.springframework.web.servlet.FrameworkServlet.doGet(FrameworkServlet.java:861)
	at javax.servlet.http.HttpServlet.service(HttpServlet.java:635)
	at org.springframework.web.servlet.FrameworkServlet.service(FrameworkServlet.java:846)
	at javax.servlet.http.HttpServlet.service(HttpServlet.java:742)
	at org.apache.catalina.core.ApplicationFilterChain.internalDoFilter(ApplicationFilterChain.java:231)
	at org.apache.catalina.core.ApplicationFilterChain.doFilter(ApplicationFilterChain.java:166)
	at org.apache.tomcat.websocket.server.WsFilter.doFilter(WsFilter.java:52)
	at org.apache.catalina.core.ApplicationFilterChain.internalDoFilter(ApplicationFilterChain.java:193)
	at org.apache.catalina.core.ApplicationFilterChain.doFilter(ApplicationFilterChain.java:166)
	at org.springframework.web.filter.RequestContextFilter.doFilterInternal(RequestContextFilter.java:99)
	at org.springframework.web.filter.OncePerRequestFilter.doFilter(OncePerRequestFilter.java:107)
	at org.apache.catalina.core.ApplicationFilterChain.internalDoFilter(ApplicationFilterChain.java:193)
	at org.apache.catalina.core.ApplicationFilterChain.doFilter(ApplicationFilterChain.java:166)
	at org.springframework.web.filter.HttpPutFormContentFilter.doFilterInternal(HttpPutFormContentFilter.java:105)
	at org.springframework.web.filter.OncePerRequestFilter.doFilter(OncePerRequestFilter.java:107)
	at org.apache.catalina.core.ApplicationFilterChain.internalDoFilter(ApplicationFilterChain.java:193)
	at org.apache.catalina.core.ApplicationFilterChain.doFilter(ApplicationFilterChain.java:166)
	at org.springframework.web.filter.HiddenHttpMethodFilter.doFilterInternal(HiddenHttpMethodFilter.java:81)
	at org.springframework.web.filter.OncePerRequestFilter.doFilter(OncePerRequestFilter.java:107)
	at org.apache.catalina.core.ApplicationFilterChain.internalDoFilter(ApplicationFilterChain.java:193)
	at org.apache.catalina.core.ApplicationFilterChain.doFilter(ApplicationFilterChain.java:166)
	at org.springframework.web.filter.CharacterEncodingFilter.doFilterInternal(CharacterEncodingFilter.java:197)
	at org.springframework.web.filter.OncePerRequestFilter.doFilter(OncePerRequestFilter.java:107)
	at org.apache.catalina.core.ApplicationFilterChain.internalDoFilter(ApplicationFilterChain.java:193)
	at org.apache.catalina.core.ApplicationFilterChain.doFilter(ApplicationFilterChain.java:166)
	at org.apache.catalina.core.StandardWrapperValve.invoke(StandardWrapperValve.java:198)
	at org.apache.catalina.core.StandardContextValve.invoke(StandardContextValve.java:96)
	at org.apache.catalina.authenticator.AuthenticatorBase.invoke(AuthenticatorBase.java:478)
	at org.apache.catalina.core.StandardHostValve.invoke(StandardHostValve.java:140)
	at org.apache.catalina.valves.ErrorReportValve.invoke(ErrorReportValve.java:80)
	at org.apache.catalina.core.StandardEngineValve.invoke(StandardEngineValve.java:87)
	at org.apache.catalina.connector.CoyoteAdapter.service(CoyoteAdapter.java:342)
	at org.apache.coyote.http11.Http11Processor.service(Http11Processor.java:799)
	at org.apache.coyote.AbstractProcessorLight.process(AbstractProcessorLight.java:66)
	at org.apache.coyote.AbstractProtocol$ConnectionHandler.process(AbstractProtocol.java:861)
	at org.apache.tomcat.util.net.NioEndpoint$SocketProcessor.doRun(NioEndpoint.java:1455)
	at org.apache.tomcat.util.net.SocketProcessorBase.run(SocketProcessorBase.java:49)
	at java.util.concurrent.ThreadPoolExecutor.runWorker(ThreadPoolExecutor.java:1149)
	at java.util.concurrent.ThreadPoolExecutor$Worker.run(ThreadPoolExecutor.java:624)
	at org.apache.tomcat.util.threads.TaskThread$WrappingRunnable.run(TaskThread.java:61)
	at java.lang.Thread.run(Thread.java:748)
2020-11-01 14:56:52 -Closing org.springframework.boot.context.embedded.AnnotationConfigEmbeddedWebApplicationContext@6e0dec4a: startup date [Fri Oct 30 20:33:19 CST 2020]; root of context hierarchy
2020-11-01 14:56:52 -Unregistering JMX-exposed beans on shutdown
2020-11-01 14:56:57 -Starting SpringBootUserApplication on lyy-inspiron-5488 with PID 28074 (/home/lyy/IdeaProjects/com.lyy/blog/target/classes started by lyy in /home/lyy/IdeaProjects/com.lyy/blog)
2020-11-01 14:56:57 -No active profile set, falling back to default profiles: default
2020-11-01 14:56:57 -Refreshing org.springframework.boot.context.embedded.AnnotationConfigEmbeddedWebApplicationContext@6e0dec4a: startup date [Sun Nov 01 14:56:57 CST 2020]; root of context hierarchy
2020-11-01 14:56:57 -Multiple Spring Data modules found, entering strict repository configuration mode!
2020-11-01 14:56:58 -Tomcat initialized with port(s): 8080 (http)
2020-11-01 14:56:58 -Root WebApplicationContext: initialization completed in 1245 ms
2020-11-01 14:56:58 -Mapping servlet: 'dispatcherServlet' to [/]
2020-11-01 14:56:58 -Mapping filter: 'characterEncodingFilter' to: [/*]
2020-11-01 14:56:58 -Mapping filter: 'hiddenHttpMethodFilter' to: [/*]
2020-11-01 14:56:58 -Mapping filter: 'httpPutFormContentFilter' to: [/*]
2020-11-01 14:56:58 -Mapping filter: 'requestContextFilter' to: [/*]
2020-11-01 14:56:59 -Looking for @ControllerAdvice: org.springframework.boot.context.embedded.AnnotationConfigEmbeddedWebApplicationContext@6e0dec4a: startup date [Sun Nov 01 14:56:57 CST 2020]; root of context hierarchy
2020-11-01 14:56:59 -Mapped "{[/admin/allApplyCreList],methods=[GET]}" onto public cn.org.test.common.ServerResponse cn.org.test.controller.AdminController.getCreList(javax.servlet.http.HttpServletResponse)
2020-11-01 14:56:59 -Mapped "{[/admin/dealCreApply],methods=[POST]}" onto public cn.org.test.common.ServerResponse cn.org.test.controller.AdminController.dealCreApply(java.lang.Integer,java.lang.Integer,javax.servlet.http.HttpServletResponse)
2020-11-01 14:56:59 -Mapped "{[/course/semesterList],methods=[GET]}" onto public cn.org.test.common.ServerResponse cn.org.test.controller.CourseController.getSemesterList(javax.servlet.http.HttpServletResponse)
2020-11-01 14:56:59 -Mapped "{[/course/createApply],methods=[POST]}" onto public cn.org.test.common.ServerResponse cn.org.test.controller.CourseController.createApply(cn.org.test.req.CreateCourseReq,javax.servlet.http.HttpServletResponse)
2020-11-01 14:56:59 -Mapped "{[/course/gradeList],methods=[GET]}" onto public cn.org.test.common.ServerResponse cn.org.test.controller.CourseController.getGradeList(javax.servlet.http.HttpServletResponse)
2020-11-01 14:56:59 -Mapped "{[/tch/applyCreList],methods=[GET]}" onto public cn.org.test.common.ServerResponse cn.org.test.controller.TeacherController.getCreList(java.lang.Integer,javax.servlet.http.HttpServletResponse)
2020-11-01 14:56:59 -Mapped "{[/tch/getCoursesList],methods=[GET]}" onto public cn.org.test.common.ServerResponse cn.org.test.controller.TeacherController.getCoursesList(java.lang.Integer,javax.servlet.http.HttpServletResponse)
2020-11-01 14:56:59 -Mapped "{[/tch/creClassApply],methods=[POST]}" onto public cn.org.test.common.ServerResponse cn.org.test.controller.TeacherController.creClassApply(cn.org.test.req.CreateClassReq,javax.servlet.http.HttpServletResponse)
2020-11-01 14:56:59 -Mapped "{[/tch/applyCreClassList],methods=[GET]}" onto public cn.org.test.common.ServerResponse cn.org.test.controller.TeacherController.getCreClassList(java.lang.Integer,javax.servlet.http.HttpServletResponse)
2020-11-01 14:56:59 -Mapped "{[/user/loginPwd],methods=[POST]}" onto public cn.org.test.common.ServerResponse cn.org.test.controller.UserController.loginPwd(java.lang.String,java.lang.String,javax.servlet.http.HttpServletResponse) throws java.io.UnsupportedEncodingException
2020-11-01 14:56:59 -Mapped "{[/user/registerStudent],methods=[POST]}" onto public cn.org.test.common.ServerResponse<cn.org.test.pojo.User> cn.org.test.controller.UserController.registerStudent(cn.org.test.req.RegisterReq,javax.servlet.http.HttpServletRequest)
2020-11-01 14:56:59 -Mapped "{[/user/getMessage],methods=[GET]}" onto public cn.org.test.common.ServerResponse cn.org.test.controller.UserController.getMessage()
2020-11-01 14:56:59 -Mapped "{[/user/verify],methods=[POST]}" onto public cn.org.test.common.ServerResponse<java.lang.String> cn.org.test.controller.UserController.verify(java.lang.String,javax.servlet.http.HttpServletRequest)
2020-11-01 14:56:59 -Mapped "{[/error],produces=[text/html]}" onto public org.springframework.web.servlet.ModelAndView org.springframework.boot.autoconfigure.web.BasicErrorController.errorHtml(javax.servlet.http.HttpServletRequest,javax.servlet.http.HttpServletResponse)
2020-11-01 14:56:59 -Mapped "{[/error]}" onto public org.springframework.http.ResponseEntity<java.util.Map<java.lang.String, java.lang.Object>> org.springframework.boot.autoconfigure.web.BasicErrorController.error(javax.servlet.http.HttpServletRequest)
2020-11-01 14:56:59 -Mapped URL path [/webjars/**] onto handler of type [class org.springframework.web.servlet.resource.ResourceHttpRequestHandler]
2020-11-01 14:56:59 -Mapped URL path [/**] onto handler of type [class org.springframework.web.servlet.resource.ResourceHttpRequestHandler]
2020-11-01 14:56:59 -Mapped URL path [/**/favicon.ico] onto handler of type [class org.springframework.web.servlet.resource.ResourceHttpRequestHandler]
2020-11-01 14:56:59 -Registering beans for JMX exposure on startup
2020-11-01 14:56:59 -Tomcat started on port(s): 8080 (http)
2020-11-01 14:56:59 -Started SpringBootUserApplication in 2.433 seconds (JVM running for 2.887)
2020-11-01 14:57:25 -FrameworkServlet 'dispatcherServlet': initialization started
2020-11-01 14:57:25 -FrameworkServlet 'dispatcherServlet': initialization completed in 8 ms
2020-11-01 14:57:29 -==>  Preparing: SELECT * from USER where address = ? 
2020-11-01 14:57:29 -==> Parameters: 1653611386@qq.com(String)
2020-11-01 14:57:29 -<==      Total: 1
2020-11-01 14:57:29 -==>  Preparing: SELECT * from USER where address = ? 
2020-11-01 14:57:29 -==> Parameters: 1653611386@qq.com(String)
2020-11-01 14:57:29 -<==      Total: 1
2020-11-01 14:57:33 -==>  Preparing: SELECT * from semester 
2020-11-01 14:57:33 -==> Parameters: 
2020-11-01 14:57:33 -==>  Preparing: SELECT * from grade 
2020-11-01 14:57:33 -==> Parameters: 
2020-11-01 14:57:33 -<==      Total: 4
2020-11-01 14:57:33 -==>  Preparing: SELECT * from USER where id = ? 
2020-11-01 14:57:33 -==> Parameters: 2(Integer)
2020-11-01 14:57:33 -<==      Total: 7
2020-11-01 14:57:33 -==>  Preparing: SELECT * from USER where id = ? 
2020-11-01 14:57:33 -==> Parameters: 2(Integer)
2020-11-01 14:57:33 -<==      Total: 1
2020-11-01 14:57:33 -<==      Total: 1
2020-11-01 14:57:33 -==>  Preparing: SELECT * from course WHERE teacherId = ? 
2020-11-01 14:57:33 -==> Parameters: 2(Integer)
2020-11-01 14:57:33 -==>  Preparing: SELECT * from createClassApplication WHERE teacherId = ? 
2020-11-01 14:57:33 -==> Parameters: 2(Integer)
2020-11-01 14:57:33 -<==      Total: 2
2020-11-01 14:57:33 -<==      Total: 3
2020-11-01 14:58:08 -==>  Preparing: SELECT * from USER where id = ? 
2020-11-01 14:58:08 -==> Parameters: 2(Integer)
2020-11-01 14:58:08 -<==      Total: 1
2020-11-01 14:58:08 -==>  Preparing: SELECT * from course WHERE id = ? 
2020-11-01 14:58:08 -==> Parameters: 2(Integer)
2020-11-01 14:58:08 -<==      Total: 1
2020-11-01 14:58:08 -==>  Preparing: SELECT * from grade WHERE id = ? 
2020-11-01 14:58:08 -==> Parameters: 3(Integer)
2020-11-01 14:58:08 -<==      Total: 1
2020-11-01 14:58:08 -==>  Preparing: SELECT * from semester where id = ? 
2020-11-01 14:58:08 -==> Parameters: 2(Integer)
2020-11-01 14:58:08 -<==      Total: 1
2020-11-01 14:58:09 -==>  Preparing: INSERT into createClassApplication(teacherId,courseId,courseName,startDate,endDate,semesterId,semesterName,gradeId,gradeName,maxNum,status,createDate) values( ?, ?, ?, ?, ?, ?, ?, ?, ?, ?, ?, ? ) 
2020-11-01 14:58:09 -==> Parameters: 2(Integer), 2(Integer), 测试课程4(String), 2020-12-01 00:00:00.0(Timestamp), 2020-12-04 00:00:00.0(Timestamp), 2(Integer), 2019-2020学年 第2学期(String), 3(Integer), 本科生三年级(String), 22(Integer), 0(Integer), 2020-11-01 14:58:09.001(Timestamp)
2020-11-01 14:58:09 -<==    Updates: 1
2020-11-01 14:58:09 -==>  Preparing: SELECT * from USER where id = ? 
2020-11-01 14:58:09 -==> Parameters: 2(Integer)
2020-11-01 14:58:09 -<==      Total: 1
2020-11-01 14:58:09 -==>  Preparing: SELECT * from createClassApplication WHERE teacherId = ? 
2020-11-01 14:58:09 -==> Parameters: 2(Integer)
2020-11-01 14:58:09 -<==      Total: 4
2020-11-01 14:58:28 -==>  Preparing: SELECT t1.id id,user_name,name,reason,createDate,status,finishDate from SC2.createApplication t1 left join SC2.USER t2 on t2.id = t1.teacherId order by createDate desc; 
2020-11-01 14:58:28 -==> Parameters: 
2020-11-01 14:58:28 -<==      Total: 4
2020-11-01 14:58:33 -==>  Preparing: SELECT t1.id id,user_name,name,reason,createDate,status,finishDate from SC2.createApplication t1 left join SC2.USER t2 on t2.id = t1.teacherId order by createDate desc; 
2020-11-01 14:58:33 -==> Parameters: 
2020-11-01 14:58:33 -<==      Total: 4
