2020-11-14 08:21:50 -Starting SpringBootUserApplication on lyy-inspiron-5488 with PID 24133 (/home/lyy/IdeaProjects/com.lyy/blog/target/classes started by lyy in /home/lyy/IdeaProjects/com.lyy/blog)
2020-11-14 08:21:50 -No active profile set, falling back to default profiles: default
2020-11-14 08:21:50 -Refreshing org.springframework.boot.context.embedded.AnnotationConfigEmbeddedWebApplicationContext@78e117e3: startup date [Sat Nov 14 08:21:50 CST 2020]; root of context hierarchy
2020-11-14 08:21:51 -Multiple Spring Data modules found, entering strict repository configuration mode!
2020-11-14 08:21:52 -Tomcat initialized with port(s): 8080 (http)
2020-11-14 08:21:52 -Root WebApplicationContext: initialization completed in 1342 ms
2020-11-14 08:21:52 -Mapping servlet: 'dispatcherServlet' to [/]
2020-11-14 08:21:52 -Mapping filter: 'characterEncodingFilter' to: [/*]
2020-11-14 08:21:52 -Mapping filter: 'hiddenHttpMethodFilter' to: [/*]
2020-11-14 08:21:52 -Mapping filter: 'httpPutFormContentFilter' to: [/*]
2020-11-14 08:21:52 -Mapping filter: 'requestContextFilter' to: [/*]
2020-11-14 08:21:52 -Looking for @ControllerAdvice: org.springframework.boot.context.embedded.AnnotationConfigEmbeddedWebApplicationContext@78e117e3: startup date [Sat Nov 14 08:21:50 CST 2020]; root of context hierarchy
2020-11-14 08:21:52 -Mapped "{[/admin/allApplyCreList],methods=[GET]}" onto public cn.org.test.common.ServerResponse cn.org.test.controller.AdminController.getCreList(javax.servlet.http.HttpServletResponse)
2020-11-14 08:21:52 -Mapped "{[/admin/allApplyCreClassList],methods=[GET]}" onto public cn.org.test.common.ServerResponse cn.org.test.controller.AdminController.getCreClassList(javax.servlet.http.HttpServletResponse)
2020-11-14 08:21:52 -Mapped "{[/admin/dealCreApply],methods=[POST]}" onto public cn.org.test.common.ServerResponse cn.org.test.controller.AdminController.dealCreApply(java.lang.Integer,java.lang.Integer,javax.servlet.http.HttpServletResponse)
2020-11-14 08:21:52 -Mapped "{[/admin/dealCreClassApply],methods=[POST]}" onto public cn.org.test.common.ServerResponse cn.org.test.controller.AdminController.dealCreClassApply(java.lang.Integer,java.lang.Integer,javax.servlet.http.HttpServletResponse)
2020-11-14 08:21:52 -Mapped "{[/course/courseWareDownload],methods=[GET]}" onto public cn.org.test.common.ServerResponse cn.org.test.controller.CourseController.download(javax.servlet.http.HttpServletRequest,javax.servlet.http.HttpServletResponse,java.lang.Integer,java.lang.String) throws java.io.FileNotFoundException,java.io.IOException,java.io.UnsupportedEncodingException
2020-11-14 08:21:52 -Mapped "{[/course/taskWareDownload],methods=[GET]}" onto public cn.org.test.common.ServerResponse cn.org.test.controller.CourseController.taskWareDownload(javax.servlet.http.HttpServletRequest,javax.servlet.http.HttpServletResponse,java.lang.Integer,java.lang.String) throws java.io.FileNotFoundException,java.io.IOException,java.io.UnsupportedEncodingException
2020-11-14 08:21:52 -Mapped "{[/course/taskDownload],methods=[GET]}" onto public cn.org.test.common.ServerResponse cn.org.test.controller.CourseController.taskDownload(javax.servlet.http.HttpServletRequest,javax.servlet.http.HttpServletResponse,java.lang.Integer,java.lang.String) throws java.io.FileNotFoundException,java.io.IOException,java.io.UnsupportedEncodingException
2020-11-14 08:21:52 -Mapped "{[/course/semesterList],methods=[GET]}" onto public cn.org.test.common.ServerResponse cn.org.test.controller.CourseController.getSemesterList(javax.servlet.http.HttpServletResponse)
2020-11-14 08:21:52 -Mapped "{[/course/gradeList],methods=[GET]}" onto public cn.org.test.common.ServerResponse cn.org.test.controller.CourseController.getGradeList(javax.servlet.http.HttpServletResponse)
2020-11-14 08:21:52 -Mapped "{[/course/createApply],methods=[POST]}" onto public cn.org.test.common.ServerResponse cn.org.test.controller.CourseController.createApply(cn.org.test.req.CreateCourseReq,javax.servlet.http.HttpServletResponse)
2020-11-14 08:21:52 -Mapped "{[/stu/selectClass],methods=[POST]}" onto public cn.org.test.common.ServerResponse cn.org.test.controller.StudentController.selectClass(java.lang.Integer,java.lang.Integer)
2020-11-14 08:21:52 -Mapped "{[/stu/disSelectClass],methods=[POST]}" onto public cn.org.test.common.ServerResponse cn.org.test.controller.StudentController.disSelectClass(java.lang.Integer,java.lang.Integer)
2020-11-14 08:21:52 -Mapped "{[/stu/selectClassList],methods=[GET]}" onto public cn.org.test.common.ServerResponse cn.org.test.controller.StudentController.selectClassList()
2020-11-14 08:21:52 -Mapped "{[/stu/getSelectedCourses],methods=[GET]}" onto public cn.org.test.common.ServerResponse cn.org.test.controller.StudentController.getSelectedCourses(java.lang.Integer)
2020-11-14 08:21:52 -Mapped "{[/stu/getClassesList],methods=[GET]}" onto public cn.org.test.common.ServerResponse cn.org.test.controller.StudentController.getClassesList(java.lang.Integer)
2020-11-14 08:21:52 -Mapped "{[/stu/getTaskList],methods=[GET]}" onto public cn.org.test.common.ServerResponse cn.org.test.controller.StudentController.getTaskList(java.lang.Integer)
2020-11-14 08:21:52 -Mapped "{[/stu/uploadTask],methods=[POST]}" onto public cn.org.test.common.ServerResponse cn.org.test.controller.StudentController.uploadTask(java.lang.Integer,org.springframework.web.multipart.MultipartFile,java.lang.Integer)
2020-11-14 08:21:52 -Mapped "{[/stu/getStuTaskDetail],methods=[GET]}" onto public cn.org.test.common.ServerResponse cn.org.test.controller.StudentController.getStuTaskDetail(java.lang.Integer,java.lang.Integer)
2020-11-14 08:21:52 -Mapped "{[/tch/applyCreList],methods=[GET]}" onto public cn.org.test.common.ServerResponse cn.org.test.controller.TeacherController.getCreList(java.lang.Integer,javax.servlet.http.HttpServletResponse)
2020-11-14 08:21:52 -Mapped "{[/tch/applyCreClassList],methods=[GET]}" onto public cn.org.test.common.ServerResponse cn.org.test.controller.TeacherController.getCreClassList(java.lang.Integer,javax.servlet.http.HttpServletResponse)
2020-11-14 08:21:52 -Mapped "{[/tch/getTaskList],methods=[GET]}" onto public cn.org.test.common.ServerResponse cn.org.test.controller.TeacherController.getTaskList(java.lang.Integer,javax.servlet.http.HttpServletResponse)
2020-11-14 08:21:52 -Mapped "{[/tch/uploadFile],methods=[POST]}" onto public cn.org.test.common.ServerResponse cn.org.test.controller.TeacherController.uploadFile(java.lang.Integer,org.springframework.web.multipart.MultipartFile[],javax.servlet.http.HttpServletRequest,javax.servlet.http.HttpServletResponse)
2020-11-14 08:21:52 -Mapped "{[/tch/getCoursesList],methods=[GET]}" onto public cn.org.test.common.ServerResponse cn.org.test.controller.TeacherController.getCoursesList(java.lang.Integer,javax.servlet.http.HttpServletResponse)
2020-11-14 08:21:52 -Mapped "{[/tch/creClassApply],methods=[POST]}" onto public cn.org.test.common.ServerResponse cn.org.test.controller.TeacherController.creClassApply(cn.org.test.req.CreateClassReq,javax.servlet.http.HttpServletResponse)
2020-11-14 08:21:52 -Mapped "{[/tch/getCourseDetail],methods=[GET]}" onto public cn.org.test.common.ServerResponse cn.org.test.controller.TeacherController.getCourseDetail(java.lang.Integer,javax.servlet.http.HttpServletResponse)
2020-11-14 08:21:52 -Mapped "{[/tch/getClassDetail],methods=[GET]}" onto public cn.org.test.common.ServerResponse cn.org.test.controller.TeacherController.getClassDetail(java.lang.Integer,javax.servlet.http.HttpServletResponse)
2020-11-14 08:21:52 -Mapped "{[/tch/createTask],methods=[POST]}" onto public cn.org.test.common.ServerResponse cn.org.test.controller.TeacherController.createTask(java.lang.Integer,org.springframework.web.multipart.MultipartFile[],java.lang.String,java.lang.String,java.lang.String,java.lang.String,javax.servlet.http.HttpServletRequest,javax.servlet.http.HttpServletResponse)
2020-11-14 08:21:52 -Mapped "{[/tch/getTaskDetail],methods=[GET]}" onto public cn.org.test.common.ServerResponse cn.org.test.controller.TeacherController.getTaskDetail(java.lang.Integer,javax.servlet.http.HttpServletResponse)
2020-11-14 08:21:52 -Mapped "{[/tch/getStuTaskStatus],methods=[GET]}" onto public cn.org.test.common.ServerResponse cn.org.test.controller.TeacherController.getStuTaskStatus(java.lang.Integer)
2020-11-14 08:21:52 -Mapped "{[/tch/downloadExcel],methods=[GET]}" onto public void cn.org.test.controller.TeacherController.downloadExcel(java.lang.Integer,java.lang.String,javax.servlet.http.HttpServletResponse) throws java.io.IOException
2020-11-14 08:21:52 -Mapped "{[/tch/uploadTaskScore],methods=[POST]}" onto public cn.org.test.common.ServerResponse cn.org.test.controller.TeacherController.uploadTaskScore(java.lang.Integer,org.springframework.web.multipart.MultipartFile,javax.servlet.http.HttpServletResponse) throws java.io.IOException
2020-11-14 08:21:52 -Mapped "{[/tch/deleteCourseWare],methods=[POST]}" onto public cn.org.test.common.ServerResponse cn.org.test.controller.TeacherController.deleteCourseWare(java.lang.Integer)
2020-11-14 08:21:52 -Mapped "{[/user/registerStudent],methods=[POST]}" onto public cn.org.test.common.ServerResponse<cn.org.test.pojo.User> cn.org.test.controller.UserController.registerStudent(cn.org.test.req.RegisterReq,javax.servlet.http.HttpServletRequest)
2020-11-14 08:21:52 -Mapped "{[/user/loginPwd],methods=[POST]}" onto public cn.org.test.common.ServerResponse cn.org.test.controller.UserController.loginPwd(java.lang.String,java.lang.String,java.lang.Integer,javax.servlet.http.HttpServletResponse) throws java.io.UnsupportedEncodingException
2020-11-14 08:21:52 -Mapped "{[/user/getMessage],methods=[GET]}" onto public cn.org.test.common.ServerResponse cn.org.test.controller.UserController.getMessage()
2020-11-14 08:21:52 -Mapped "{[/user/verify],methods=[POST]}" onto public cn.org.test.common.ServerResponse<java.lang.String> cn.org.test.controller.UserController.verify(java.lang.String,javax.servlet.http.HttpServletRequest)
2020-11-14 08:21:52 -Mapped "{[/error],produces=[text/html]}" onto public org.springframework.web.servlet.ModelAndView org.springframework.boot.autoconfigure.web.BasicErrorController.errorHtml(javax.servlet.http.HttpServletRequest,javax.servlet.http.HttpServletResponse)
2020-11-14 08:21:52 -Mapped "{[/error]}" onto public org.springframework.http.ResponseEntity<java.util.Map<java.lang.String, java.lang.Object>> org.springframework.boot.autoconfigure.web.BasicErrorController.error(javax.servlet.http.HttpServletRequest)
2020-11-14 08:21:52 -Mapped URL path [/webjars/**] onto handler of type [class org.springframework.web.servlet.resource.ResourceHttpRequestHandler]
2020-11-14 08:21:52 -Mapped URL path [/download/**] onto handler of type [class org.springframework.web.servlet.resource.ResourceHttpRequestHandler]
2020-11-14 08:21:52 -Mapped URL path [/**/favicon.ico] onto handler of type [class org.springframework.web.servlet.resource.ResourceHttpRequestHandler]
2020-11-14 08:21:53 -Registering beans for JMX exposure on startup
2020-11-14 08:21:53 -Tomcat started on port(s): 8080 (http)
2020-11-14 08:21:53 -Started SpringBootUserApplication in 2.907 seconds (JVM running for 3.548)
2020-11-14 08:22:46 -FrameworkServlet 'dispatcherServlet': initialization started
2020-11-14 08:22:46 -FrameworkServlet 'dispatcherServlet': initialization completed in 10 ms
2020-11-14 08:22:52 -==>  Preparing: SELECT * from USER where address = ? 
2020-11-14 08:22:52 -==> Parameters: 163(String)
2020-11-14 08:22:52 -<==      Total: 0
