2020-09-30 22:34:54 -==>  Preparing: SELECT * from USER where user_name = ? 
2020-09-30 22:34:54 -==> Parameters: 测试用户(String)
2020-09-30 22:34:54 -<==      Total: 1
2020-09-30 22:37:40 -Refreshing org.springframework.boot.context.embedded.AnnotationConfigEmbeddedWebApplicationContext@37918c79: startup date [Wed Sep 30 22:37:40 CST 2020]; root of context hierarchy
2020-09-30 22:37:41 -Tomcat initialized with port(s): 8080 (http)
2020-09-30 22:37:41 -Root WebApplicationContext: initialization completed in 801 ms
2020-09-30 22:37:41 -Mapping servlet: 'dispatcherServlet' to [/]
2020-09-30 22:37:41 -Mapping filter: 'characterEncodingFilter' to: [/*]
2020-09-30 22:37:41 -Mapping filter: 'hiddenHttpMethodFilter' to: [/*]
2020-09-30 22:37:41 -Mapping filter: 'httpPutFormContentFilter' to: [/*]
2020-09-30 22:37:41 -Mapping filter: 'requestContextFilter' to: [/*]
2020-09-30 22:37:42 -Looking for @ControllerAdvice: org.springframework.boot.context.embedded.AnnotationConfigEmbeddedWebApplicationContext@37918c79: startup date [Wed Sep 30 22:37:40 CST 2020]; root of context hierarchy
2020-09-30 22:37:42 -Mapped "{[/user/loginPwd]}" onto public cn.org.test.pojo.User cn.org.test.controller.UserController.loginPwd(java.lang.String,java.lang.String)
2020-09-30 22:37:42 -Mapped "{[/error],produces=[text/html]}" onto public org.springframework.web.servlet.ModelAndView org.springframework.boot.autoconfigure.web.BasicErrorController.errorHtml(javax.servlet.http.HttpServletRequest,javax.servlet.http.HttpServletResponse)
2020-09-30 22:37:42 -Mapped "{[/error]}" onto public org.springframework.http.ResponseEntity<java.util.Map<java.lang.String, java.lang.Object>> org.springframework.boot.autoconfigure.web.BasicErrorController.error(javax.servlet.http.HttpServletRequest)
2020-09-30 22:37:42 -Mapped URL path [/webjars/**] onto handler of type [class org.springframework.web.servlet.resource.ResourceHttpRequestHandler]
2020-09-30 22:37:42 -Mapped URL path [/**] onto handler of type [class org.springframework.web.servlet.resource.ResourceHttpRequestHandler]
2020-09-30 22:37:42 -Mapped URL path [/**/favicon.ico] onto handler of type [class org.springframework.web.servlet.resource.ResourceHttpRequestHandler]
2020-09-30 22:37:42 -Registering beans for JMX exposure on startup
2020-09-30 22:37:42 -Tomcat started on port(s): 8080 (http)
2020-09-30 22:37:53 -FrameworkServlet 'dispatcherServlet': initialization started
2020-09-30 22:37:53 -FrameworkServlet 'dispatcherServlet': initialization completed in 13 ms
2020-09-30 22:37:57 -==>  Preparing: SELECT * from USER where user_name = ? 
2020-09-30 22:37:57 -==> Parameters: 测试用户(String)
2020-09-30 22:37:57 -<==      Total: 1
2020-09-30 22:48:32 -Closing org.springframework.boot.context.embedded.AnnotationConfigEmbeddedWebApplicationContext@37918c79: startup date [Wed Sep 30 22:37:40 CST 2020]; root of context hierarchy
2020-09-30 22:48:32 -Unregistering JMX-exposed beans on shutdown
2020-09-30 22:48:41 -==>  Preparing: SELECT * from USER where user_name = ? 
2020-09-30 22:48:41 -==> Parameters: 测试用户(String)
2020-09-30 22:48:41 -<==      Total: 1
2020-09-30 22:49:14 -Refreshing org.springframework.boot.context.embedded.AnnotationConfigEmbeddedWebApplicationContext@37918c79: startup date [Wed Sep 30 22:49:14 CST 2020]; root of context hierarchy
2020-09-30 22:49:14 -Tomcat initialized with port(s): 8080 (http)
2020-09-30 22:49:14 -Root WebApplicationContext: initialization completed in 814 ms
2020-09-30 22:49:15 -Mapping servlet: 'dispatcherServlet' to [/]
2020-09-30 22:49:15 -Mapping filter: 'characterEncodingFilter' to: [/*]
2020-09-30 22:49:15 -Mapping filter: 'hiddenHttpMethodFilter' to: [/*]
2020-09-30 22:49:15 -Mapping filter: 'httpPutFormContentFilter' to: [/*]
2020-09-30 22:49:15 -Mapping filter: 'requestContextFilter' to: [/*]
2020-09-30 22:49:15 -Looking for @ControllerAdvice: org.springframework.boot.context.embedded.AnnotationConfigEmbeddedWebApplicationContext@37918c79: startup date [Wed Sep 30 22:49:14 CST 2020]; root of context hierarchy
2020-09-30 22:49:15 -Mapped "{[/user/loginPwd]}" onto public cn.org.test.pojo.User cn.org.test.controller.UserController.loginPwd(java.lang.String,java.lang.String)
2020-09-30 22:49:15 -Mapped "{[/error],produces=[text/html]}" onto public org.springframework.web.servlet.ModelAndView org.springframework.boot.autoconfigure.web.BasicErrorController.errorHtml(javax.servlet.http.HttpServletRequest,javax.servlet.http.HttpServletResponse)
2020-09-30 22:49:15 -Mapped "{[/error]}" onto public org.springframework.http.ResponseEntity<java.util.Map<java.lang.String, java.lang.Object>> org.springframework.boot.autoconfigure.web.BasicErrorController.error(javax.servlet.http.HttpServletRequest)
2020-09-30 22:49:15 -Mapped URL path [/webjars/**] onto handler of type [class org.springframework.web.servlet.resource.ResourceHttpRequestHandler]
2020-09-30 22:49:15 -Mapped URL path [/**] onto handler of type [class org.springframework.web.servlet.resource.ResourceHttpRequestHandler]
2020-09-30 22:49:15 -Mapped URL path [/**/favicon.ico] onto handler of type [class org.springframework.web.servlet.resource.ResourceHttpRequestHandler]
2020-09-30 22:49:15 -Registering beans for JMX exposure on startup
2020-09-30 22:49:15 -Tomcat started on port(s): 8080 (http)
2020-09-30 22:49:20 -FrameworkServlet 'dispatcherServlet': initialization started
2020-09-30 22:49:20 -FrameworkServlet 'dispatcherServlet': initialization completed in 11 ms
2020-09-30 22:49:23 -==>  Preparing: SELECT * from USER where user_name = ? 
2020-09-30 22:49:23 -==> Parameters: 测试用户(String)
2020-09-30 22:49:23 -<==      Total: 1
