2020-10-11 13:35:29 -Refreshing org.springframework.boot.context.embedded.AnnotationConfigEmbeddedWebApplicationContext@78e94dcf: startup date [Sun Oct 11 13:35:29 CST 2020]; root of context hierarchy
2020-10-11 13:35:30 -Tomcat initialized with port(s): 8080 (http)
2020-10-11 13:35:30 -Root WebApplicationContext: initialization completed in 955 ms
2020-10-11 13:35:30 -Mapping servlet: 'dispatcherServlet' to [/]
2020-10-11 13:35:30 -Mapping filter: 'characterEncodingFilter' to: [/*]
2020-10-11 13:35:30 -Mapping filter: 'hiddenHttpMethodFilter' to: [/*]
2020-10-11 13:35:30 -Mapping filter: 'httpPutFormContentFilter' to: [/*]
2020-10-11 13:35:30 -Mapping filter: 'requestContextFilter' to: [/*]
2020-10-11 13:35:30 -Looking for @ControllerAdvice: org.springframework.boot.context.embedded.AnnotationConfigEmbeddedWebApplicationContext@78e94dcf: startup date [Sun Oct 11 13:35:29 CST 2020]; root of context hierarchy
2020-10-11 13:35:31 -Mapped "{[/user/loginPwd],methods=[POST]}" onto public cn.org.test.pojo.User cn.org.test.controller.UserController.loginPwd(java.lang.String,java.lang.String)
2020-10-11 13:35:31 -Mapped "{[/error],produces=[text/html]}" onto public org.springframework.web.servlet.ModelAndView org.springframework.boot.autoconfigure.web.BasicErrorController.errorHtml(javax.servlet.http.HttpServletRequest,javax.servlet.http.HttpServletResponse)
2020-10-11 13:35:31 -Mapped "{[/error]}" onto public org.springframework.http.ResponseEntity<java.util.Map<java.lang.String, java.lang.Object>> org.springframework.boot.autoconfigure.web.BasicErrorController.error(javax.servlet.http.HttpServletRequest)
2020-10-11 13:35:31 -Mapped URL path [/webjars/**] onto handler of type [class org.springframework.web.servlet.resource.ResourceHttpRequestHandler]
2020-10-11 13:35:31 -Mapped URL path [/**] onto handler of type [class org.springframework.web.servlet.resource.ResourceHttpRequestHandler]
2020-10-11 13:35:31 -Mapped URL path [/**/favicon.ico] onto handler of type [class org.springframework.web.servlet.resource.ResourceHttpRequestHandler]
2020-10-11 13:35:31 -Registering beans for JMX exposure on startup
2020-10-11 13:35:31 -Tomcat started on port(s): 8080 (http)
2020-10-11 14:24:16 -Closing org.springframework.boot.context.embedded.AnnotationConfigEmbeddedWebApplicationContext@78e94dcf: startup date [Sun Oct 11 13:35:29 CST 2020]; root of context hierarchy
2020-10-11 14:24:16 -Unregistering JMX-exposed beans on shutdown
2020-10-11 14:24:23 -Refreshing org.springframework.boot.context.embedded.AnnotationConfigEmbeddedWebApplicationContext@78e94dcf: startup date [Sun Oct 11 14:24:23 CST 2020]; root of context hierarchy
2020-10-11 14:24:23 -Tomcat initialized with port(s): 8080 (http)
2020-10-11 14:24:24 -Root WebApplicationContext: initialization completed in 896 ms
2020-10-11 14:24:24 -Mapping servlet: 'dispatcherServlet' to [/]
2020-10-11 14:24:24 -Mapping filter: 'characterEncodingFilter' to: [/*]
2020-10-11 14:24:24 -Mapping filter: 'hiddenHttpMethodFilter' to: [/*]
2020-10-11 14:24:24 -Mapping filter: 'httpPutFormContentFilter' to: [/*]
2020-10-11 14:24:24 -Mapping filter: 'requestContextFilter' to: [/*]
2020-10-11 14:24:24 -Looking for @ControllerAdvice: org.springframework.boot.context.embedded.AnnotationConfigEmbeddedWebApplicationContext@78e94dcf: startup date [Sun Oct 11 14:24:23 CST 2020]; root of context hierarchy
2020-10-11 14:24:24 -Mapped "{[/user/loginPwd],methods=[POST]}" onto public cn.org.test.common.ServerResponse<cn.org.test.pojo.User> cn.org.test.controller.UserController.loginPwd(java.lang.String,java.lang.String)
2020-10-11 14:24:24 -Mapped "{[/error],produces=[text/html]}" onto public org.springframework.web.servlet.ModelAndView org.springframework.boot.autoconfigure.web.BasicErrorController.errorHtml(javax.servlet.http.HttpServletRequest,javax.servlet.http.HttpServletResponse)
2020-10-11 14:24:24 -Mapped "{[/error]}" onto public org.springframework.http.ResponseEntity<java.util.Map<java.lang.String, java.lang.Object>> org.springframework.boot.autoconfigure.web.BasicErrorController.error(javax.servlet.http.HttpServletRequest)
2020-10-11 14:24:24 -Mapped URL path [/webjars/**] onto handler of type [class org.springframework.web.servlet.resource.ResourceHttpRequestHandler]
2020-10-11 14:24:24 -Mapped URL path [/**] onto handler of type [class org.springframework.web.servlet.resource.ResourceHttpRequestHandler]
2020-10-11 14:24:24 -Mapped URL path [/**/favicon.ico] onto handler of type [class org.springframework.web.servlet.resource.ResourceHttpRequestHandler]
2020-10-11 14:24:24 -Registering beans for JMX exposure on startup
2020-10-11 14:24:24 -Tomcat started on port(s): 8080 (http)
2020-10-11 14:25:48 -FrameworkServlet 'dispatcherServlet': initialization started
2020-10-11 14:25:48 -FrameworkServlet 'dispatcherServlet': initialization completed in 8 ms
2020-10-11 14:25:52 -==>  Preparing: SELECT * from USER where user_name = ? 
2020-10-11 14:25:52 -==> Parameters: 测试(String)
2020-10-11 14:25:52 -<==      Total: 0
2020-10-11 15:43:45 -Closing org.springframework.boot.context.embedded.AnnotationConfigEmbeddedWebApplicationContext@78e94dcf: startup date [Sun Oct 11 14:24:23 CST 2020]; root of context hierarchy
2020-10-11 15:43:45 -Unregistering JMX-exposed beans on shutdown
2020-10-11 22:24:12 -Refreshing org.springframework.boot.context.embedded.AnnotationConfigEmbeddedWebApplicationContext@7219ec67: startup date [Sun Oct 11 22:24:12 CST 2020]; root of context hierarchy
2020-10-11 22:24:14 -Tomcat initialized with port(s): 8080 (http)
2020-10-11 22:24:14 -Root WebApplicationContext: initialization completed in 1344 ms
2020-10-11 22:24:14 -Mapping filter: 'characterEncodingFilter' to: [/*]
2020-10-11 22:24:14 -Mapping filter: 'hiddenHttpMethodFilter' to: [/*]
2020-10-11 22:24:14 -Mapping filter: 'httpPutFormContentFilter' to: [/*]
2020-10-11 22:24:14 -Mapping filter: 'requestContextFilter' to: [/*]
2020-10-11 22:24:14 -Mapping filter: 'springSecurityFilterChain' to: [/*]
2020-10-11 22:24:14 -Mapping servlet: 'dispatcherServlet' to [/]
2020-10-11 22:24:14 -Looking for @ControllerAdvice: org.springframework.boot.context.embedded.AnnotationConfigEmbeddedWebApplicationContext@7219ec67: startup date [Sun Oct 11 22:24:12 CST 2020]; root of context hierarchy
2020-10-11 22:24:15 -Mapped "{[/user/loginPwd],methods=[POST]}" onto public cn.org.test.common.ServerResponse<cn.org.test.pojo.User> cn.org.test.controller.UserController.loginPwd(java.lang.String,java.lang.String)
2020-10-11 22:24:15 -Mapped "{[/error],produces=[text/html]}" onto public org.springframework.web.servlet.ModelAndView org.springframework.boot.autoconfigure.web.BasicErrorController.errorHtml(javax.servlet.http.HttpServletRequest,javax.servlet.http.HttpServletResponse)
2020-10-11 22:24:15 -Mapped "{[/error]}" onto public org.springframework.http.ResponseEntity<java.util.Map<java.lang.String, java.lang.Object>> org.springframework.boot.autoconfigure.web.BasicErrorController.error(javax.servlet.http.HttpServletRequest)
2020-10-11 22:24:15 -Mapped URL path [/webjars/**] onto handler of type [class org.springframework.web.servlet.resource.ResourceHttpRequestHandler]
2020-10-11 22:24:15 -Mapped URL path [/**] onto handler of type [class org.springframework.web.servlet.resource.ResourceHttpRequestHandler]
2020-10-11 22:24:15 -Mapped URL path [/**/favicon.ico] onto handler of type [class org.springframework.web.servlet.resource.ResourceHttpRequestHandler]
2020-10-11 22:24:15 -

Using default security password: fbf7b7c9-9622-4124-9a02-929f1c397288

2020-10-11 22:24:15 -Creating filter chain: OrRequestMatcher [requestMatchers=[Ant [pattern='/css/**'], Ant [pattern='/js/**'], Ant [pattern='/images/**'], Ant [pattern='/webjars/**'], Ant [pattern='/**/favicon.ico'], Ant [pattern='/error']]], []
2020-10-11 22:24:15 -Creating filter chain: org.springframework.security.web.util.matcher.AnyRequestMatcher@1, [org.springframework.security.web.context.request.async.WebAsyncManagerIntegrationFilter@5c7668ba, org.springframework.security.web.context.SecurityContextPersistenceFilter@66213a0d, org.springframework.security.web.header.HeaderWriterFilter@27df0f3d, org.springframework.security.web.authentication.logout.LogoutFilter@381d7219, org.springframework.security.web.authentication.UsernamePasswordAuthenticationFilter@2d272b0d, org.springframework.security.web.savedrequest.RequestCacheAwareFilter@3cb8c8ce, org.springframework.security.web.servletapi.SecurityContextHolderAwareRequestFilter@615e3f51, org.springframework.security.web.authentication.rememberme.RememberMeAuthenticationFilter@13741d5a, org.springframework.security.web.authentication.AnonymousAuthenticationFilter@26221bad, org.springframework.security.web.session.SessionManagementFilter@44550792, org.springframework.security.web.access.ExceptionTranslationFilter@692e028d, org.springframework.security.web.access.intercept.FilterSecurityInterceptor@3b1ed14b]
2020-10-11 22:24:15 -Creating filter chain: OrRequestMatcher [requestMatchers=[Ant [pattern='/**']]], [org.springframework.security.web.context.request.async.WebAsyncManagerIntegrationFilter@468dda3e, org.springframework.security.web.context.SecurityContextPersistenceFilter@1000d54d, org.springframework.security.web.header.HeaderWriterFilter@3f702946, org.springframework.security.web.authentication.logout.LogoutFilter@2620e717, org.springframework.security.web.authentication.www.BasicAuthenticationFilter@7c8d5312, org.springframework.security.web.savedrequest.RequestCacheAwareFilter@3f4f5330, org.springframework.security.web.servletapi.SecurityContextHolderAwareRequestFilter@14b7786, org.springframework.security.web.authentication.AnonymousAuthenticationFilter@5527b211, org.springframework.security.web.session.SessionManagementFilter@42b6d0cc, org.springframework.security.web.access.ExceptionTranslationFilter@e042c99, org.springframework.security.web.access.intercept.FilterSecurityInterceptor@7cea0110]
2020-10-11 22:24:15 -Registering beans for JMX exposure on startup
2020-10-11 22:24:15 -Tomcat started on port(s): 8080 (http)
2020-10-11 22:24:46 -FrameworkServlet 'dispatcherServlet': initialization started
2020-10-11 22:24:46 -FrameworkServlet 'dispatcherServlet': initialization completed in 15 ms
2020-10-11 22:24:49 -==>  Preparing: SELECT * from USER where user_name = ? 
2020-10-11 22:24:49 -==> Parameters: 测试(String)
2020-10-11 22:24:49 -<==      Total: 0
2020-10-11 22:25:40 -==>  Preparing: SELECT * from USER where user_name = ? 
2020-10-11 22:25:40 -==> Parameters: 测试(String)
2020-10-11 22:25:40 -<==      Total: 0
